[2025-02-17T14:49:04.111+0000] {local_task_job_runner.py:123} INFO - ::group::Pre task execution logs
[2025-02-17T14:49:04.124+0000] {taskinstance.py:2613} INFO - Dependencies all met for dep_context=non-requeueable deps ti=<TaskInstance: kafka_streaming_process_pipeline.start_kafka_producers manual__2025-02-17T14:48:48.399218+00:00 [queued]>
[2025-02-17T14:49:04.130+0000] {taskinstance.py:2613} INFO - Dependencies all met for dep_context=requeueable deps ti=<TaskInstance: kafka_streaming_process_pipeline.start_kafka_producers manual__2025-02-17T14:48:48.399218+00:00 [queued]>
[2025-02-17T14:49:04.130+0000] {taskinstance.py:2866} INFO - Starting attempt 1 of 1
[2025-02-17T14:49:04.144+0000] {taskinstance.py:2889} INFO - Executing <Task(BashOperator): start_kafka_producers> on 2025-02-17 14:48:48.399218+00:00
[2025-02-17T14:49:04.149+0000] {standard_task_runner.py:104} INFO - Running: ['***', 'tasks', 'run', 'kafka_streaming_process_pipeline', 'start_kafka_producers', 'manual__2025-02-17T14:48:48.399218+00:00', '--job-id', '44', '--raw', '--subdir', 'DAGS_FOLDER/kafka_streaming_process.py', '--cfg-path', '/tmp/tmpdgwl8v__']
[2025-02-17T14:49:04.152+0000] {standard_task_runner.py:105} INFO - Job 44: Subtask start_kafka_producers
[2025-02-17T14:49:04.152+0000] {logging_mixin.py:190} WARNING - /home/***/.local/lib/python3.12/site-packages/***/task/task_runner/standard_task_runner.py:70 DeprecationWarning: This process (pid=513) is multi-threaded, use of fork() may lead to deadlocks in the child.
[2025-02-17T14:49:04.153+0000] {standard_task_runner.py:72} INFO - Started process 514 to run task
[2025-02-17T14:49:04.183+0000] {task_command.py:467} INFO - Running <TaskInstance: kafka_streaming_process_pipeline.start_kafka_producers manual__2025-02-17T14:48:48.399218+00:00 [running]> on host b6abba1bc830
[2025-02-17T14:49:04.242+0000] {taskinstance.py:3132} INFO - Exporting env vars: AIRFLOW_CTX_DAG_OWNER='***' AIRFLOW_CTX_DAG_ID='kafka_streaming_process_pipeline' AIRFLOW_CTX_TASK_ID='start_kafka_producers' AIRFLOW_CTX_EXECUTION_DATE='2025-02-17T14:48:48.399218+00:00' AIRFLOW_CTX_TRY_NUMBER='1' AIRFLOW_CTX_DAG_RUN_ID='manual__2025-02-17T14:48:48.399218+00:00'
[2025-02-17T14:49:04.243+0000] {taskinstance.py:731} INFO - ::endgroup::
[2025-02-17T14:49:04.256+0000] {subprocess.py:78} INFO - Tmp dir root location: /tmp
[2025-02-17T14:49:04.257+0000] {subprocess.py:88} INFO - Running command: ['/usr/bin/bash', '-c', 'python3 /usr/local/app/kafka/UserActivitySimulator.py']
[2025-02-17T14:49:04.263+0000] {subprocess.py:99} INFO - Output:
[2025-02-17T14:49:05.089+0000] {subprocess.py:106} INFO - /home/***/.local/lib/python3.12/site-packages/pyspark/bin/load-spark-env.sh: line 68: ps: command not found
[2025-02-17T14:49:06.395+0000] {subprocess.py:106} INFO - Setting default log level to "WARN".
[2025-02-17T14:49:06.395+0000] {subprocess.py:106} INFO - To adjust logging level use sc.setLogLevel(newLevel). For SparkR, use setLogLevel(newLevel).
[2025-02-17T14:49:06.581+0000] {subprocess.py:106} INFO - 25/02/17 14:49:06 WARN NativeCodeLoader: Unable to load native-hadoop library for your platform... using builtin-java classes where applicable
[2025-02-17T14:49:08.200+0000] {subprocess.py:106} INFO - ERROR:root:❌ Error loading movies: [PATH_NOT_FOUND] Path does not exist: file:/tmp/***tmphqewffad/movies.txt.
[2025-02-17T14:49:08.716+0000] {subprocess.py:106} INFO - %6|1739803748.715|GETSUBSCRIPTIONS|ccloud-python-client-d5d51593-8a8e-4679-b89e-7349479019ff#producer-1| [thrd:main]: Telemetry client instance id changed from AAAAAAAAAAAAAAAAAAAAAA to fOWnlV7KQ16QMR0iMsX5eA
[2025-02-17T14:49:10.267+0000] {subprocess.py:106} INFO - ERROR:root:Sent Avro message to topic added_to_cart_topic: b'\x00\x00\x01\x86\xa642025-02-17T14:49:08.200032\x1aadded_to_cart\x0c836325\x1adefault-movieH15178ffe-07fd-43cc-be02-9ecbb8675b85'
[2025-02-17T14:49:12.221+0000] {subprocess.py:106} INFO - ERROR:root:Sent Avro message to topic sign_out_topic: b'\x00\x00\x01\x86\xa442025-02-17T14:49:11.267790\x10sign_out\x0c836325'
[2025-02-17T14:49:14.179+0000] {subprocess.py:106} INFO - ERROR:root:Sent Avro message to topic checkout_to_cart_topic: b'\x00\x00\x01\x86\xa742025-02-17T14:49:13.221492 checkout_to_cart\x0c836325H15178ffe-07fd-43cc-be02-9ecbb8675b85\x08Card'
[2025-02-17T14:49:16.123+0000] {subprocess.py:106} INFO - ERROR:root:Sent Avro message to topic item_view_topic: b'\x00\x00\x01\x86\xa542025-02-17T14:49:15.179171\x12item_view\x0c836325\x1adefault-movie'
[2025-02-17T14:49:18.072+0000] {subprocess.py:106} INFO - ERROR:root:Sent Avro message to topic consumer_registration_topic: b'\x00\x00\x01\x86\xa242025-02-17T14:49:17.123856*consumer_registration\x0c809350l(user809350@gmail.com\x06geo'
[2025-02-17T14:49:20.027+0000] {subprocess.py:106} INFO - ERROR:root:Sent Avro message to topic added_to_cart_topic: b'\x00\x00\x01\x86\xa642025-02-17T14:49:19.073025\x1aadded_to_cart\x0c809350\x1adefault-movieH12752304-370a-4623-8f03-9c116b821118'
[2025-02-17T14:49:21.980+0000] {subprocess.py:106} INFO - ERROR:root:Sent Avro message to topic sign_out_topic: b'\x00\x00\x01\x86\xa442025-02-17T14:49:21.028060\x10sign_out\x0c836325'
[2025-02-17T14:49:23.943+0000] {subprocess.py:106} INFO - ERROR:root:Sent Avro message to topic checkout_to_cart_topic: b'\x00\x00\x01\x86\xa742025-02-17T14:49:22.980219 checkout_to_cart\x0c836325H12752304-370a-4623-8f03-9c116b821118\x08Card'
[2025-02-17T14:49:25.908+0000] {subprocess.py:106} INFO - ERROR:root:Sent Avro message to topic checkout_to_cart_topic: b'\x00\x00\x01\x86\xa742025-02-17T14:49:24.943691 checkout_to_cart\x0c836325H15178ffe-07fd-43cc-be02-9ecbb8675b85\x08Cash'
[2025-02-17T14:49:27.867+0000] {subprocess.py:106} INFO - ERROR:root:Sent Avro message to topic item_view_topic: b'\x00\x00\x01\x86\xa542025-02-17T14:49:26.908468\x12item_view\x0c836325\x1adefault-movie'
[2025-02-17T14:49:29.811+0000] {subprocess.py:106} INFO - ERROR:root:Sent Avro message to topic item_view_topic: b'\x00\x00\x01\x86\xa542025-02-17T14:49:28.867848\x12item_view\x0c836325\x1adefault-movie'
[2025-02-17T14:49:31.784+0000] {subprocess.py:106} INFO - ERROR:root:Sent Avro message to topic checkout_to_cart_topic: b'\x00\x00\x01\x86\xa742025-02-17T14:49:30.811302 checkout_to_cart\x0c836325H12752304-370a-4623-8f03-9c116b821118\x08Cash'
[2025-02-17T14:49:33.741+0000] {subprocess.py:106} INFO - ERROR:root:Sent Avro message to topic sign_out_topic: b'\x00\x00\x01\x86\xa442025-02-17T14:49:32.784587\x10sign_out\x0c809350'
[2025-02-17T14:49:35.693+0000] {subprocess.py:106} INFO - ERROR:root:Sent Avro message to topic checkout_to_cart_topic: b'\x00\x00\x01\x86\xa742025-02-17T14:49:34.742018 checkout_to_cart\x0c809350H12752304-370a-4623-8f03-9c116b821118\x08Card'
[2025-02-17T14:49:37.635+0000] {subprocess.py:106} INFO - ERROR:root:Sent Avro message to topic added_to_cart_topic: b'\x00\x00\x01\x86\xa642025-02-17T14:49:36.693646\x1aadded_to_cart\x0c836325\x1adefault-movieH62c6628a-9bca-44c0-b607-7c7f4a86e2e5'
[2025-02-17T14:49:39.595+0000] {subprocess.py:106} INFO - ERROR:root:Sent Avro message to topic sign_in_topic: b'\x00\x00\x01\x86\xa342025-02-17T14:49:38.635431\x0esign_in\x0c836325'
[2025-02-17T14:49:41.548+0000] {subprocess.py:106} INFO - ERROR:root:Sent Avro message to topic checkout_to_cart_topic: b'\x00\x00\x01\x86\xa742025-02-17T14:49:40.595830 checkout_to_cart\x0c809350H62c6628a-9bca-44c0-b607-7c7f4a86e2e5\x08Cash'
[2025-02-17T14:49:43.519+0000] {subprocess.py:106} INFO - ERROR:root:Sent Avro message to topic sign_out_topic: b'\x00\x00\x01\x86\xa442025-02-17T14:49:42.548869\x10sign_out\x0c809350'
[2025-02-17T14:49:45.473+0000] {subprocess.py:106} INFO - ERROR:root:Sent Avro message to topic checkout_to_cart_topic: b'\x00\x00\x01\x86\xa742025-02-17T14:49:44.519487 checkout_to_cart\x0c809350H62c6628a-9bca-44c0-b607-7c7f4a86e2e5\x08Cash'
[2025-02-17T14:49:47.423+0000] {subprocess.py:106} INFO - ERROR:root:Sent Avro message to topic added_to_cart_topic: b'\x00\x00\x01\x86\xa642025-02-17T14:49:46.473494\x1aadded_to_cart\x0c836325\x1adefault-movieH4b9986d4-2e60-41d5-8623-0eab8a81f02c'
[2025-02-17T14:49:49.386+0000] {subprocess.py:106} INFO - ERROR:root:Sent Avro message to topic added_to_cart_topic: b'\x00\x00\x01\x86\xa642025-02-17T14:49:48.423576\x1aadded_to_cart\x0c809350\x1adefault-movieH40c9733f-2148-4a83-881c-949b3b88bc64'
[2025-02-17T14:49:51.331+0000] {subprocess.py:106} INFO - ERROR:root:Sent Avro message to topic sign_out_topic: b'\x00\x00\x01\x86\xa442025-02-17T14:49:50.386995\x10sign_out\x0c836325'
[2025-02-17T14:49:53.274+0000] {subprocess.py:106} INFO - ERROR:root:Sent Avro message to topic item_view_topic: b'\x00\x00\x01\x86\xa542025-02-17T14:49:52.331840\x12item_view\x0c836325\x1adefault-movie'
[2025-02-17T14:49:55.225+0000] {subprocess.py:106} INFO - ERROR:root:Sent Avro message to topic sign_in_topic: b'\x00\x00\x01\x86\xa342025-02-17T14:49:54.275007\x0esign_in\x0c836325'
[2025-02-17T14:49:57.187+0000] {subprocess.py:106} INFO - ERROR:root:Sent Avro message to topic item_view_topic: b'\x00\x00\x01\x86\xa542025-02-17T14:49:56.225601\x12item_view\x0c809350\x1adefault-movie'
[2025-02-17T14:49:59.143+0000] {subprocess.py:106} INFO - ERROR:root:Sent Avro message to topic consumer_registration_topic: b'\x00\x00\x01\x86\xa242025-02-17T14:49:58.187914*consumer_registration\x0c462444R(user462444@yahoo.com\x06eng'
[2025-02-17T14:50:01.108+0000] {subprocess.py:106} INFO - ERROR:root:Sent Avro message to topic item_view_topic: b'\x00\x00\x01\x86\xa542025-02-17T14:50:00.143869\x12item_view\x0c836325\x1adefault-movie'
[2025-02-17T14:50:03.067+0000] {subprocess.py:106} INFO - ERROR:root:Sent Avro message to topic added_to_cart_topic: b'\x00\x00\x01\x86\xa642025-02-17T14:50:02.108285\x1aadded_to_cart\x0c836325\x1adefault-movieH70fb6953-ca5d-4177-8172-8f0dc1ade597'
[2025-02-17T14:50:05.011+0000] {subprocess.py:106} INFO - ERROR:root:Sent Avro message to topic added_to_cart_topic: b'\x00\x00\x01\x86\xa642025-02-17T14:50:04.068160\x1aadded_to_cart\x0c462444\x1adefault-movieH5a88748c-c618-460f-b8dd-2dbe9a186b9f'
[2025-02-17T14:50:06.988+0000] {subprocess.py:106} INFO - ERROR:root:Sent Avro message to topic sign_out_topic: b'\x00\x00\x01\x86\xa442025-02-17T14:50:06.012483\x10sign_out\x0c836325'
[2025-02-17T14:50:09.019+0000] {subprocess.py:106} INFO - ERROR:root:Sent Avro message to topic sign_in_topic: b'\x00\x00\x01\x86\xa342025-02-17T14:50:07.988351\x0esign_in\x0c836325'
[2025-02-17T14:50:10.968+0000] {subprocess.py:106} INFO - ERROR:root:Sent Avro message to topic sign_in_topic: b'\x00\x00\x01\x86\xa342025-02-17T14:50:10.019625\x0esign_in\x0c836325'
[2025-02-17T14:50:13.107+0000] {subprocess.py:106} INFO - ERROR:root:Sent Avro message to topic consumer_registration_topic: b'\x00\x00\x01\x86\xa242025-02-17T14:50:11.968648*consumer_registration\x0c136730v(user136730@yahoo.com\x06geo'
[2025-02-17T14:50:15.065+0000] {subprocess.py:106} INFO - ERROR:root:Sent Avro message to topic consumer_registration_topic: b'\x00\x00\x01\x86\xa242025-02-17T14:50:14.107489*consumer_registration\x0c825345V(user825345@gmail.com\x06eng'
[2025-02-17T14:50:17.009+0000] {subprocess.py:106} INFO - ERROR:root:Sent Avro message to topic added_to_cart_topic: b'\x00\x00\x01\x86\xa642025-02-17T14:50:16.065963\x1aadded_to_cart\x0c836325\x1adefault-movieH29097a6e-933b-4db5-941b-d5c2b8c48270'
[2025-02-17T14:50:18.980+0000] {subprocess.py:106} INFO - ERROR:root:Sent Avro message to topic checkout_to_cart_topic: b'\x00\x00\x01\x86\xa742025-02-17T14:50:18.009323 checkout_to_cart\x0c836325H70fb6953-ca5d-4177-8172-8f0dc1ade597\x08Card'
[2025-02-17T14:50:20.934+0000] {subprocess.py:106} INFO - ERROR:root:Sent Avro message to topic sign_out_topic: b'\x00\x00\x01\x86\xa442025-02-17T14:50:19.980337\x10sign_out\x0c825345'
[2025-02-17T14:50:22.875+0000] {subprocess.py:106} INFO - ERROR:root:Sent Avro message to topic checkout_to_cart_topic: b'\x00\x00\x01\x86\xa742025-02-17T14:50:21.934655 checkout_to_cart\x0c462444H4b9986d4-2e60-41d5-8623-0eab8a81f02c\x08Cash'
[2025-02-17T14:50:24.820+0000] {subprocess.py:106} INFO - ERROR:root:Sent Avro message to topic sign_in_topic: b'\x00\x00\x01\x86\xa342025-02-17T14:50:23.875805\x0esign_in\x0c809350'
[2025-02-17T14:50:26.767+0000] {subprocess.py:106} INFO - ERROR:root:Sent Avro message to topic consumer_registration_topic: b'\x00\x00\x01\x86\xa242025-02-17T14:50:25.818752*consumer_registration\x0c888419\xa4\x01,user888419@outlook.com\x06eng'
[2025-02-17T14:50:28.718+0000] {subprocess.py:106} INFO - ERROR:root:Sent Avro message to topic checkout_to_cart_topic: b'\x00\x00\x01\x86\xa742025-02-17T14:50:27.767628 checkout_to_cart\x0c136730H5a88748c-c618-460f-b8dd-2dbe9a186b9f\x08Card'
[2025-02-17T14:50:30.671+0000] {subprocess.py:106} INFO - ERROR:root:Sent Avro message to topic sign_in_topic: b'\x00\x00\x01\x86\xa342025-02-17T14:50:29.718586\x0esign_in\x0c888419'
[2025-02-17T14:50:32.616+0000] {subprocess.py:106} INFO - ERROR:root:Sent Avro message to topic consumer_registration_topic: b'\x00\x00\x01\x86\xa242025-02-17T14:50:31.671442*consumer_registration\x0c389064n(user389064@yahoo.com\x00'
[2025-02-17T14:50:34.565+0000] {subprocess.py:106} INFO - ERROR:root:Sent Avro message to topic item_view_topic: b'\x00\x00\x01\x86\xa542025-02-17T14:50:33.616885\x12item_view\x0c836325\x1adefault-movie'
[2025-02-17T14:50:36.546+0000] {subprocess.py:106} INFO - ERROR:root:Sent Avro message to topic sign_out_topic: b'\x00\x00\x01\x86\xa442025-02-17T14:50:35.566302\x10sign_out\x0c809350'
[2025-02-17T14:50:38.510+0000] {subprocess.py:106} INFO - ERROR:root:Sent Avro message to topic consumer_registration_topic: b'\x00\x00\x01\x86\xa242025-02-17T14:50:37.546629*consumer_registration\x0c400563\xbc\x01,user400563@outlook.com\x06geo'
[2025-02-17T14:50:40.454+0000] {subprocess.py:106} INFO - ERROR:root:Sent Avro message to topic sign_in_topic: b'\x00\x00\x01\x86\xa342025-02-17T14:50:39.511044\x0esign_in\x0c400563'
[2025-02-17T14:50:42.410+0000] {subprocess.py:106} INFO - ERROR:root:Sent Avro message to topic sign_in_topic: b'\x00\x00\x01\x86\xa342025-02-17T14:50:41.454431\x0esign_in\x0c400563'
[2025-02-17T14:50:44.392+0000] {subprocess.py:106} INFO - ERROR:root:Sent Avro message to topic checkout_to_cart_topic: b'\x00\x00\x01\x86\xa742025-02-17T14:50:43.410698 checkout_to_cart\x0c400563H29097a6e-933b-4db5-941b-d5c2b8c48270\x08Cash'
[2025-02-17T14:50:46.349+0000] {subprocess.py:106} INFO - ERROR:root:Sent Avro message to topic consumer_registration_topic: b'\x00\x00\x01\x86\xa242025-02-17T14:50:45.393177*consumer_registration\x0c565882^(user565882@gmail.com\x00'
[2025-02-17T14:50:48.303+0000] {subprocess.py:106} INFO - ERROR:root:Sent Avro message to topic checkout_to_cart_topic: b'\x00\x00\x01\x86\xa742025-02-17T14:50:47.349259 checkout_to_cart\x0c389064H4b9986d4-2e60-41d5-8623-0eab8a81f02c\x08Card'
[2025-02-17T14:50:50.242+0000] {subprocess.py:106} INFO - ERROR:root:Sent Avro message to topic added_to_cart_topic: b'\x00\x00\x01\x86\xa642025-02-17T14:50:49.303616\x1aadded_to_cart\x0c836325\x1adefault-movieHbee53595-debd-4b5c-b3dc-d4522dfbaa95'
[2025-02-17T14:50:52.179+0000] {subprocess.py:106} INFO - ERROR:root:Sent Avro message to topic sign_in_topic: b'\x00\x00\x01\x86\xa342025-02-17T14:50:51.243196\x0esign_in\x0c836325'
[2025-02-17T14:50:54.152+0000] {subprocess.py:106} INFO - ERROR:root:Sent Avro message to topic item_view_topic: b'\x00\x00\x01\x86\xa542025-02-17T14:50:53.179777\x12item_view\x0c462444\x1adefault-movie'
[2025-02-17T14:50:56.102+0000] {subprocess.py:106} INFO - ERROR:root:Sent Avro message to topic sign_in_topic: b'\x00\x00\x01\x86\xa342025-02-17T14:50:55.151318\x0esign_in\x0c888419'
[2025-02-17T14:50:58.051+0000] {subprocess.py:106} INFO - ERROR:root:Sent Avro message to topic sign_in_topic: b'\x00\x00\x01\x86\xa342025-02-17T14:50:57.103127\x0esign_in\x0c389064'
[2025-02-17T14:51:00.020+0000] {subprocess.py:106} INFO - ERROR:root:Sent Avro message to topic item_view_topic: b'\x00\x00\x01\x86\xa542025-02-17T14:50:59.052283\x12item_view\x0c400563\x1adefault-movie'
[2025-02-17T14:51:01.972+0000] {subprocess.py:106} INFO - ERROR:root:Sent Avro message to topic sign_out_topic: b'\x00\x00\x01\x86\xa442025-02-17T14:51:01.020823\x10sign_out\x0c836325'
[2025-02-17T14:51:03.916+0000] {subprocess.py:106} INFO - ERROR:root:Sent Avro message to topic consumer_registration_topic: b'\x00\x00\x01\x86\xa242025-02-17T14:51:02.972521*consumer_registration\n56796B&user56796@gmail.com\x06eng'
[2025-02-17T14:51:05.886+0000] {subprocess.py:106} INFO - ERROR:root:Sent Avro message to topic sign_out_topic: b'\x00\x00\x01\x86\xa442025-02-17T14:51:04.916613\x10sign_out\x0c836325'
[2025-02-17T14:51:07.831+0000] {subprocess.py:106} INFO - ERROR:root:Sent Avro message to topic consumer_registration_topic: b'\x00\x00\x01\x86\xa242025-02-17T14:51:06.886469*consumer_registration\x0c983463@(user983463@yahoo.com\x06geo'
[2025-02-17T14:51:09.842+0000] {subprocess.py:106} INFO - ERROR:root:Sent Avro message to topic consumer_registration_topic: b'\x00\x00\x01\x86\xa242025-02-17T14:51:08.832022*consumer_registration\x0c479980J(user479980@gmail.com\x06eng'
[2025-02-17T14:51:11.803+0000] {subprocess.py:106} INFO - ERROR:root:Sent Avro message to topic sign_out_topic: b'\x00\x00\x01\x86\xa442025-02-17T14:51:10.842477\x10sign_out\x0c888419'
[2025-02-17T14:51:13.752+0000] {subprocess.py:106} INFO - ERROR:root:Sent Avro message to topic consumer_registration_topic: b'\x00\x00\x01\x86\xa242025-02-17T14:51:12.803778*consumer_registration\x0c995278\xa0\x01,user995278@outlook.com\x06eng'
[2025-02-17T14:51:15.761+0000] {subprocess.py:106} INFO - ERROR:root:Sent Avro message to topic checkout_to_cart_topic: b'\x00\x00\x01\x86\xa742025-02-17T14:51:14.752866 checkout_to_cart\x0c479980H12752304-370a-4623-8f03-9c116b821118\x08Cash'
[2025-02-17T14:51:17.718+0000] {subprocess.py:106} INFO - ERROR:root:Sent Avro message to topic added_to_cart_topic: b'\x00\x00\x01\x86\xa642025-02-17T14:51:16.762052\x1aadded_to_cart\x0c983463\x1adefault-movieH15a82e0f-af55-4659-9392-7a5eb916e5b5'
[2025-02-17T14:51:19.661+0000] {subprocess.py:106} INFO - ERROR:root:Sent Avro message to topic checkout_to_cart_topic: b'\x00\x00\x01\x86\xa742025-02-17T14:51:18.718637 checkout_to_cart\x0c983463H4b9986d4-2e60-41d5-8623-0eab8a81f02c\x08Cash'
[2025-02-17T14:51:21.617+0000] {subprocess.py:106} INFO - ERROR:root:Sent Avro message to topic checkout_to_cart_topic: b'\x00\x00\x01\x86\xa742025-02-17T14:51:20.661991 checkout_to_cart\x0c995278H15a82e0f-af55-4659-9392-7a5eb916e5b5\x08Cash'
[2025-02-17T14:51:23.576+0000] {subprocess.py:106} INFO - ERROR:root:Sent Avro message to topic sign_in_topic: b'\x00\x00\x01\x86\xa342025-02-17T14:51:22.618007\x0esign_in\x0c462444'
[2025-02-17T14:51:25.522+0000] {subprocess.py:106} INFO - ERROR:root:Sent Avro message to topic item_view_topic: b'\x00\x00\x01\x86\xa542025-02-17T14:51:24.576075\x12item_view\x0c995278\x1adefault-movie'
[2025-02-17T14:51:27.479+0000] {subprocess.py:106} INFO - ERROR:root:Sent Avro message to topic sign_in_topic: b'\x00\x00\x01\x86\xa342025-02-17T14:51:26.523417\x0esign_in\x0c389064'
[2025-02-17T14:51:29.424+0000] {subprocess.py:106} INFO - ERROR:root:Sent Avro message to topic added_to_cart_topic: b'\x00\x00\x01\x86\xa642025-02-17T14:51:28.479802\x1aadded_to_cart\x0c995278\x1adefault-movieHca0bddf1-4b09-46b5-b8c3-0cac5b7ef841'
[2025-02-17T14:51:31.380+0000] {subprocess.py:106} INFO - ERROR:root:Sent Avro message to topic sign_out_topic: b'\x00\x00\x01\x86\xa442025-02-17T14:51:30.424571\x10sign_out\x0c888419'
[2025-02-17T14:51:33.337+0000] {subprocess.py:106} INFO - ERROR:root:Sent Avro message to topic checkout_to_cart_topic: b'\x00\x00\x01\x86\xa742025-02-17T14:51:32.380404 checkout_to_cart\x0c995278H70fb6953-ca5d-4177-8172-8f0dc1ade597\x08Card'
[2025-02-17T14:51:35.297+0000] {subprocess.py:106} INFO - ERROR:root:Sent Avro message to topic sign_in_topic: b'\x00\x00\x01\x86\xa342025-02-17T14:51:34.337087\x0esign_in\x0c400563'
[2025-02-17T14:51:37.250+0000] {subprocess.py:106} INFO - ERROR:root:Sent Avro message to topic item_view_topic: b'\x00\x00\x01\x86\xa542025-02-17T14:51:36.297848\x12item_view\x0c479980\x1adefault-movie'
[2025-02-17T14:51:39.206+0000] {subprocess.py:106} INFO - ERROR:root:Sent Avro message to topic item_view_topic: b'\x00\x00\x01\x86\xa542025-02-17T14:51:38.250422\x12item_view\x0c983463\x1adefault-movie'
[2025-02-17T14:51:41.173+0000] {subprocess.py:106} INFO - ERROR:root:Sent Avro message to topic checkout_to_cart_topic: b'\x00\x00\x01\x86\xa742025-02-17T14:51:40.206879 checkout_to_cart\x0c809350Hbee53595-debd-4b5c-b3dc-d4522dfbaa95\x08Card'
[2025-02-17T14:51:43.121+0000] {subprocess.py:106} INFO - ERROR:root:Sent Avro message to topic added_to_cart_topic: b'\x00\x00\x01\x86\xa642025-02-17T14:51:42.173453\x1aadded_to_cart\x0c136730\x1adefault-movieH7f5fdb64-b2ac-4aaa-a5cd-890fb05dc77e'
[2025-02-17T14:51:45.081+0000] {subprocess.py:106} INFO - ERROR:root:Sent Avro message to topic sign_in_topic: b'\x00\x00\x01\x86\xa342025-02-17T14:51:44.121634\x0esign_in\x0c462444'
[2025-02-17T14:51:47.038+0000] {subprocess.py:106} INFO - ERROR:root:Sent Avro message to topic sign_in_topic: b'\x00\x00\x01\x86\xa342025-02-17T14:51:46.081941\x0esign_in\x0c479980'
[2025-02-17T14:51:48.994+0000] {subprocess.py:106} INFO - ERROR:root:Sent Avro message to topic checkout_to_cart_topic: b'\x00\x00\x01\x86\xa742025-02-17T14:51:48.038138 checkout_to_cart\x0c995278H40c9733f-2148-4a83-881c-949b3b88bc64\x08Cash'
[2025-02-17T14:51:51.010+0000] {subprocess.py:106} INFO - ERROR:root:Sent Avro message to topic item_view_topic: b'\x00\x00\x01\x86\xa542025-02-17T14:51:49.995151\x12item_view\x0c136730\x1adefault-movie'
[2025-02-17T14:51:52.985+0000] {subprocess.py:106} INFO - ERROR:root:Sent Avro message to topic added_to_cart_topic: b'\x00\x00\x01\x86\xa642025-02-17T14:51:52.010686\x1aadded_to_cart\x0c825345\x1adefault-movieH8a135849-c1f6-40f4-be20-f13cd2629b94'
[2025-02-17T14:51:54.932+0000] {subprocess.py:106} INFO - ERROR:root:Sent Avro message to topic sign_in_topic: b'\x00\x00\x01\x86\xa342025-02-17T14:51:53.985255\x0esign_in\n56796'
[2025-02-17T14:51:56.881+0000] {subprocess.py:106} INFO - ERROR:root:Sent Avro message to topic item_view_topic: b'\x00\x00\x01\x86\xa542025-02-17T14:51:55.932337\x12item_view\x0c136730\x1adefault-movie'
[2025-02-17T14:51:58.847+0000] {subprocess.py:106} INFO - ERROR:root:Sent Avro message to topic item_view_topic: b'\x00\x00\x01\x86\xa542025-02-17T14:51:57.882041\x12item_view\x0c983463\x1adefault-movie'
[2025-02-17T14:52:00.802+0000] {subprocess.py:106} INFO - ERROR:root:Sent Avro message to topic sign_in_topic: b'\x00\x00\x01\x86\xa342025-02-17T14:51:59.847515\x0esign_in\x0c809350'
[2025-02-17T14:52:02.745+0000] {subprocess.py:106} INFO - ERROR:root:Sent Avro message to topic sign_in_topic: b'\x00\x00\x01\x86\xa342025-02-17T14:52:01.802248\x0esign_in\x0c389064'
[2025-02-17T14:52:04.709+0000] {subprocess.py:106} INFO - ERROR:root:Sent Avro message to topic consumer_registration_topic: b'\x00\x00\x01\x86\xa242025-02-17T14:52:03.745899*consumer_registration\x0c930442\xbe\x01(user930442@gmail.com\x06geo'
[2025-02-17T14:52:06.680+0000] {subprocess.py:106} INFO - ERROR:root:Sent Avro message to topic consumer_registration_topic: b'\x00\x00\x01\x86\xa242025-02-17T14:52:05.710087*consumer_registration\x0c379645F(user379645@yahoo.com\x00'
[2025-02-17T14:52:08.639+0000] {subprocess.py:106} INFO - ERROR:root:Sent Avro message to topic sign_out_topic: b'\x00\x00\x01\x86\xa442025-02-17T14:52:07.681034\x10sign_out\x0c888419'
[2025-02-17T14:52:10.651+0000] {subprocess.py:106} INFO - ERROR:root:Sent Avro message to topic sign_out_topic: b'\x00\x00\x01\x86\xa442025-02-17T14:52:09.639846\x10sign_out\x0c983463'
[2025-02-17T14:52:12.596+0000] {subprocess.py:106} INFO - ERROR:root:Sent Avro message to topic sign_out_topic: b'\x00\x00\x01\x86\xa442025-02-17T14:52:11.651482\x10sign_out\x0c400563'
[2025-02-17T14:52:14.542+0000] {subprocess.py:106} INFO - ERROR:root:Sent Avro message to topic item_view_topic: b'\x00\x00\x01\x86\xa542025-02-17T14:52:13.596139\x12item_view\x0c995278\x1adefault-movie'
[2025-02-17T14:52:15.868+0000] {local_task_job_runner.py:346} WARNING - State of this instance has been externally set to success. Terminating instance.
[2025-02-17T14:52:15.868+0000] {local_task_job_runner.py:245} INFO - ::endgroup::
[2025-02-17T14:52:15.870+0000] {process_utils.py:132} INFO - Sending 15 to group 514. PIDs of all processes in the group: [516, 532, 514]
[2025-02-17T14:52:15.870+0000] {process_utils.py:87} INFO - Sending the signal 15 to group 514
[2025-02-17T14:52:15.870+0000] {taskinstance.py:3093} ERROR - Received SIGTERM. Terminating subprocesses.
[2025-02-17T14:52:15.871+0000] {subprocess.py:117} INFO - Sending SIGTERM signal to process group
[2025-02-17T14:52:15.887+0000] {taskinstance.py:340} INFO - ::group::Post task execution logs
[2025-02-17T14:52:15.897+0000] {process_utils.py:80} INFO - Process psutil.Process(pid=514, status='terminated', exitcode=0, started='14:49:03') (514) terminated with exit code 0
[2025-02-17T14:52:16.231+0000] {process_utils.py:80} INFO - Process psutil.Process(pid=516, status='terminated', started='14:49:03') (516) terminated with exit code None
[2025-02-17T14:52:16.260+0000] {process_utils.py:80} INFO - Process psutil.Process(pid=532, status='terminated', started='14:49:04') (532) terminated with exit code None
