[2025-02-17T20:55:59.869+0000] {local_task_job_runner.py:123} INFO - ::group::Pre task execution logs
[2025-02-17T20:55:59.881+0000] {taskinstance.py:2613} INFO - Dependencies all met for dep_context=non-requeueable deps ti=<TaskInstance: kafka_streaming_process_pipeline.example_consumer manual__2025-02-17T20:55:59.516920+00:00 [queued]>
[2025-02-17T20:55:59.887+0000] {taskinstance.py:2613} INFO - Dependencies all met for dep_context=requeueable deps ti=<TaskInstance: kafka_streaming_process_pipeline.example_consumer manual__2025-02-17T20:55:59.516920+00:00 [queued]>
[2025-02-17T20:55:59.888+0000] {taskinstance.py:2866} INFO - Starting attempt 1 of 1
[2025-02-17T20:55:59.911+0000] {taskinstance.py:2889} INFO - Executing <Task(SparkSubmitOperator): example_consumer> on 2025-02-17 20:55:59.516920+00:00
[2025-02-17T20:55:59.916+0000] {standard_task_runner.py:104} INFO - Running: ['***', 'tasks', 'run', 'kafka_streaming_process_pipeline', 'example_consumer', 'manual__2025-02-17T20:55:59.516920+00:00', '--job-id', '76', '--raw', '--subdir', 'DAGS_FOLDER/kafka_streaming_process.py', '--cfg-path', '/tmp/tmptwaqkfp_']
[2025-02-17T20:55:59.919+0000] {standard_task_runner.py:105} INFO - Job 76: Subtask example_consumer
[2025-02-17T20:55:59.919+0000] {logging_mixin.py:190} WARNING - /home/***/.local/lib/python3.12/site-packages/***/task/task_runner/standard_task_runner.py:70 DeprecationWarning: This process (pid=3481) is multi-threaded, use of fork() may lead to deadlocks in the child.
[2025-02-17T20:55:59.920+0000] {standard_task_runner.py:72} INFO - Started process 3482 to run task
[2025-02-17T20:55:59.955+0000] {task_command.py:467} INFO - Running <TaskInstance: kafka_streaming_process_pipeline.example_consumer manual__2025-02-17T20:55:59.516920+00:00 [running]> on host c20563c2c1e7
[2025-02-17T20:56:00.024+0000] {taskinstance.py:3132} INFO - Exporting env vars: AIRFLOW_CTX_DAG_OWNER='***' AIRFLOW_CTX_DAG_ID='kafka_streaming_process_pipeline' AIRFLOW_CTX_TASK_ID='example_consumer' AIRFLOW_CTX_EXECUTION_DATE='2025-02-17T20:55:59.516920+00:00' AIRFLOW_CTX_TRY_NUMBER='1' AIRFLOW_CTX_DAG_RUN_ID='manual__2025-02-17T20:55:59.516920+00:00'
[2025-02-17T20:56:00.025+0000] {taskinstance.py:731} INFO - ::endgroup::
[2025-02-17T20:56:00.047+0000] {base.py:84} INFO - Retrieving connection 'spark_default'
[2025-02-17T20:56:00.049+0000] {spark_submit.py:474} INFO - Spark-Submit cmd: spark-submit --master spark://spark:7077:7077 --conf spark.executor.memory=2g --conf spark.sql.streaming.checkpointLocation=/usr/local/app/checkpoints --packages org.apache.spark:spark-sql-kafka-0-10_2.12:3.5.4,org.apache.spark:spark-avro_2.12:3.5.4,io.confluent:kafka-schema-registry-client:7.0.1,io.confluent:kafka-avro-serializer:7.0.1 --executor-cores 1 --executor-memory 2g --driver-memory 1g --name arrow-spark --deploy-mode client /usr/local/app/spark_applications/user_activity_consuming.py
[2025-02-17T20:56:00.091+0000] {spark_submit.py:641} INFO - /home/***/.local/lib/python3.12/site-packages/pyspark/bin/load-spark-env.sh: line 68: ps: command not found
[2025-02-17T20:56:01.291+0000] {spark_submit.py:641} INFO - :: loading settings :: url = jar:file:/home/***/.local/lib/python3.12/site-packages/pyspark/jars/ivy-2.5.1.jar!/org/apache/ivy/core/settings/ivysettings.xml
[2025-02-17T20:56:01.340+0000] {spark_submit.py:641} INFO - Ivy Default Cache set to: /home/***/.ivy2/cache
[2025-02-17T20:56:01.341+0000] {spark_submit.py:641} INFO - The jars for the packages stored in: /home/***/.ivy2/jars
[2025-02-17T20:56:01.343+0000] {spark_submit.py:641} INFO - org.apache.spark#spark-sql-kafka-0-10_2.12 added as a dependency
[2025-02-17T20:56:01.344+0000] {spark_submit.py:641} INFO - org.apache.spark#spark-avro_2.12 added as a dependency
[2025-02-17T20:56:01.344+0000] {spark_submit.py:641} INFO - io.confluent#kafka-schema-registry-client added as a dependency
[2025-02-17T20:56:01.345+0000] {spark_submit.py:641} INFO - io.confluent#kafka-avro-serializer added as a dependency
[2025-02-17T20:56:01.345+0000] {spark_submit.py:641} INFO - :: resolving dependencies :: org.apache.spark#spark-submit-parent-686d3af4-6fa3-43cf-b7af-bb0e2dfb62e4;1.0
[2025-02-17T20:56:01.345+0000] {spark_submit.py:641} INFO - confs: [default]
[2025-02-17T20:56:01.460+0000] {spark_submit.py:641} INFO - found org.apache.spark#spark-sql-kafka-0-10_2.12;3.5.4 in central
[2025-02-17T20:56:01.494+0000] {spark_submit.py:641} INFO - found org.apache.spark#spark-token-provider-kafka-0-10_2.12;3.5.4 in central
[2025-02-17T20:56:01.510+0000] {spark_submit.py:641} INFO - found org.apache.kafka#kafka-clients;3.4.1 in central
[2025-02-17T20:56:01.530+0000] {spark_submit.py:641} INFO - found org.lz4#lz4-java;1.8.0 in central
[2025-02-17T20:56:01.545+0000] {spark_submit.py:641} INFO - found org.xerial.snappy#snappy-java;1.1.10.5 in central
[2025-02-17T20:56:01.558+0000] {spark_submit.py:641} INFO - found org.slf4j#slf4j-api;2.0.7 in central
[2025-02-17T20:56:01.578+0000] {spark_submit.py:641} INFO - found org.apache.hadoop#hadoop-client-runtime;3.3.4 in central
[2025-02-17T20:56:01.599+0000] {spark_submit.py:641} INFO - found org.apache.hadoop#hadoop-client-api;3.3.4 in central
[2025-02-17T20:56:01.619+0000] {spark_submit.py:641} INFO - found commons-logging#commons-logging;1.1.3 in central
[2025-02-17T20:56:01.633+0000] {spark_submit.py:641} INFO - found com.google.code.findbugs#jsr305;3.0.0 in central
[2025-02-17T20:56:01.646+0000] {spark_submit.py:641} INFO - found org.apache.commons#commons-pool2;2.11.1 in central
[2025-02-17T20:56:01.669+0000] {spark_submit.py:641} INFO - found org.apache.spark#spark-avro_2.12;3.5.4 in central
[2025-02-17T20:56:01.677+0000] {spark_submit.py:641} INFO - found org.tukaani#xz;1.9 in central
[2025-02-17T20:56:04.990+0000] {spark_submit.py:641} INFO - :: resolution report :: resolve 3639ms :: artifacts dl 7ms
[2025-02-17T20:56:04.991+0000] {spark_submit.py:641} INFO - :: modules in use:
[2025-02-17T20:56:04.991+0000] {spark_submit.py:641} INFO - com.google.code.findbugs#jsr305;3.0.0 from central in [default]
[2025-02-17T20:56:04.992+0000] {spark_submit.py:641} INFO - commons-logging#commons-logging;1.1.3 from central in [default]
[2025-02-17T20:56:04.992+0000] {spark_submit.py:641} INFO - org.apache.commons#commons-pool2;2.11.1 from central in [default]
[2025-02-17T20:56:04.993+0000] {spark_submit.py:641} INFO - org.apache.hadoop#hadoop-client-api;3.3.4 from central in [default]
[2025-02-17T20:56:04.993+0000] {spark_submit.py:641} INFO - org.apache.hadoop#hadoop-client-runtime;3.3.4 from central in [default]
[2025-02-17T20:56:04.994+0000] {spark_submit.py:641} INFO - org.apache.kafka#kafka-clients;3.4.1 from central in [default]
[2025-02-17T20:56:04.994+0000] {spark_submit.py:641} INFO - org.apache.spark#spark-avro_2.12;3.5.4 from central in [default]
[2025-02-17T20:56:04.995+0000] {spark_submit.py:641} INFO - org.apache.spark#spark-sql-kafka-0-10_2.12;3.5.4 from central in [default]
[2025-02-17T20:56:04.995+0000] {spark_submit.py:641} INFO - org.apache.spark#spark-token-provider-kafka-0-10_2.12;3.5.4 from central in [default]
[2025-02-17T20:56:04.995+0000] {spark_submit.py:641} INFO - org.lz4#lz4-java;1.8.0 from central in [default]
[2025-02-17T20:56:04.996+0000] {spark_submit.py:641} INFO - org.slf4j#slf4j-api;2.0.7 from central in [default]
[2025-02-17T20:56:04.996+0000] {spark_submit.py:641} INFO - org.tukaani#xz;1.9 from central in [default]
[2025-02-17T20:56:04.997+0000] {spark_submit.py:641} INFO - org.xerial.snappy#snappy-java;1.1.10.5 from central in [default]
[2025-02-17T20:56:04.997+0000] {spark_submit.py:641} INFO - ---------------------------------------------------------------------
[2025-02-17T20:56:04.998+0000] {spark_submit.py:641} INFO - |                  |            modules            ||   artifacts   |
[2025-02-17T20:56:04.998+0000] {spark_submit.py:641} INFO - |       conf       | number| search|dwnlded|evicted|| number|dwnlded|
[2025-02-17T20:56:04.998+0000] {spark_submit.py:641} INFO - ---------------------------------------------------------------------
[2025-02-17T20:56:04.999+0000] {spark_submit.py:641} INFO - |      default     |   15  |   0   |   0   |   0   ||   13  |   0   |
[2025-02-17T20:56:04.999+0000] {spark_submit.py:641} INFO - ---------------------------------------------------------------------
[2025-02-17T20:56:04.999+0000] {spark_submit.py:641} INFO - 
[2025-02-17T20:56:05.000+0000] {spark_submit.py:641} INFO - :: problems summary ::
[2025-02-17T20:56:05.000+0000] {spark_submit.py:641} INFO - :::: WARNINGS
[2025-02-17T20:56:05.000+0000] {spark_submit.py:641} INFO - module not found: io.confluent#kafka-schema-registry-client;7.0.1
[2025-02-17T20:56:05.001+0000] {spark_submit.py:641} INFO - 
[2025-02-17T20:56:05.001+0000] {spark_submit.py:641} INFO - ==== local-m2-cache: tried
[2025-02-17T20:56:05.001+0000] {spark_submit.py:641} INFO - 
[2025-02-17T20:56:05.001+0000] {spark_submit.py:641} INFO - file:/home/***/.m2/repository/io/confluent/kafka-schema-registry-client/7.0.1/kafka-schema-registry-client-7.0.1.pom
[2025-02-17T20:56:05.002+0000] {spark_submit.py:641} INFO - 
[2025-02-17T20:56:05.002+0000] {spark_submit.py:641} INFO - -- artifact io.confluent#kafka-schema-registry-client;7.0.1!kafka-schema-registry-client.jar:
[2025-02-17T20:56:05.002+0000] {spark_submit.py:641} INFO - 
[2025-02-17T20:56:05.002+0000] {spark_submit.py:641} INFO - file:/home/***/.m2/repository/io/confluent/kafka-schema-registry-client/7.0.1/kafka-schema-registry-client-7.0.1.jar
[2025-02-17T20:56:05.002+0000] {spark_submit.py:641} INFO - 
[2025-02-17T20:56:05.003+0000] {spark_submit.py:641} INFO - ==== local-ivy-cache: tried
[2025-02-17T20:56:05.003+0000] {spark_submit.py:641} INFO - 
[2025-02-17T20:56:05.003+0000] {spark_submit.py:641} INFO - /home/***/.ivy2/local/io.confluent/kafka-schema-registry-client/7.0.1/ivys/ivy.xml
[2025-02-17T20:56:05.003+0000] {spark_submit.py:641} INFO - 
[2025-02-17T20:56:05.004+0000] {spark_submit.py:641} INFO - -- artifact io.confluent#kafka-schema-registry-client;7.0.1!kafka-schema-registry-client.jar:
[2025-02-17T20:56:05.004+0000] {spark_submit.py:641} INFO - 
[2025-02-17T20:56:05.004+0000] {spark_submit.py:641} INFO - /home/***/.ivy2/local/io.confluent/kafka-schema-registry-client/7.0.1/jars/kafka-schema-registry-client.jar
[2025-02-17T20:56:05.004+0000] {spark_submit.py:641} INFO - 
[2025-02-17T20:56:05.004+0000] {spark_submit.py:641} INFO - ==== central: tried
[2025-02-17T20:56:05.004+0000] {spark_submit.py:641} INFO - 
[2025-02-17T20:56:05.005+0000] {spark_submit.py:641} INFO - https://repo1.maven.org/maven2/io/confluent/kafka-schema-registry-client/7.0.1/kafka-schema-registry-client-7.0.1.pom
[2025-02-17T20:56:05.005+0000] {spark_submit.py:641} INFO - 
[2025-02-17T20:56:05.005+0000] {spark_submit.py:641} INFO - -- artifact io.confluent#kafka-schema-registry-client;7.0.1!kafka-schema-registry-client.jar:
[2025-02-17T20:56:05.005+0000] {spark_submit.py:641} INFO - 
[2025-02-17T20:56:05.005+0000] {spark_submit.py:641} INFO - https://repo1.maven.org/maven2/io/confluent/kafka-schema-registry-client/7.0.1/kafka-schema-registry-client-7.0.1.jar
[2025-02-17T20:56:05.006+0000] {spark_submit.py:641} INFO - 
[2025-02-17T20:56:05.006+0000] {spark_submit.py:641} INFO - ==== spark-packages: tried
[2025-02-17T20:56:05.006+0000] {spark_submit.py:641} INFO - 
[2025-02-17T20:56:05.006+0000] {spark_submit.py:641} INFO - https://repos.spark-packages.org/io/confluent/kafka-schema-registry-client/7.0.1/kafka-schema-registry-client-7.0.1.pom
[2025-02-17T20:56:05.006+0000] {spark_submit.py:641} INFO - 
[2025-02-17T20:56:05.007+0000] {spark_submit.py:641} INFO - -- artifact io.confluent#kafka-schema-registry-client;7.0.1!kafka-schema-registry-client.jar:
[2025-02-17T20:56:05.007+0000] {spark_submit.py:641} INFO - 
[2025-02-17T20:56:05.007+0000] {spark_submit.py:641} INFO - https://repos.spark-packages.org/io/confluent/kafka-schema-registry-client/7.0.1/kafka-schema-registry-client-7.0.1.jar
[2025-02-17T20:56:05.007+0000] {spark_submit.py:641} INFO - 
[2025-02-17T20:56:05.007+0000] {spark_submit.py:641} INFO - module not found: io.confluent#kafka-avro-serializer;7.0.1
[2025-02-17T20:56:05.007+0000] {spark_submit.py:641} INFO - 
[2025-02-17T20:56:05.008+0000] {spark_submit.py:641} INFO - ==== local-m2-cache: tried
[2025-02-17T20:56:05.008+0000] {spark_submit.py:641} INFO - 
[2025-02-17T20:56:05.008+0000] {spark_submit.py:641} INFO - file:/home/***/.m2/repository/io/confluent/kafka-avro-serializer/7.0.1/kafka-avro-serializer-7.0.1.pom
[2025-02-17T20:56:05.008+0000] {spark_submit.py:641} INFO - 
[2025-02-17T20:56:05.009+0000] {spark_submit.py:641} INFO - -- artifact io.confluent#kafka-avro-serializer;7.0.1!kafka-avro-serializer.jar:
[2025-02-17T20:56:05.009+0000] {spark_submit.py:641} INFO - 
[2025-02-17T20:56:05.009+0000] {spark_submit.py:641} INFO - file:/home/***/.m2/repository/io/confluent/kafka-avro-serializer/7.0.1/kafka-avro-serializer-7.0.1.jar
[2025-02-17T20:56:05.009+0000] {spark_submit.py:641} INFO - 
[2025-02-17T20:56:05.010+0000] {spark_submit.py:641} INFO - ==== local-ivy-cache: tried
[2025-02-17T20:56:05.010+0000] {spark_submit.py:641} INFO - 
[2025-02-17T20:56:05.010+0000] {spark_submit.py:641} INFO - /home/***/.ivy2/local/io.confluent/kafka-avro-serializer/7.0.1/ivys/ivy.xml
[2025-02-17T20:56:05.010+0000] {spark_submit.py:641} INFO - 
[2025-02-17T20:56:05.011+0000] {spark_submit.py:641} INFO - -- artifact io.confluent#kafka-avro-serializer;7.0.1!kafka-avro-serializer.jar:
[2025-02-17T20:56:05.011+0000] {spark_submit.py:641} INFO - 
[2025-02-17T20:56:05.011+0000] {spark_submit.py:641} INFO - /home/***/.ivy2/local/io.confluent/kafka-avro-serializer/7.0.1/jars/kafka-avro-serializer.jar
[2025-02-17T20:56:05.011+0000] {spark_submit.py:641} INFO - 
[2025-02-17T20:56:05.011+0000] {spark_submit.py:641} INFO - ==== central: tried
[2025-02-17T20:56:05.012+0000] {spark_submit.py:641} INFO - 
[2025-02-17T20:56:05.012+0000] {spark_submit.py:641} INFO - https://repo1.maven.org/maven2/io/confluent/kafka-avro-serializer/7.0.1/kafka-avro-serializer-7.0.1.pom
[2025-02-17T20:56:05.012+0000] {spark_submit.py:641} INFO - 
[2025-02-17T20:56:05.012+0000] {spark_submit.py:641} INFO - -- artifact io.confluent#kafka-avro-serializer;7.0.1!kafka-avro-serializer.jar:
[2025-02-17T20:56:05.012+0000] {spark_submit.py:641} INFO - 
[2025-02-17T20:56:05.012+0000] {spark_submit.py:641} INFO - https://repo1.maven.org/maven2/io/confluent/kafka-avro-serializer/7.0.1/kafka-avro-serializer-7.0.1.jar
[2025-02-17T20:56:05.013+0000] {spark_submit.py:641} INFO - 
[2025-02-17T20:56:05.013+0000] {spark_submit.py:641} INFO - ==== spark-packages: tried
[2025-02-17T20:56:05.013+0000] {spark_submit.py:641} INFO - 
[2025-02-17T20:56:05.013+0000] {spark_submit.py:641} INFO - https://repos.spark-packages.org/io/confluent/kafka-avro-serializer/7.0.1/kafka-avro-serializer-7.0.1.pom
[2025-02-17T20:56:05.013+0000] {spark_submit.py:641} INFO - 
[2025-02-17T20:56:05.013+0000] {spark_submit.py:641} INFO - -- artifact io.confluent#kafka-avro-serializer;7.0.1!kafka-avro-serializer.jar:
[2025-02-17T20:56:05.014+0000] {spark_submit.py:641} INFO - 
[2025-02-17T20:56:05.014+0000] {spark_submit.py:641} INFO - https://repos.spark-packages.org/io/confluent/kafka-avro-serializer/7.0.1/kafka-avro-serializer-7.0.1.jar
[2025-02-17T20:56:05.014+0000] {spark_submit.py:641} INFO - 
[2025-02-17T20:56:05.014+0000] {spark_submit.py:641} INFO - ::::::::::::::::::::::::::::::::::::::::::::::
[2025-02-17T20:56:05.014+0000] {spark_submit.py:641} INFO - 
[2025-02-17T20:56:05.014+0000] {spark_submit.py:641} INFO - ::          UNRESOLVED DEPENDENCIES         ::
[2025-02-17T20:56:05.015+0000] {spark_submit.py:641} INFO - 
[2025-02-17T20:56:05.015+0000] {spark_submit.py:641} INFO - ::::::::::::::::::::::::::::::::::::::::::::::
[2025-02-17T20:56:05.015+0000] {spark_submit.py:641} INFO - 
[2025-02-17T20:56:05.015+0000] {spark_submit.py:641} INFO - :: io.confluent#kafka-schema-registry-client;7.0.1: not found
[2025-02-17T20:56:05.015+0000] {spark_submit.py:641} INFO - 
[2025-02-17T20:56:05.016+0000] {spark_submit.py:641} INFO - :: io.confluent#kafka-avro-serializer;7.0.1: not found
[2025-02-17T20:56:05.016+0000] {spark_submit.py:641} INFO - 
[2025-02-17T20:56:05.016+0000] {spark_submit.py:641} INFO - ::::::::::::::::::::::::::::::::::::::::::::::
[2025-02-17T20:56:05.017+0000] {spark_submit.py:641} INFO - 
[2025-02-17T20:56:05.017+0000] {spark_submit.py:641} INFO - 
[2025-02-17T20:56:05.017+0000] {spark_submit.py:641} INFO - 
[2025-02-17T20:56:05.017+0000] {spark_submit.py:641} INFO - :: USE VERBOSE OR DEBUG MESSAGE LEVEL FOR MORE DETAILS
[2025-02-17T20:56:05.017+0000] {spark_submit.py:641} INFO - Exception in thread "main" java.lang.RuntimeException: [unresolved dependency: io.confluent#kafka-schema-registry-client;7.0.1: not found, unresolved dependency: io.confluent#kafka-avro-serializer;7.0.1: not found]
[2025-02-17T20:56:05.018+0000] {spark_submit.py:641} INFO - at org.apache.spark.deploy.SparkSubmitUtils$.resolveMavenCoordinates(SparkSubmit.scala:1613)
[2025-02-17T20:56:05.018+0000] {spark_submit.py:641} INFO - at org.apache.spark.util.DependencyUtils$.resolveMavenDependencies(DependencyUtils.scala:185)
[2025-02-17T20:56:05.018+0000] {spark_submit.py:641} INFO - at org.apache.spark.deploy.SparkSubmit.prepareSubmitEnvironment(SparkSubmit.scala:339)
[2025-02-17T20:56:05.018+0000] {spark_submit.py:641} INFO - at org.apache.spark.deploy.SparkSubmit.org$apache$spark$deploy$SparkSubmit$$runMain(SparkSubmit.scala:969)
[2025-02-17T20:56:05.018+0000] {spark_submit.py:641} INFO - at org.apache.spark.deploy.SparkSubmit.doRunMain$1(SparkSubmit.scala:199)
[2025-02-17T20:56:05.019+0000] {spark_submit.py:641} INFO - at org.apache.spark.deploy.SparkSubmit.submit(SparkSubmit.scala:222)
[2025-02-17T20:56:05.019+0000] {spark_submit.py:641} INFO - at org.apache.spark.deploy.SparkSubmit.doSubmit(SparkSubmit.scala:91)
[2025-02-17T20:56:05.019+0000] {spark_submit.py:641} INFO - at org.apache.spark.deploy.SparkSubmit$$anon$2.doSubmit(SparkSubmit.scala:1125)
[2025-02-17T20:56:05.019+0000] {spark_submit.py:641} INFO - at org.apache.spark.deploy.SparkSubmit$.main(SparkSubmit.scala:1134)
[2025-02-17T20:56:05.019+0000] {spark_submit.py:641} INFO - at org.apache.spark.deploy.SparkSubmit.main(SparkSubmit.scala)
[2025-02-17T20:56:05.026+0000] {taskinstance.py:3311} ERROR - Task failed with exception
Traceback (most recent call last):
  File "/home/airflow/.local/lib/python3.12/site-packages/airflow/models/taskinstance.py", line 767, in _execute_task
    result = _execute_callable(context=context, **execute_callable_kwargs)
             ^^^^^^^^^^^^^^^^^^^^^^^^^^^^^^^^^^^^^^^^^^^^^^^^^^^^^^^^^^^^^
  File "/home/airflow/.local/lib/python3.12/site-packages/airflow/models/taskinstance.py", line 733, in _execute_callable
    return ExecutionCallableRunner(
           ^^^^^^^^^^^^^^^^^^^^^^^^
  File "/home/airflow/.local/lib/python3.12/site-packages/airflow/utils/operator_helpers.py", line 252, in run
    return self.func(*args, **kwargs)
           ^^^^^^^^^^^^^^^^^^^^^^^^^^
  File "/home/airflow/.local/lib/python3.12/site-packages/airflow/models/baseoperator.py", line 422, in wrapper
    return func(self, *args, **kwargs)
           ^^^^^^^^^^^^^^^^^^^^^^^^^^^
  File "/home/airflow/.local/lib/python3.12/site-packages/airflow/providers/apache/spark/operators/spark_submit.py", line 177, in execute
    self._hook.submit(self.application)
  File "/home/airflow/.local/lib/python3.12/site-packages/airflow/providers/apache/spark/hooks/spark_submit.py", line 567, in submit
    raise AirflowException(
airflow.exceptions.AirflowException: Cannot execute: spark-submit --master spark://spark:7077:7077 --conf spark.executor.memory=2g --conf spark.sql.streaming.checkpointLocation=/usr/local/app/checkpoints --packages org.apache.spark:spark-sql-kafka-0-10_2.12:3.5.4,org.apache.spark:spark-avro_2.12:3.5.4,io.confluent:kafka-schema-registry-client:7.0.1,io.confluent:kafka-avro-serializer:7.0.1 --executor-cores 1 --executor-memory 2g --driver-memory 1g --name arrow-spark --deploy-mode client /usr/local/app/spark_applications/user_activity_consuming.py. Error code is: 1.
[2025-02-17T20:56:05.030+0000] {taskinstance.py:1225} INFO - Marking task as FAILED. dag_id=kafka_streaming_process_pipeline, task_id=example_consumer, run_id=manual__2025-02-17T20:55:59.516920+00:00, execution_date=20250217T205559, start_date=20250217T205559, end_date=20250217T205605
[2025-02-17T20:56:05.038+0000] {taskinstance.py:340} INFO - ::group::Post task execution logs
[2025-02-17T20:56:05.039+0000] {standard_task_runner.py:124} ERROR - Failed to execute job 76 for task example_consumer (Cannot execute: spark-submit --master spark://spark:7077:7077 --conf spark.executor.memory=2g --conf spark.sql.streaming.checkpointLocation=/usr/local/app/checkpoints --packages org.apache.spark:spark-sql-kafka-0-10_2.12:3.5.4,org.apache.spark:spark-avro_2.12:3.5.4,io.confluent:kafka-schema-registry-client:7.0.1,io.confluent:kafka-avro-serializer:7.0.1 --executor-cores 1 --executor-memory 2g --driver-memory 1g --name arrow-spark --deploy-mode client /usr/local/app/spark_applications/user_activity_consuming.py. Error code is: 1.; 3482)
Traceback (most recent call last):
  File "/home/airflow/.local/lib/python3.12/site-packages/airflow/task/task_runner/standard_task_runner.py", line 117, in _start_by_fork
    ret = args.func(args, dag=self.dag)
          ^^^^^^^^^^^^^^^^^^^^^^^^^^^^^
  File "/home/airflow/.local/lib/python3.12/site-packages/airflow/cli/cli_config.py", line 49, in command
    return func(*args, **kwargs)
           ^^^^^^^^^^^^^^^^^^^^^
  File "/home/airflow/.local/lib/python3.12/site-packages/airflow/utils/cli.py", line 116, in wrapper
    return f(*args, **kwargs)
           ^^^^^^^^^^^^^^^^^^
  File "/home/airflow/.local/lib/python3.12/site-packages/airflow/cli/commands/task_command.py", line 483, in task_run
    task_return_code = _run_task_by_selected_method(args, _dag, ti)
                       ^^^^^^^^^^^^^^^^^^^^^^^^^^^^^^^^^^^^^^^^^^^^
  File "/home/airflow/.local/lib/python3.12/site-packages/airflow/cli/commands/task_command.py", line 256, in _run_task_by_selected_method
    return _run_raw_task(args, ti)
           ^^^^^^^^^^^^^^^^^^^^^^^
  File "/home/airflow/.local/lib/python3.12/site-packages/airflow/cli/commands/task_command.py", line 341, in _run_raw_task
    return ti._run_raw_task(
           ^^^^^^^^^^^^^^^^^
  File "/home/airflow/.local/lib/python3.12/site-packages/airflow/utils/session.py", line 97, in wrapper
    return func(*args, session=session, **kwargs)
           ^^^^^^^^^^^^^^^^^^^^^^^^^^^^^^^^^^^^^^
  File "/home/airflow/.local/lib/python3.12/site-packages/airflow/models/taskinstance.py", line 3005, in _run_raw_task
    return _run_raw_task(
           ^^^^^^^^^^^^^^
  File "/home/airflow/.local/lib/python3.12/site-packages/airflow/models/taskinstance.py", line 273, in _run_raw_task
    TaskInstance._execute_task_with_callbacks(
  File "/home/airflow/.local/lib/python3.12/site-packages/airflow/models/taskinstance.py", line 3159, in _execute_task_with_callbacks
    result = self._execute_task(context, task_orig)
             ^^^^^^^^^^^^^^^^^^^^^^^^^^^^^^^^^^^^^^
  File "/home/airflow/.local/lib/python3.12/site-packages/airflow/models/taskinstance.py", line 3183, in _execute_task
    return _execute_task(self, context, task_orig)
           ^^^^^^^^^^^^^^^^^^^^^^^^^^^^^^^^^^^^^^^
  File "/home/airflow/.local/lib/python3.12/site-packages/airflow/models/taskinstance.py", line 767, in _execute_task
    result = _execute_callable(context=context, **execute_callable_kwargs)
             ^^^^^^^^^^^^^^^^^^^^^^^^^^^^^^^^^^^^^^^^^^^^^^^^^^^^^^^^^^^^^
  File "/home/airflow/.local/lib/python3.12/site-packages/airflow/models/taskinstance.py", line 733, in _execute_callable
    return ExecutionCallableRunner(
           ^^^^^^^^^^^^^^^^^^^^^^^^
  File "/home/airflow/.local/lib/python3.12/site-packages/airflow/utils/operator_helpers.py", line 252, in run
    return self.func(*args, **kwargs)
           ^^^^^^^^^^^^^^^^^^^^^^^^^^
  File "/home/airflow/.local/lib/python3.12/site-packages/airflow/models/baseoperator.py", line 422, in wrapper
    return func(self, *args, **kwargs)
           ^^^^^^^^^^^^^^^^^^^^^^^^^^^
  File "/home/airflow/.local/lib/python3.12/site-packages/airflow/providers/apache/spark/operators/spark_submit.py", line 177, in execute
    self._hook.submit(self.application)
  File "/home/airflow/.local/lib/python3.12/site-packages/airflow/providers/apache/spark/hooks/spark_submit.py", line 567, in submit
    raise AirflowException(
airflow.exceptions.AirflowException: Cannot execute: spark-submit --master spark://spark:7077:7077 --conf spark.executor.memory=2g --conf spark.sql.streaming.checkpointLocation=/usr/local/app/checkpoints --packages org.apache.spark:spark-sql-kafka-0-10_2.12:3.5.4,org.apache.spark:spark-avro_2.12:3.5.4,io.confluent:kafka-schema-registry-client:7.0.1,io.confluent:kafka-avro-serializer:7.0.1 --executor-cores 1 --executor-memory 2g --driver-memory 1g --name arrow-spark --deploy-mode client /usr/local/app/spark_applications/user_activity_consuming.py. Error code is: 1.
[2025-02-17T20:56:05.064+0000] {local_task_job_runner.py:266} INFO - Task exited with return code 1
[2025-02-17T20:56:05.074+0000] {taskinstance.py:3895} INFO - 0 downstream tasks scheduled from follow-on schedule check
[2025-02-17T20:56:05.076+0000] {local_task_job_runner.py:245} INFO - ::endgroup::
