[2025-02-17T14:53:05.214+0000] {local_task_job_runner.py:123} INFO - ::group::Pre task execution logs
[2025-02-17T14:53:05.226+0000] {taskinstance.py:2613} INFO - Dependencies all met for dep_context=non-requeueable deps ti=<TaskInstance: kafka_streaming_process_pipeline.start_kafka_producers manual__2025-02-17T14:52:49.345002+00:00 [queued]>
[2025-02-17T14:53:05.233+0000] {taskinstance.py:2613} INFO - Dependencies all met for dep_context=requeueable deps ti=<TaskInstance: kafka_streaming_process_pipeline.start_kafka_producers manual__2025-02-17T14:52:49.345002+00:00 [queued]>
[2025-02-17T14:53:05.233+0000] {taskinstance.py:2866} INFO - Starting attempt 1 of 1
[2025-02-17T14:53:05.252+0000] {taskinstance.py:2889} INFO - Executing <Task(BashOperator): start_kafka_producers> on 2025-02-17 14:52:49.345002+00:00
[2025-02-17T14:53:05.259+0000] {standard_task_runner.py:104} INFO - Running: ['***', 'tasks', 'run', 'kafka_streaming_process_pipeline', 'start_kafka_producers', 'manual__2025-02-17T14:52:49.345002+00:00', '--job-id', '46', '--raw', '--subdir', 'DAGS_FOLDER/kafka_streaming_process.py', '--cfg-path', '/tmp/tmp8oplj8sl']
[2025-02-17T14:53:05.261+0000] {standard_task_runner.py:105} INFO - Job 46: Subtask start_kafka_producers
[2025-02-17T14:53:05.261+0000] {logging_mixin.py:190} WARNING - /home/***/.local/lib/python3.12/site-packages/***/task/task_runner/standard_task_runner.py:70 DeprecationWarning: This process (pid=1126) is multi-threaded, use of fork() may lead to deadlocks in the child.
[2025-02-17T14:53:05.262+0000] {standard_task_runner.py:72} INFO - Started process 1127 to run task
[2025-02-17T14:53:05.296+0000] {task_command.py:467} INFO - Running <TaskInstance: kafka_streaming_process_pipeline.start_kafka_producers manual__2025-02-17T14:52:49.345002+00:00 [running]> on host b6abba1bc830
[2025-02-17T14:53:05.349+0000] {taskinstance.py:3132} INFO - Exporting env vars: AIRFLOW_CTX_DAG_OWNER='***' AIRFLOW_CTX_DAG_ID='kafka_streaming_process_pipeline' AIRFLOW_CTX_TASK_ID='start_kafka_producers' AIRFLOW_CTX_EXECUTION_DATE='2025-02-17T14:52:49.345002+00:00' AIRFLOW_CTX_TRY_NUMBER='1' AIRFLOW_CTX_DAG_RUN_ID='manual__2025-02-17T14:52:49.345002+00:00'
[2025-02-17T14:53:05.350+0000] {taskinstance.py:731} INFO - ::endgroup::
[2025-02-17T14:53:05.362+0000] {subprocess.py:78} INFO - Tmp dir root location: /tmp
[2025-02-17T14:53:05.363+0000] {subprocess.py:88} INFO - Running command: ['/usr/bin/bash', '-c', 'python3 /usr/local/app/kafka/UserActivitySimulator.py']
[2025-02-17T14:53:05.369+0000] {subprocess.py:99} INFO - Output:
[2025-02-17T14:53:06.159+0000] {subprocess.py:106} INFO - /home/***/.local/lib/python3.12/site-packages/pyspark/bin/load-spark-env.sh: line 68: ps: command not found
[2025-02-17T14:53:07.467+0000] {subprocess.py:106} INFO - Setting default log level to "WARN".
[2025-02-17T14:53:07.468+0000] {subprocess.py:106} INFO - To adjust logging level use sc.setLogLevel(newLevel). For SparkR, use setLogLevel(newLevel).
[2025-02-17T14:53:07.657+0000] {subprocess.py:106} INFO - 25/02/17 14:53:07 WARN NativeCodeLoader: Unable to load native-hadoop library for your platform... using builtin-java classes where applicable
[2025-02-17T14:53:09.577+0000] {subprocess.py:106} INFO - ERROR:root:❌ Error loading movies: [PATH_NOT_FOUND] Path does not exist: file:/tmp/***tmpjvrnqclk/movies.txt.
[2025-02-17T14:53:10.009+0000] {subprocess.py:106} INFO - %6|1739803990.009|GETSUBSCRIPTIONS|ccloud-python-client-d5d51593-8a8e-4679-b89e-7349479019ff#producer-1| [thrd:main]: Telemetry client instance id changed from AAAAAAAAAAAAAAAAAAAAAA to TgFr0IMST6WtrTQVm9q+9w
[2025-02-17T14:53:11.631+0000] {subprocess.py:106} INFO - ERROR:root:Sent Avro message to topic item_view_topic: b'\x00\x00\x01\x86\xa542025-02-17T14:53:09.577156\x12item_view\x0c399779\x1adefault-movie'
[2025-02-17T14:53:12.610+0000] {subprocess.py:106} INFO - ERROR:root:Sent Avro message to topic consumer_registration_topic: b'\x00\x00\x01\x86\xa242025-02-17T14:53:11.631830*consumer_registration\n56506\x86\x01*user56506@outlook.com\x00'
[2025-02-17T14:53:14.164+0000] {subprocess.py:106} INFO - ERROR:root:Sent Avro message to topic sign_out_topic: b'\x00\x00\x01\x86\xa442025-02-17T14:53:12.610587\x10sign_out\n56506'
[2025-02-17T14:53:15.122+0000] {subprocess.py:106} INFO - ERROR:root:Sent Avro message to topic added_to_cart_topic: b'\x00\x00\x01\x86\xa642025-02-17T14:53:14.163989\x1aadded_to_cart\x0c399779\x1adefault-movieH2c3313cc-17e9-4355-a6d9-a2270b03b49e'
[2025-02-17T14:53:16.074+0000] {subprocess.py:106} INFO - ERROR:root:Sent Avro message to topic consumer_registration_topic: b'\x00\x00\x01\x86\xa242025-02-17T14:53:15.122919*consumer_registration\x0c324545J,user324545@outlook.com\x06geo'
[2025-02-17T14:53:17.025+0000] {subprocess.py:106} INFO - ERROR:root:Sent Avro message to topic checkout_to_cart_topic: b'\x00\x00\x01\x86\xa742025-02-17T14:53:16.074836 checkout_to_cart\n56506H2c3313cc-17e9-4355-a6d9-a2270b03b49e\x08Card'
[2025-02-17T14:53:18.086+0000] {subprocess.py:106} INFO - ERROR:root:Sent Avro message to topic consumer_registration_topic: b'\x00\x00\x01\x86\xa242025-02-17T14:53:17.025865*consumer_registration\x0c698124P(user698124@yahoo.com\x06geo'
[2025-02-17T14:53:19.039+0000] {subprocess.py:106} INFO - ERROR:root:Sent Avro message to topic consumer_registration_topic: b'\x00\x00\x01\x86\xa242025-02-17T14:53:18.086054*consumer_registration\x0c498148X(user498148@gmail.com\x00'
[2025-02-17T14:53:20.170+0000] {subprocess.py:106} INFO - ERROR:root:Sent Avro message to topic added_to_cart_topic: b'\x00\x00\x01\x86\xa642025-02-17T14:53:19.039284\x1aadded_to_cart\x0c399779\x1adefault-movieH971242f9-0cf4-404a-8d3a-57135b19429d'
[2025-02-17T14:53:21.126+0000] {subprocess.py:106} INFO - ERROR:root:Sent Avro message to topic consumer_registration_topic: b'\x00\x00\x01\x86\xa242025-02-17T14:53:20.170483*consumer_registration\x0c671680\xac\x01,user671680@outlook.com\x06geo'
[2025-02-17T14:53:22.245+0000] {subprocess.py:106} INFO - ERROR:root:Sent Avro message to topic added_to_cart_topic: b'\x00\x00\x01\x86\xa642025-02-17T14:53:21.126910\x1aadded_to_cart\x0c324545\x1adefault-movieH523f588a-29c5-4156-acd6-4022cf65c1d2'
[2025-02-17T14:53:23.216+0000] {subprocess.py:106} INFO - ERROR:root:Sent Avro message to topic sign_out_topic: b'\x00\x00\x01\x86\xa442025-02-17T14:53:22.245478\x10sign_out\x0c324545'
[2025-02-17T14:53:24.173+0000] {subprocess.py:106} INFO - ERROR:root:Sent Avro message to topic sign_in_topic: b'\x00\x00\x01\x86\xa342025-02-17T14:53:23.216158\x0esign_in\x0c671680'
[2025-02-17T14:53:25.221+0000] {subprocess.py:106} INFO - ERROR:root:Sent Avro message to topic sign_in_topic: b'\x00\x00\x01\x86\xa342025-02-17T14:53:24.173864\x0esign_in\x0c399779'
[2025-02-17T14:53:26.198+0000] {subprocess.py:106} INFO - ERROR:root:Sent Avro message to topic added_to_cart_topic: b'\x00\x00\x01\x86\xa642025-02-17T14:53:25.221635\x1aadded_to_cart\x0c498148\x1adefault-movieHcdd870a8-5f32-479e-b24b-9b42630c1ac6'
[2025-02-17T14:53:27.164+0000] {subprocess.py:106} INFO - ERROR:root:Sent Avro message to topic consumer_registration_topic: b'\x00\x00\x01\x86\xa242025-02-17T14:53:26.198430*consumer_registration\x0c530495\xb2\x01(user530495@gmail.com\x06geo'
[2025-02-17T14:53:28.109+0000] {subprocess.py:106} INFO - ERROR:root:Sent Avro message to topic sign_out_topic: b'\x00\x00\x01\x86\xa442025-02-17T14:53:27.164446\x10sign_out\x0c324545'
[2025-02-17T14:53:29.071+0000] {subprocess.py:106} INFO - ERROR:root:Sent Avro message to topic checkout_to_cart_topic: b'\x00\x00\x01\x86\xa742025-02-17T14:53:28.109390 checkout_to_cart\x0c698124H971242f9-0cf4-404a-8d3a-57135b19429d\x08Cash'
[2025-02-17T14:53:30.025+0000] {subprocess.py:106} INFO - ERROR:root:Sent Avro message to topic item_view_topic: b'\x00\x00\x01\x86\xa542025-02-17T14:53:29.071532\x12item_view\x0c671680\x1adefault-movie'
[2025-02-17T14:53:30.984+0000] {subprocess.py:106} INFO - ERROR:root:Sent Avro message to topic consumer_registration_topic: b'\x00\x00\x01\x86\xa242025-02-17T14:53:30.025462*consumer_registration\x0c436734\xbc\x01,user436734@outlook.com\x06eng'
[2025-02-17T14:53:31.929+0000] {subprocess.py:106} INFO - ERROR:root:Sent Avro message to topic item_view_topic: b'\x00\x00\x01\x86\xa542025-02-17T14:53:30.984380\x12item_view\x0c530495\x1adefault-movie'
[2025-02-17T14:53:32.886+0000] {subprocess.py:106} INFO - ERROR:root:Sent Avro message to topic added_to_cart_topic: b'\x00\x00\x01\x86\xa642025-02-17T14:53:31.929551\x1aadded_to_cart\x0c436734\x1adefault-movieH21ec495b-91c5-4c22-b310-ae584ef3b390'
[2025-02-17T14:53:33.839+0000] {subprocess.py:106} INFO - ERROR:root:Sent Avro message to topic sign_in_topic: b'\x00\x00\x01\x86\xa342025-02-17T14:53:32.886204\x0esign_in\x0c399779'
[2025-02-17T14:53:34.804+0000] {subprocess.py:106} INFO - ERROR:root:Sent Avro message to topic checkout_to_cart_topic: b'\x00\x00\x01\x86\xa742025-02-17T14:53:33.839798 checkout_to_cart\n56506H2c3313cc-17e9-4355-a6d9-a2270b03b49e\x08Card'
[2025-02-17T14:53:35.755+0000] {subprocess.py:106} INFO - ERROR:root:Sent Avro message to topic sign_out_topic: b'\x00\x00\x01\x86\xa442025-02-17T14:53:34.804418\x10sign_out\x0c324545'
[2025-02-17T14:53:36.721+0000] {subprocess.py:106} INFO - ERROR:root:Sent Avro message to topic sign_in_topic: b'\x00\x00\x01\x86\xa342025-02-17T14:53:35.755051\x0esign_in\x0c399779'
[2025-02-17T14:53:37.676+0000] {subprocess.py:106} INFO - ERROR:root:Sent Avro message to topic sign_in_topic: b'\x00\x00\x01\x86\xa342025-02-17T14:53:36.721088\x0esign_in\x0c399779'
[2025-02-17T14:53:38.608+0000] {subprocess.py:106} INFO - ERROR:root:Sent Avro message to topic sign_out_topic: b'\x00\x00\x01\x86\xa442025-02-17T14:53:37.676346\x10sign_out\x0c698124'
[2025-02-17T14:53:39.597+0000] {subprocess.py:106} INFO - ERROR:root:Sent Avro message to topic sign_out_topic: b'\x00\x00\x01\x86\xa442025-02-17T14:53:38.608758\x10sign_out\x0c498148'
[2025-02-17T14:53:40.677+0000] {subprocess.py:106} INFO - ERROR:root:Sent Avro message to topic item_view_topic: b'\x00\x00\x01\x86\xa542025-02-17T14:53:39.597026\x12item_view\x0c671680\x1adefault-movie'
[2025-02-17T14:53:41.647+0000] {subprocess.py:106} INFO - ERROR:root:Sent Avro message to topic sign_out_topic: b'\x00\x00\x01\x86\xa442025-02-17T14:53:40.677931\x10sign_out\n56506'
[2025-02-17T14:53:42.618+0000] {subprocess.py:106} INFO - ERROR:root:Sent Avro message to topic added_to_cart_topic: b'\x00\x00\x01\x86\xa642025-02-17T14:53:41.647910\x1aadded_to_cart\x0c399779\x1adefault-movieHfeba2ade-7446-4598-b806-e259253e3601'
[2025-02-17T14:53:43.576+0000] {subprocess.py:106} INFO - ERROR:root:Sent Avro message to topic sign_out_topic: b'\x00\x00\x01\x86\xa442025-02-17T14:53:42.618145\x10sign_out\x0c324545'
[2025-02-17T14:53:44.526+0000] {subprocess.py:106} INFO - ERROR:root:Sent Avro message to topic checkout_to_cart_topic: b'\x00\x00\x01\x86\xa742025-02-17T14:53:43.576158 checkout_to_cart\x0c399779H971242f9-0cf4-404a-8d3a-57135b19429d\x08Cash'
[2025-02-17T14:53:45.492+0000] {subprocess.py:106} INFO - ERROR:root:Sent Avro message to topic consumer_registration_topic: b'\x00\x00\x01\x86\xa242025-02-17T14:53:44.526437*consumer_registration\x0c315545\x92\x01(user315545@yahoo.com\x00'
[2025-02-17T14:53:46.602+0000] {subprocess.py:106} INFO - ERROR:root:Sent Avro message to topic sign_out_topic: b'\x00\x00\x01\x86\xa442025-02-17T14:53:45.492206\x10sign_out\x0c671680'
[2025-02-17T14:53:47.555+0000] {subprocess.py:106} INFO - ERROR:root:Sent Avro message to topic sign_in_topic: b'\x00\x00\x01\x86\xa342025-02-17T14:53:46.602493\x0esign_in\n56506'
[2025-02-17T14:53:48.500+0000] {subprocess.py:106} INFO - ERROR:root:Sent Avro message to topic sign_out_topic: b'\x00\x00\x01\x86\xa442025-02-17T14:53:47.555809\x10sign_out\n56506'
[2025-02-17T14:53:49.468+0000] {subprocess.py:106} INFO - ERROR:root:Sent Avro message to topic sign_out_topic: b'\x00\x00\x01\x86\xa442025-02-17T14:53:48.500880\x10sign_out\x0c399779'
[2025-02-17T14:53:50.424+0000] {subprocess.py:106} INFO - ERROR:root:Sent Avro message to topic sign_out_topic: b'\x00\x00\x01\x86\xa442025-02-17T14:53:49.468191\x10sign_out\x0c315545'
[2025-02-17T14:53:51.374+0000] {subprocess.py:106} INFO - ERROR:root:Sent Avro message to topic sign_out_topic: b'\x00\x00\x01\x86\xa442025-02-17T14:53:50.424878\x10sign_out\x0c399779'
[2025-02-17T14:53:52.350+0000] {subprocess.py:106} INFO - ERROR:root:Sent Avro message to topic item_view_topic: b'\x00\x00\x01\x86\xa542025-02-17T14:53:51.374120\x12item_view\x0c399779\x1adefault-movie'
[2025-02-17T14:53:53.314+0000] {subprocess.py:106} INFO - ERROR:root:Sent Avro message to topic checkout_to_cart_topic: b'\x00\x00\x01\x86\xa742025-02-17T14:53:52.350472 checkout_to_cart\x0c315545H2c3313cc-17e9-4355-a6d9-a2270b03b49e\x08Cash'
[2025-02-17T14:53:54.274+0000] {subprocess.py:106} INFO - ERROR:root:Sent Avro message to topic sign_out_topic: b'\x00\x00\x01\x86\xa442025-02-17T14:53:53.314957\x10sign_out\x0c399779'
[2025-02-17T14:53:55.250+0000] {subprocess.py:106} INFO - ERROR:root:Sent Avro message to topic sign_in_topic: b'\x00\x00\x01\x86\xa342025-02-17T14:53:54.274051\x0esign_in\x0c671680'
[2025-02-17T14:53:56.207+0000] {subprocess.py:106} INFO - ERROR:root:Sent Avro message to topic added_to_cart_topic: b'\x00\x00\x01\x86\xa642025-02-17T14:53:55.250577\x1aadded_to_cart\x0c324545\x1adefault-movieH3ac52cb3-d7ca-4333-84f4-443bcef8d16a'
[2025-02-17T14:53:57.174+0000] {subprocess.py:106} INFO - ERROR:root:Sent Avro message to topic added_to_cart_topic: b'\x00\x00\x01\x86\xa642025-02-17T14:53:56.207200\x1aadded_to_cart\x0c399779\x1adefault-movieHeafda044-3c0b-4b2d-b2ee-83c64fe6d02f'
[2025-02-17T14:53:58.130+0000] {subprocess.py:106} INFO - ERROR:root:Sent Avro message to topic consumer_registration_topic: b'\x00\x00\x01\x86\xa242025-02-17T14:53:57.174482*consumer_registration\x0c357077@(user357077@gmail.com\x00'
[2025-02-17T14:53:59.082+0000] {subprocess.py:106} INFO - ERROR:root:Sent Avro message to topic consumer_registration_topic: b'\x00\x00\x01\x86\xa242025-02-17T14:53:58.130975*consumer_registration\x0c991683F,user991683@outlook.com\x00'
[2025-02-17T14:54:00.196+0000] {subprocess.py:106} INFO - ERROR:root:Sent Avro message to topic sign_in_topic: b'\x00\x00\x01\x86\xa342025-02-17T14:53:59.082819\x0esign_in\n56506'
[2025-02-17T14:54:01.152+0000] {subprocess.py:106} INFO - ERROR:root:Sent Avro message to topic item_view_topic: b'\x00\x00\x01\x86\xa542025-02-17T14:54:00.196102\x12item_view\x0c991683\x1adefault-movie'
[2025-02-17T14:54:02.092+0000] {subprocess.py:106} INFO - ERROR:root:Sent Avro message to topic consumer_registration_topic: b'\x00\x00\x01\x86\xa242025-02-17T14:54:01.152679*consumer_registration\x0c449897&,user449897@outlook.com\x00'
[2025-02-17T14:54:03.050+0000] {subprocess.py:106} INFO - ERROR:root:Sent Avro message to topic checkout_to_cart_topic: b'\x00\x00\x01\x86\xa742025-02-17T14:54:02.092423 checkout_to_cart\x0c399779H21ec495b-91c5-4c22-b310-ae584ef3b390\x08Cash'
[2025-02-17T14:54:04.000+0000] {subprocess.py:106} INFO - ERROR:root:Sent Avro message to topic added_to_cart_topic: b'\x00\x00\x01\x86\xa642025-02-17T14:54:03.050754\x1aadded_to_cart\x0c436734\x1adefault-movieHf3bdc7f8-d81a-4aee-8975-cceeb3ee6515'
[2025-02-17T14:54:04.953+0000] {subprocess.py:106} INFO - ERROR:root:Sent Avro message to topic item_view_topic: b'\x00\x00\x01\x86\xa542025-02-17T14:54:04.000868\x12item_view\x0c324545\x1adefault-movie'
[2025-02-17T14:54:05.902+0000] {subprocess.py:106} INFO - ERROR:root:Sent Avro message to topic added_to_cart_topic: b'\x00\x00\x01\x86\xa642025-02-17T14:54:04.953417\x1aadded_to_cart\x0c671680\x1adefault-movieH4225c8b6-e398-404f-9404-877005bca887'
[2025-02-17T14:54:06.848+0000] {subprocess.py:106} INFO - ERROR:root:Sent Avro message to topic checkout_to_cart_topic: b'\x00\x00\x01\x86\xa742025-02-17T14:54:05.902622 checkout_to_cart\x0c436734H2c3313cc-17e9-4355-a6d9-a2270b03b49e\x08Cash'
[2025-02-17T14:54:07.820+0000] {subprocess.py:106} INFO - ERROR:root:Sent Avro message to topic checkout_to_cart_topic: b'\x00\x00\x01\x86\xa742025-02-17T14:54:06.848936 checkout_to_cart\x0c671680H4225c8b6-e398-404f-9404-877005bca887\x08Card'
[2025-02-17T14:54:08.775+0000] {subprocess.py:106} INFO - ERROR:root:Sent Avro message to topic checkout_to_cart_topic: b'\x00\x00\x01\x86\xa742025-02-17T14:54:07.820311 checkout_to_cart\x0c436734H3ac52cb3-d7ca-4333-84f4-443bcef8d16a\x08Card'
[2025-02-17T14:54:09.733+0000] {subprocess.py:106} INFO - ERROR:root:Sent Avro message to topic sign_in_topic: b'\x00\x00\x01\x86\xa342025-02-17T14:54:08.775063\x0esign_in\x0c315545'
[2025-02-17T14:54:10.743+0000] {subprocess.py:106} INFO - ERROR:root:Sent Avro message to topic checkout_to_cart_topic: b'\x00\x00\x01\x86\xa742025-02-17T14:54:09.733599 checkout_to_cart\x0c324545Heafda044-3c0b-4b2d-b2ee-83c64fe6d02f\x08Cash'
[2025-02-17T14:54:11.681+0000] {subprocess.py:106} INFO - ERROR:root:Sent Avro message to topic checkout_to_cart_topic: b'\x00\x00\x01\x86\xa742025-02-17T14:54:10.743418 checkout_to_cart\x0c671680Hf3bdc7f8-d81a-4aee-8975-cceeb3ee6515\x08Card'
[2025-02-17T14:54:12.636+0000] {subprocess.py:106} INFO - ERROR:root:Sent Avro message to topic consumer_registration_topic: b'\x00\x00\x01\x86\xa242025-02-17T14:54:11.681514*consumer_registration\x0c912707f,user912707@outlook.com\x06geo'
[2025-02-17T14:54:13.596+0000] {subprocess.py:106} INFO - ERROR:root:Sent Avro message to topic item_view_topic: b'\x00\x00\x01\x86\xa542025-02-17T14:54:12.636267\x12item_view\x0c324545\x1adefault-movie'
[2025-02-17T14:54:14.538+0000] {subprocess.py:106} INFO - ERROR:root:Sent Avro message to topic added_to_cart_topic: b'\x00\x00\x01\x86\xa642025-02-17T14:54:13.596431\x1aadded_to_cart\x0c324545\x1adefault-movieH03a4fe89-371e-43c6-a828-788b8ffef0d0'
[2025-02-17T14:54:15.555+0000] {subprocess.py:106} INFO - ERROR:root:Sent Avro message to topic checkout_to_cart_topic: b'\x00\x00\x01\x86\xa742025-02-17T14:54:14.538011 checkout_to_cart\n56506H3ac52cb3-d7ca-4333-84f4-443bcef8d16a\x08Cash'
[2025-02-17T14:54:16.506+0000] {subprocess.py:106} INFO - ERROR:root:Sent Avro message to topic sign_in_topic: b'\x00\x00\x01\x86\xa342025-02-17T14:54:15.555197\x0esign_in\x0c991683'
[2025-02-17T14:54:17.451+0000] {subprocess.py:106} INFO - ERROR:root:Sent Avro message to topic item_view_topic: b'\x00\x00\x01\x86\xa542025-02-17T14:54:16.506917\x12item_view\x0c436734\x1adefault-movie'
[2025-02-17T14:54:18.387+0000] {subprocess.py:106} INFO - ERROR:root:Sent Avro message to topic checkout_to_cart_topic: b'\x00\x00\x01\x86\xa742025-02-17T14:54:17.451890 checkout_to_cart\x0c315545H4225c8b6-e398-404f-9404-877005bca887\x08Card'
[2025-02-17T14:54:19.358+0000] {subprocess.py:106} INFO - ERROR:root:Sent Avro message to topic sign_out_topic: b'\x00\x00\x01\x86\xa442025-02-17T14:54:18.387096\x10sign_out\x0c436734'
[2025-02-17T14:54:20.318+0000] {subprocess.py:106} INFO - ERROR:root:Sent Avro message to topic sign_out_topic: b'\x00\x00\x01\x86\xa442025-02-17T14:54:19.358625\x10sign_out\x0c671680'
[2025-02-17T14:54:21.272+0000] {subprocess.py:106} INFO - ERROR:root:Sent Avro message to topic item_view_topic: b'\x00\x00\x01\x86\xa542025-02-17T14:54:20.318251\x12item_view\x0c449897\x1adefault-movie'
[2025-02-17T14:54:22.221+0000] {subprocess.py:106} INFO - ERROR:root:Sent Avro message to topic item_view_topic: b'\x00\x00\x01\x86\xa542025-02-17T14:54:21.272134\x12item_view\x0c671680\x1adefault-movie'
[2025-02-17T14:54:23.175+0000] {subprocess.py:106} INFO - ERROR:root:Sent Avro message to topic added_to_cart_topic: b'\x00\x00\x01\x86\xa642025-02-17T14:54:22.221095\x1aadded_to_cart\x0c671680\x1adefault-movieH5181a362-6394-4d65-be63-d85f679b27cd'
[2025-02-17T14:54:24.132+0000] {subprocess.py:106} INFO - ERROR:root:Sent Avro message to topic consumer_registration_topic: b'\x00\x00\x01\x86\xa242025-02-17T14:54:23.175329*consumer_registration\x0c131526D(user131526@yahoo.com\x06eng'
[2025-02-17T14:54:25.066+0000] {subprocess.py:106} INFO - ERROR:root:Sent Avro message to topic sign_out_topic: b'\x00\x00\x01\x86\xa442025-02-17T14:54:24.132413\x10sign_out\x0c449897'
[2025-02-17T14:54:26.009+0000] {subprocess.py:106} INFO - ERROR:root:Sent Avro message to topic sign_in_topic: b'\x00\x00\x01\x86\xa342025-02-17T14:54:25.066791\x0esign_in\n56506'
[2025-02-17T14:54:26.972+0000] {subprocess.py:106} INFO - ERROR:root:Sent Avro message to topic sign_out_topic: b'\x00\x00\x01\x86\xa442025-02-17T14:54:26.009098\x10sign_out\x0c991683'
[2025-02-17T14:54:27.923+0000] {subprocess.py:106} INFO - ERROR:root:Sent Avro message to topic sign_out_topic: b'\x00\x00\x01\x86\xa442025-02-17T14:54:26.972292\x10sign_out\x0c399779'
[2025-02-17T14:54:28.867+0000] {subprocess.py:106} INFO - ERROR:root:Sent Avro message to topic sign_in_topic: b'\x00\x00\x01\x86\xa342025-02-17T14:54:27.923837\x0esign_in\x0c912707'
[2025-02-17T14:54:29.838+0000] {subprocess.py:106} INFO - ERROR:root:Sent Avro message to topic consumer_registration_topic: b'\x00\x00\x01\x86\xa242025-02-17T14:54:28.867733*consumer_registration\x0c351695\xb6\x01,user351695@outlook.com\x00'
[2025-02-17T14:54:30.801+0000] {subprocess.py:106} INFO - ERROR:root:Sent Avro message to topic checkout_to_cart_topic: b'\x00\x00\x01\x86\xa742025-02-17T14:54:29.838003 checkout_to_cart\x0c698124Hf3bdc7f8-d81a-4aee-8975-cceeb3ee6515\x08Cash'
[2025-02-17T14:54:31.742+0000] {subprocess.py:106} INFO - ERROR:root:Sent Avro message to topic added_to_cart_topic: b'\x00\x00\x01\x86\xa642025-02-17T14:54:30.801703\x1aadded_to_cart\x0c991683\x1adefault-movieH10965976-015b-40f0-845b-c347bcac1e57'
[2025-02-17T14:54:32.691+0000] {subprocess.py:106} INFO - ERROR:root:Sent Avro message to topic item_view_topic: b'\x00\x00\x01\x86\xa542025-02-17T14:54:31.742468\x12item_view\x0c131526\x1adefault-movie'
[2025-02-17T14:54:33.644+0000] {subprocess.py:106} INFO - ERROR:root:Sent Avro message to topic checkout_to_cart_topic: b'\x00\x00\x01\x86\xa742025-02-17T14:54:32.691279 checkout_to_cart\x0c698124Hcdd870a8-5f32-479e-b24b-9b42630c1ac6\x08Card'
[2025-02-17T14:54:34.600+0000] {subprocess.py:106} INFO - ERROR:root:Sent Avro message to topic checkout_to_cart_topic: b'\x00\x00\x01\x86\xa742025-02-17T14:54:33.644566 checkout_to_cart\x0c351695H3ac52cb3-d7ca-4333-84f4-443bcef8d16a\x08Cash'
[2025-02-17T14:54:35.561+0000] {subprocess.py:106} INFO - ERROR:root:Sent Avro message to topic added_to_cart_topic: b'\x00\x00\x01\x86\xa642025-02-17T14:54:34.600582\x1aadded_to_cart\x0c315545\x1adefault-movieHbfab5ad4-43a0-46e7-aedb-5d50f12bae86'
[2025-02-17T14:54:36.521+0000] {subprocess.py:106} INFO - ERROR:root:Sent Avro message to topic added_to_cart_topic: b'\x00\x00\x01\x86\xa642025-02-17T14:54:35.561418\x1aadded_to_cart\x0c324545\x1adefault-movieH0f390200-3d26-43c7-8164-636df2ee7c32'
[2025-02-17T14:54:37.482+0000] {subprocess.py:106} INFO - ERROR:root:Sent Avro message to topic item_view_topic: b'\x00\x00\x01\x86\xa542025-02-17T14:54:36.521367\x12item_view\x0c449897\x1adefault-movie'
[2025-02-17T14:54:38.439+0000] {subprocess.py:106} INFO - ERROR:root:Sent Avro message to topic consumer_registration_topic: b'\x00\x00\x01\x86\xa242025-02-17T14:54:37.482602*consumer_registration\x0c595475\xa6\x01,user595475@outlook.com\x06eng'
[2025-02-17T14:54:39.472+0000] {subprocess.py:106} INFO - ERROR:root:Sent Avro message to topic consumer_registration_topic: b'\x00\x00\x01\x86\xa242025-02-17T14:54:38.439659*consumer_registration\x0c131868\xa4\x01(user131868@gmail.com\x00'
[2025-02-17T14:54:40.433+0000] {subprocess.py:106} INFO - ERROR:root:Sent Avro message to topic consumer_registration_topic: b'\x00\x00\x01\x86\xa242025-02-17T14:54:39.472624*consumer_registration\x0c452952\x82\x01(user452952@yahoo.com\x06eng'
[2025-02-17T14:54:41.392+0000] {subprocess.py:106} INFO - ERROR:root:Sent Avro message to topic sign_out_topic: b'\x00\x00\x01\x86\xa442025-02-17T14:54:40.433048\x10sign_out\x0c436734'
[2025-02-17T14:54:42.342+0000] {subprocess.py:106} INFO - ERROR:root:Sent Avro message to topic sign_in_topic: b'\x00\x00\x01\x86\xa342025-02-17T14:54:41.392456\x0esign_in\x0c357077'
[2025-02-17T14:54:43.288+0000] {subprocess.py:106} INFO - ERROR:root:Sent Avro message to topic item_view_topic: b'\x00\x00\x01\x86\xa542025-02-17T14:54:42.342524\x12item_view\x0c315545\x1adefault-movie'
[2025-02-17T14:54:44.244+0000] {subprocess.py:106} INFO - ERROR:root:Sent Avro message to topic item_view_topic: b'\x00\x00\x01\x86\xa542025-02-17T14:54:43.288323\x12item_view\x0c315545\x1adefault-movie'
[2025-02-17T14:54:45.199+0000] {subprocess.py:106} INFO - ERROR:root:Sent Avro message to topic consumer_registration_topic: b'\x00\x00\x01\x86\xa242025-02-17T14:54:44.244170*consumer_registration\x0c990252\x84\x01(user990252@gmail.com\x00'
[2025-02-17T14:54:46.164+0000] {subprocess.py:106} INFO - ERROR:root:Sent Avro message to topic added_to_cart_topic: b'\x00\x00\x01\x86\xa642025-02-17T14:54:45.199505\x1aadded_to_cart\x0c324545\x1adefault-movieH26f9397c-9b09-4cea-8e54-62a1da141f35'
[2025-02-17T14:54:47.108+0000] {subprocess.py:106} INFO - ERROR:root:Sent Avro message to topic consumer_registration_topic: b'\x00\x00\x01\x86\xa242025-02-17T14:54:46.164964*consumer_registration\x0c879702z(user879702@gmail.com\x06geo'
[2025-02-17T14:54:48.061+0000] {subprocess.py:106} INFO - ERROR:root:Sent Avro message to topic added_to_cart_topic: b'\x00\x00\x01\x86\xa642025-02-17T14:54:47.108341\x1aadded_to_cart\x0c315545\x1adefault-movieH9fdff77f-1927-422e-970f-c765a9caa804'
[2025-02-17T14:54:49.125+0000] {subprocess.py:110} INFO - Command exited with return code 0
[2025-02-17T14:54:49.146+0000] {taskinstance.py:340} INFO - ::group::Post task execution logs
[2025-02-17T14:54:49.147+0000] {taskinstance.py:352} INFO - Marking task as SUCCESS. dag_id=kafka_streaming_process_pipeline, task_id=start_kafka_producers, run_id=manual__2025-02-17T14:52:49.345002+00:00, execution_date=20250217T145249, start_date=20250217T145305, end_date=20250217T145449
[2025-02-17T14:54:49.189+0000] {local_task_job_runner.py:266} INFO - Task exited with return code 0
[2025-02-17T14:54:49.201+0000] {taskinstance.py:3895} INFO - 0 downstream tasks scheduled from follow-on schedule check
[2025-02-17T14:54:49.203+0000] {local_task_job_runner.py:245} INFO - ::endgroup::
