[2025-02-18T11:15:05.186+0000] {local_task_job_runner.py:123} INFO - ::group::Pre task execution logs
[2025-02-18T11:15:05.198+0000] {taskinstance.py:2613} INFO - Dependencies all met for dep_context=non-requeueable deps ti=<TaskInstance: kafka_streaming_process_pipeline.stream_processor scheduled__2025-02-17T11:00:00+00:00 [queued]>
[2025-02-18T11:15:05.204+0000] {taskinstance.py:2613} INFO - Dependencies all met for dep_context=requeueable deps ti=<TaskInstance: kafka_streaming_process_pipeline.stream_processor scheduled__2025-02-17T11:00:00+00:00 [queued]>
[2025-02-18T11:15:05.204+0000] {taskinstance.py:2866} INFO - Starting attempt 1 of 1
[2025-02-18T11:15:05.218+0000] {taskinstance.py:2889} INFO - Executing <Task(BashOperator): stream_processor> on 2025-02-17 11:00:00+00:00
[2025-02-18T11:15:05.224+0000] {standard_task_runner.py:104} INFO - Running: ['***', 'tasks', 'run', 'kafka_streaming_process_pipeline', 'stream_processor', 'scheduled__2025-02-17T11:00:00+00:00', '--job-id', '98', '--raw', '--subdir', 'DAGS_FOLDER/kafka_streaming_process.py', '--cfg-path', '/tmp/tmpi6ybcuxv']
[2025-02-18T11:15:05.227+0000] {standard_task_runner.py:105} INFO - Job 98: Subtask stream_processor
[2025-02-18T11:15:05.231+0000] {logging_mixin.py:190} WARNING - /home/***/.local/lib/python3.12/site-packages/***/task/task_runner/standard_task_runner.py:70 DeprecationWarning: This process (pid=496) is multi-threaded, use of fork() may lead to deadlocks in the child.
[2025-02-18T11:15:05.231+0000] {standard_task_runner.py:72} INFO - Started process 498 to run task
[2025-02-18T11:15:05.270+0000] {task_command.py:467} INFO - Running <TaskInstance: kafka_streaming_process_pipeline.stream_processor scheduled__2025-02-17T11:00:00+00:00 [running]> on host 944871224fc0
[2025-02-18T11:15:05.336+0000] {taskinstance.py:3132} INFO - Exporting env vars: AIRFLOW_CTX_DAG_OWNER='***' AIRFLOW_CTX_DAG_ID='kafka_streaming_process_pipeline' AIRFLOW_CTX_TASK_ID='stream_processor' AIRFLOW_CTX_EXECUTION_DATE='2025-02-17T11:00:00+00:00' AIRFLOW_CTX_TRY_NUMBER='1' AIRFLOW_CTX_DAG_RUN_ID='scheduled__2025-02-17T11:00:00+00:00'
[2025-02-18T11:15:05.337+0000] {taskinstance.py:731} INFO - ::endgroup::
[2025-02-18T11:15:05.368+0000] {subprocess.py:78} INFO - Tmp dir root location: /tmp
[2025-02-18T11:15:05.369+0000] {subprocess.py:88} INFO - Running command: ['/usr/bin/bash', '-c', 'python3 /usr/local/app/services/spark_streaming_processor.py']
[2025-02-18T11:15:05.376+0000] {subprocess.py:99} INFO - Output:
[2025-02-18T11:15:08.266+0000] {subprocess.py:110} INFO - Command exited with return code 0
[2025-02-18T11:15:08.295+0000] {taskinstance.py:340} INFO - ::group::Post task execution logs
[2025-02-18T11:15:08.296+0000] {taskinstance.py:352} INFO - Marking task as SUCCESS. dag_id=kafka_streaming_process_pipeline, task_id=stream_processor, run_id=scheduled__2025-02-17T11:00:00+00:00, execution_date=20250217T110000, start_date=20250218T111505, end_date=20250218T111508
[2025-02-18T11:15:08.335+0000] {local_task_job_runner.py:266} INFO - Task exited with return code 0
[2025-02-18T11:15:08.350+0000] {taskinstance.py:3895} INFO - 0 downstream tasks scheduled from follow-on schedule check
[2025-02-18T11:15:08.353+0000] {local_task_job_runner.py:245} INFO - ::endgroup::
