[2025-02-17T19:46:22.513+0000] {local_task_job_runner.py:123} INFO - ::group::Pre task execution logs
[2025-02-17T19:46:22.527+0000] {taskinstance.py:2613} INFO - Dependencies all met for dep_context=non-requeueable deps ti=<TaskInstance: kafka_streaming_process_pipeline.start_user_activity_kafka_producers manual__2025-02-17T19:46:22.248865+00:00 [queued]>
[2025-02-17T19:46:22.536+0000] {taskinstance.py:2613} INFO - Dependencies all met for dep_context=requeueable deps ti=<TaskInstance: kafka_streaming_process_pipeline.start_user_activity_kafka_producers manual__2025-02-17T19:46:22.248865+00:00 [queued]>
[2025-02-17T19:46:22.547+0000] {taskinstance.py:2866} INFO - Starting attempt 1 of 1
[2025-02-17T19:46:22.561+0000] {taskinstance.py:2889} INFO - Executing <Task(BashOperator): start_user_activity_kafka_producers> on 2025-02-17 19:46:22.248865+00:00
[2025-02-17T19:46:22.567+0000] {standard_task_runner.py:104} INFO - Running: ['***', 'tasks', 'run', 'kafka_streaming_process_pipeline', 'start_user_activity_kafka_producers', 'manual__2025-02-17T19:46:22.248865+00:00', '--job-id', '70', '--raw', '--subdir', 'DAGS_FOLDER/kafka_streaming_process.py', '--cfg-path', '/tmp/tmplplbs429']
[2025-02-17T19:46:22.570+0000] {standard_task_runner.py:105} INFO - Job 70: Subtask start_user_activity_kafka_producers
[2025-02-17T19:46:22.571+0000] {logging_mixin.py:190} WARNING - /home/***/.local/lib/python3.12/site-packages/***/task/task_runner/standard_task_runner.py:70 DeprecationWarning: This process (pid=731) is multi-threaded, use of fork() may lead to deadlocks in the child.
[2025-02-17T19:46:22.573+0000] {standard_task_runner.py:72} INFO - Started process 732 to run task
[2025-02-17T19:46:22.612+0000] {task_command.py:467} INFO - Running <TaskInstance: kafka_streaming_process_pipeline.start_user_activity_kafka_producers manual__2025-02-17T19:46:22.248865+00:00 [running]> on host c20563c2c1e7
[2025-02-17T19:46:22.688+0000] {taskinstance.py:3132} INFO - Exporting env vars: AIRFLOW_CTX_DAG_OWNER='***' AIRFLOW_CTX_DAG_ID='kafka_streaming_process_pipeline' AIRFLOW_CTX_TASK_ID='start_user_activity_kafka_producers' AIRFLOW_CTX_EXECUTION_DATE='2025-02-17T19:46:22.248865+00:00' AIRFLOW_CTX_TRY_NUMBER='1' AIRFLOW_CTX_DAG_RUN_ID='manual__2025-02-17T19:46:22.248865+00:00'
[2025-02-17T19:46:22.688+0000] {taskinstance.py:731} INFO - ::endgroup::
[2025-02-17T19:46:22.703+0000] {subprocess.py:78} INFO - Tmp dir root location: /tmp
[2025-02-17T19:46:22.704+0000] {subprocess.py:88} INFO - Running command: ['/usr/bin/bash', '-c', 'python3 /usr/local/app/kafka/UserActivitySimulator.py']
[2025-02-17T19:46:22.711+0000] {subprocess.py:99} INFO - Output:
[2025-02-17T19:46:23.690+0000] {subprocess.py:106} INFO - /home/***/.local/lib/python3.12/site-packages/pyspark/bin/load-spark-env.sh: line 68: ps: command not found
[2025-02-17T19:46:25.138+0000] {subprocess.py:106} INFO - Setting default log level to "WARN".
[2025-02-17T19:46:25.139+0000] {subprocess.py:106} INFO - To adjust logging level use sc.setLogLevel(newLevel). For SparkR, use setLogLevel(newLevel).
[2025-02-17T19:46:25.309+0000] {subprocess.py:106} INFO - 25/02/17 19:46:25 WARN NativeCodeLoader: Unable to load native-hadoop library for your platform... using builtin-java classes where applicable
[2025-02-17T19:46:27.607+0000] {subprocess.py:106} INFO - %6|1739821587.607|GETSUBSCRIPTIONS|ccloud-python-client-d5d51593-8a8e-4679-b89e-7349479019ff#producer-1| [thrd:main]: Telemetry client instance id changed from AAAAAAAAAAAAAAAAAAAAAA to W3hA3/WPS1KtIh2E901Vsg
[2025-02-17T19:46:28.352+0000] {subprocess.py:106} INFO - ERROR:root:Sent Avro message to topic sign_out_topic: b'\x00\x00\x01\x86\xa442025-02-17T19:46:26.273181\x10sign_out\x0c712854'
[2025-02-17T19:46:29.329+0000] {subprocess.py:106} INFO - ERROR:root:Sent Avro message to topic sign_in_topic: b'\x00\x00\x01\x86\xa342025-02-17T19:46:28.352240\x0esign_in\x0c712854'
[2025-02-17T19:46:30.596+0000] {subprocess.py:106} INFO - ERROR:root:Sent Avro message to topic sign_in_topic: b'\x00\x00\x01\x86\xa342025-02-17T19:46:29.329284\x0esign_in\x0c712854'
[2025-02-17T19:46:32.581+0000] {subprocess.py:106} INFO - ERROR:root:Sent Avro message to topic checkout_to_cart_topic: b'\x00\x00\x01\x86\xa742025-02-17T19:46:30.596118 checkout_to_cart\x0c712854Hd2ca50e8-96a1-42be-9053-0145d6aa0980\x08Cash'
[2025-02-17T19:46:33.584+0000] {subprocess.py:106} INFO - ERROR:root:Sent Avro message to topic sign_out_topic: b'\x00\x00\x01\x86\xa442025-02-17T19:46:32.581480\x10sign_out\x0c712854'
[2025-02-17T19:46:34.560+0000] {subprocess.py:106} INFO - ERROR:root:Sent Avro message to topic sign_in_topic: b'\x00\x00\x01\x86\xa342025-02-17T19:46:33.584849\x0esign_in\x0c712854'
[2025-02-17T19:46:35.516+0000] {subprocess.py:106} INFO - ERROR:root:Sent Avro message to topic sign_out_topic: b'\x00\x00\x01\x86\xa442025-02-17T19:46:34.560599\x10sign_out\x0c712854'
[2025-02-17T19:46:36.478+0000] {subprocess.py:106} INFO - ERROR:root:Sent Avro message to topic sign_in_topic: b'\x00\x00\x01\x86\xa342025-02-17T19:46:35.516217\x0esign_in\x0c712854'
[2025-02-17T19:46:37.422+0000] {subprocess.py:106} INFO - ERROR:root:Sent Avro message to topic sign_in_topic: b'\x00\x00\x01\x86\xa342025-02-17T19:46:36.478092\x0esign_in\x0c712854'
[2025-02-17T19:46:38.386+0000] {subprocess.py:106} INFO - ERROR:root:Sent Avro message to topic sign_out_topic: b'\x00\x00\x01\x86\xa442025-02-17T19:46:37.422824\x10sign_out\x0c712854'
[2025-02-17T19:46:39.090+0000] {subprocess.py:110} INFO - Command exited with return code 0
[2025-02-17T19:46:39.107+0000] {taskinstance.py:340} INFO - ::group::Post task execution logs
[2025-02-17T19:46:39.108+0000] {taskinstance.py:352} INFO - Marking task as SUCCESS. dag_id=kafka_streaming_process_pipeline, task_id=start_user_activity_kafka_producers, run_id=manual__2025-02-17T19:46:22.248865+00:00, execution_date=20250217T194622, start_date=20250217T194622, end_date=20250217T194639
[2025-02-17T19:46:39.130+0000] {local_task_job_runner.py:266} INFO - Task exited with return code 0
[2025-02-17T19:46:39.144+0000] {taskinstance.py:3895} INFO - 1 downstream tasks scheduled from follow-on schedule check
[2025-02-17T19:46:39.145+0000] {local_task_job_runner.py:245} INFO - ::endgroup::
