[2025-02-17T20:51:33.587+0000] {local_task_job_runner.py:123} INFO - ::group::Pre task execution logs
[2025-02-17T20:51:33.603+0000] {taskinstance.py:2613} INFO - Dependencies all met for dep_context=non-requeueable deps ti=<TaskInstance: kafka_streaming_process_pipeline.start_user_activity_kafka_producers manual__2025-02-17T20:51:33.190890+00:00 [queued]>
[2025-02-17T20:51:33.611+0000] {taskinstance.py:2613} INFO - Dependencies all met for dep_context=requeueable deps ti=<TaskInstance: kafka_streaming_process_pipeline.start_user_activity_kafka_producers manual__2025-02-17T20:51:33.190890+00:00 [queued]>
[2025-02-17T20:51:33.614+0000] {taskinstance.py:2866} INFO - Starting attempt 1 of 1
[2025-02-17T20:51:33.627+0000] {taskinstance.py:2889} INFO - Executing <Task(BashOperator): start_user_activity_kafka_producers> on 2025-02-17 20:51:33.190890+00:00
[2025-02-17T20:51:33.635+0000] {standard_task_runner.py:104} INFO - Running: ['***', 'tasks', 'run', 'kafka_streaming_process_pipeline', 'start_user_activity_kafka_producers', 'manual__2025-02-17T20:51:33.190890+00:00', '--job-id', '74', '--raw', '--subdir', 'DAGS_FOLDER/kafka_streaming_process.py', '--cfg-path', '/tmp/tmp9tqngbju']
[2025-02-17T20:51:33.637+0000] {standard_task_runner.py:105} INFO - Job 74: Subtask start_user_activity_kafka_producers
[2025-02-17T20:51:33.637+0000] {logging_mixin.py:190} WARNING - /home/***/.local/lib/python3.12/site-packages/***/task/task_runner/standard_task_runner.py:70 DeprecationWarning: This process (pid=3068) is multi-threaded, use of fork() may lead to deadlocks in the child.
[2025-02-17T20:51:33.638+0000] {standard_task_runner.py:72} INFO - Started process 3069 to run task
[2025-02-17T20:51:33.680+0000] {task_command.py:467} INFO - Running <TaskInstance: kafka_streaming_process_pipeline.start_user_activity_kafka_producers manual__2025-02-17T20:51:33.190890+00:00 [running]> on host c20563c2c1e7
[2025-02-17T20:51:33.750+0000] {taskinstance.py:3132} INFO - Exporting env vars: AIRFLOW_CTX_DAG_OWNER='***' AIRFLOW_CTX_DAG_ID='kafka_streaming_process_pipeline' AIRFLOW_CTX_TASK_ID='start_user_activity_kafka_producers' AIRFLOW_CTX_EXECUTION_DATE='2025-02-17T20:51:33.190890+00:00' AIRFLOW_CTX_TRY_NUMBER='1' AIRFLOW_CTX_DAG_RUN_ID='manual__2025-02-17T20:51:33.190890+00:00'
[2025-02-17T20:51:33.750+0000] {taskinstance.py:731} INFO - ::endgroup::
[2025-02-17T20:51:33.768+0000] {subprocess.py:78} INFO - Tmp dir root location: /tmp
[2025-02-17T20:51:33.769+0000] {subprocess.py:88} INFO - Running command: ['/usr/bin/bash', '-c', 'python3 /usr/local/app/kafka/UserActivitySimulator.py']
[2025-02-17T20:51:33.776+0000] {subprocess.py:99} INFO - Output:
[2025-02-17T20:51:34.719+0000] {subprocess.py:106} INFO - /home/***/.local/lib/python3.12/site-packages/pyspark/bin/load-spark-env.sh: line 68: ps: command not found
[2025-02-17T20:51:35.978+0000] {subprocess.py:106} INFO - Setting default log level to "WARN".
[2025-02-17T20:51:35.979+0000] {subprocess.py:106} INFO - To adjust logging level use sc.setLogLevel(newLevel). For SparkR, use setLogLevel(newLevel).
[2025-02-17T20:51:36.107+0000] {subprocess.py:106} INFO - 25/02/17 20:51:36 WARN NativeCodeLoader: Unable to load native-hadoop library for your platform... using builtin-java classes where applicable
[2025-02-17T20:51:38.226+0000] {subprocess.py:106} INFO - %6|1739825498.226|GETSUBSCRIPTIONS|ccloud-python-client-d5d51593-8a8e-4679-b89e-7349479019ff#producer-1| [thrd:main]: Telemetry client instance id changed from AAAAAAAAAAAAAAAAAAAAAA to aYMryDpXT2y3c0kDiifULw
[2025-02-17T20:51:39.072+0000] {subprocess.py:106} INFO - ERROR:root:Sent Avro message to topic checkout_to_cart_topic: b'\x00\x00\x01\x86\xa742025-02-17T20:51:36.998879 checkout_to_cart\x0c243693H1923dbd8-31f1-46ae-b464-39f77889c4a2\x08Card'
[2025-02-17T20:51:40.654+0000] {subprocess.py:106} INFO - ERROR:root:Sent Avro message to topic sign_in_topic: b'\x00\x00\x01\x86\xa342025-02-17T20:51:39.173118\x0esign_in\x0c243693'
[2025-02-17T20:51:41.720+0000] {subprocess.py:106} INFO - ERROR:root:Sent Avro message to topic sign_out_topic: b'\x00\x00\x01\x86\xa442025-02-17T20:51:40.754631\x10sign_out\x0c243693'
[2025-02-17T20:51:42.777+0000] {subprocess.py:106} INFO - ERROR:root:Sent Avro message to topic sign_in_topic: b'\x00\x00\x01\x86\xa342025-02-17T20:51:41.819995\x0esign_in\x0c243693'
[2025-02-17T20:51:43.811+0000] {subprocess.py:106} INFO - ERROR:root:Sent Avro message to topic sign_in_topic: b'\x00\x00\x01\x86\xa342025-02-17T20:51:42.877567\x0esign_in\x0c243693'
[2025-02-17T20:51:44.870+0000] {subprocess.py:106} INFO - ERROR:root:Sent Avro message to topic checkout_to_cart_topic: b'\x00\x00\x01\x86\xa742025-02-17T20:51:43.911561 checkout_to_cart\x0c243693Hf2be20a4-91f7-4875-b174-ca6a33c08086\x08Card'
[2025-02-17T20:51:45.929+0000] {subprocess.py:106} INFO - ERROR:root:Sent Avro message to topic consumer_registration_topic: b'\x00\x00\x01\x86\xa242025-02-17T20:51:44.970232*consumer_registration\n10001T*user10001@outlook.com\x06eng'
[2025-02-17T20:51:47.394+0000] {subprocess.py:106} INFO - ERROR:root:Sent Avro message to topic consumer_registration_topic: b'\x00\x00\x01\x86\xa242025-02-17T20:51:46.029957*consumer_registration\x0c988853\xa0\x01(user988853@gmail.com\x00'
[2025-02-17T20:51:48.467+0000] {subprocess.py:106} INFO - ERROR:root:Sent Avro message to topic sign_in_topic: b'\x00\x00\x01\x86\xa342025-02-17T20:51:47.494915\x0esign_in\x0c988853'
[2025-02-17T20:51:49.591+0000] {subprocess.py:106} INFO - ERROR:root:Sent Avro message to topic consumer_registration_topic: b'\x00\x00\x01\x86\xa242025-02-17T20:51:48.568153*consumer_registration\x0c897394j(user897394@gmail.com\x06eng'
[2025-02-17T20:51:50.809+0000] {subprocess.py:106} INFO - ERROR:root:Sent Avro message to topic consumer_registration_topic: b'\x00\x00\x01\x86\xa242025-02-17T20:51:49.691396*consumer_registration\x0c420857f,user420857@outlook.com\x06eng'
[2025-02-17T20:51:52.041+0000] {subprocess.py:106} INFO - ERROR:root:Sent Avro message to topic checkout_to_cart_topic: b'\x00\x00\x01\x86\xa742025-02-17T20:51:50.909662 checkout_to_cart\x0c243693H76e1673a-7e04-4787-a09f-e2d116e60a52\x08Cash'
[2025-02-17T20:51:53.256+0000] {subprocess.py:106} INFO - ERROR:root:Sent Avro message to topic checkout_to_cart_topic: b'\x00\x00\x01\x86\xa742025-02-17T20:51:52.141379 checkout_to_cart\n10001H2aac4c56-5202-48f4-811e-2673318566eb\x08Card'
[2025-02-17T20:51:54.462+0000] {subprocess.py:106} INFO - ERROR:root:Sent Avro message to topic consumer_registration_topic: b'\x00\x00\x01\x86\xa242025-02-17T20:51:53.356291*consumer_registration\x0c1134334(user113433@gmail.com\x06eng'
[2025-02-17T20:51:55.656+0000] {subprocess.py:106} INFO - ERROR:root:Sent Avro message to topic sign_in_topic: b'\x00\x00\x01\x86\xa342025-02-17T20:51:54.562769\x0esign_in\x0c988853'
[2025-02-17T20:51:57.724+0000] {subprocess.py:106} INFO - ERROR:root:Sent Avro message to topic consumer_registration_topic: b'\x00\x00\x01\x86\xa242025-02-17T20:51:55.756886*consumer_registration\x0c105638f(user105638@gmail.com\x06geo'
[2025-02-17T20:51:58.791+0000] {subprocess.py:106} INFO - ERROR:root:Sent Avro message to topic sign_out_topic: b'\x00\x00\x01\x86\xa442025-02-17T20:51:57.824431\x10sign_out\x0c988853'
[2025-02-17T20:51:59.870+0000] {subprocess.py:106} INFO - ERROR:root:Sent Avro message to topic sign_out_topic: b'\x00\x00\x01\x86\xa442025-02-17T20:51:58.892117\x10sign_out\x0c113433'
[2025-02-17T20:52:00.915+0000] {subprocess.py:106} INFO - ERROR:root:Sent Avro message to topic checkout_to_cart_topic: b'\x00\x00\x01\x86\xa742025-02-17T20:51:59.970303 checkout_to_cart\x0c105638H8b89fb89-eccb-411d-909b-c198e9b445c8\x08Card'
[2025-02-17T20:52:01.960+0000] {subprocess.py:106} INFO - ERROR:root:Sent Avro message to topic sign_in_topic: b'\x00\x00\x01\x86\xa342025-02-17T20:52:01.015830\x0esign_in\x0c105638'
[2025-02-17T20:52:03.006+0000] {subprocess.py:106} INFO - ERROR:root:Sent Avro message to topic sign_out_topic: b'\x00\x00\x01\x86\xa442025-02-17T20:52:02.060492\x10sign_out\x0c420857'
[2025-02-17T20:52:04.058+0000] {subprocess.py:106} INFO - ERROR:root:Sent Avro message to topic sign_in_topic: b'\x00\x00\x01\x86\xa342025-02-17T20:52:03.106563\x0esign_in\x0c243693'
[2025-02-17T20:52:05.118+0000] {subprocess.py:106} INFO - ERROR:root:Sent Avro message to topic checkout_to_cart_topic: b'\x00\x00\x01\x86\xa742025-02-17T20:52:04.158852 checkout_to_cart\x0c113433H559eed02-2f3f-4cff-8d27-71f2357c0231\x08Cash'
[2025-02-17T20:52:06.172+0000] {subprocess.py:106} INFO - ERROR:root:Sent Avro message to topic checkout_to_cart_topic: b'\x00\x00\x01\x86\xa742025-02-17T20:52:05.219028 checkout_to_cart\n10001H01c5d9bf-0e1e-40cc-ba3c-29609980f6c7\x08Card'
[2025-02-17T20:52:07.224+0000] {subprocess.py:106} INFO - ERROR:root:Sent Avro message to topic sign_in_topic: b'\x00\x00\x01\x86\xa342025-02-17T20:52:06.272824\x0esign_in\x0c897394'
[2025-02-17T20:52:08.294+0000] {subprocess.py:106} INFO - ERROR:root:Sent Avro message to topic sign_out_topic: b'\x00\x00\x01\x86\xa442025-02-17T20:52:07.324856\x10sign_out\x0c243693'
[2025-02-17T20:52:09.367+0000] {subprocess.py:106} INFO - ERROR:root:Sent Avro message to topic consumer_registration_topic: b'\x00\x00\x01\x86\xa242025-02-17T20:52:08.394533*consumer_registration\x0c7356150,user735615@outlook.com\x06geo'
[2025-02-17T20:52:10.428+0000] {subprocess.py:106} INFO - ERROR:root:Sent Avro message to topic consumer_registration_topic: b'\x00\x00\x01\x86\xa242025-02-17T20:52:09.467995*consumer_registration\x0c870096\xb2\x01,user870096@outlook.com\x06eng'
[2025-02-17T20:52:11.655+0000] {subprocess.py:106} INFO - ERROR:root:Sent Avro message to topic sign_out_topic: b'\x00\x00\x01\x86\xa442025-02-17T20:52:10.528487\x10sign_out\x0c420857'
[2025-02-17T20:52:12.704+0000] {subprocess.py:106} INFO - ERROR:root:Sent Avro message to topic consumer_registration_topic: b'\x00\x00\x01\x86\xa242025-02-17T20:52:11.756021*consumer_registration\x0c280505R(user280505@yahoo.com\x00'
[2025-02-17T20:52:13.753+0000] {subprocess.py:106} INFO - ERROR:root:Sent Avro message to topic checkout_to_cart_topic: b'\x00\x00\x01\x86\xa742025-02-17T20:52:12.804462 checkout_to_cart\x0c988853Ha0d0e9f6-30a5-416d-b490-bb1f70d6e1cb\x08Cash'
[2025-02-17T20:52:14.511+0000] {subprocess.py:106} INFO - ERROR:root:Sent Avro message to topic consumer_registration_topic: b'\x00\x00\x01\x86\xa242025-02-17T20:52:13.853904*consumer_registration\x0c747032\\(user747032@yahoo.com\x06eng'
[2025-02-17T20:52:15.557+0000] {subprocess.py:106} INFO - ERROR:root:Sent Avro message to topic checkout_to_cart_topic: b'\x00\x00\x01\x86\xa742025-02-17T20:52:14.611722 checkout_to_cart\x0c870096H888b0a92-b151-415b-9c7f-3b118a06e814\x08Cash'
[2025-02-17T20:52:16.629+0000] {subprocess.py:106} INFO - ERROR:root:Sent Avro message to topic checkout_to_cart_topic: b'\x00\x00\x01\x86\xa742025-02-17T20:52:15.657119 checkout_to_cart\x0c897394H7f5b308b-5d7f-4276-a05a-760eec91ea25\x08Card'
[2025-02-17T20:52:17.687+0000] {subprocess.py:106} INFO - ERROR:root:Sent Avro message to topic sign_in_topic: b'\x00\x00\x01\x86\xa342025-02-17T20:52:16.729147\x0esign_in\x0c735615'
[2025-02-17T20:52:18.744+0000] {subprocess.py:106} INFO - ERROR:root:Sent Avro message to topic consumer_registration_topic: b'\x00\x00\x01\x86\xa242025-02-17T20:52:17.787582*consumer_registration\n69735X*user69735@outlook.com\x06geo'
[2025-02-17T20:52:19.797+0000] {subprocess.py:106} INFO - ERROR:root:Sent Avro message to topic sign_out_topic: b'\x00\x00\x01\x86\xa442025-02-17T20:52:18.844771\x10sign_out\n10001'
[2025-02-17T20:52:20.848+0000] {subprocess.py:106} INFO - ERROR:root:Sent Avro message to topic sign_in_topic: b'\x00\x00\x01\x86\xa342025-02-17T20:52:19.897860\x0esign_in\x0c735615'
[2025-02-17T20:52:21.889+0000] {subprocess.py:106} INFO - ERROR:root:Sent Avro message to topic sign_in_topic: b'\x00\x00\x01\x86\xa342025-02-17T20:52:20.949068\x0esign_in\n10001'
[2025-02-17T20:52:22.939+0000] {subprocess.py:106} INFO - ERROR:root:Sent Avro message to topic consumer_registration_topic: b'\x00\x00\x01\x86\xa242025-02-17T20:52:21.989068*consumer_registration\x0c758469&(user758469@gmail.com\x00'
[2025-02-17T20:52:24.001+0000] {subprocess.py:106} INFO - ERROR:root:Sent Avro message to topic sign_in_topic: b'\x00\x00\x01\x86\xa342025-02-17T20:52:23.039794\x0esign_in\x0c735615'
[2025-02-17T20:52:24.120+0000] {local_task_job_runner.py:346} WARNING - State of this instance has been externally set to failed. Terminating instance.
[2025-02-17T20:52:24.121+0000] {local_task_job_runner.py:245} INFO - ::endgroup::
[2025-02-17T20:52:24.123+0000] {process_utils.py:132} INFO - Sending 15 to group 3069. PIDs of all processes in the group: [3071, 3087, 3069]
[2025-02-17T20:52:24.124+0000] {process_utils.py:87} INFO - Sending the signal 15 to group 3069
[2025-02-17T20:52:24.124+0000] {taskinstance.py:3093} ERROR - Received SIGTERM. Terminating subprocesses.
[2025-02-17T20:52:24.125+0000] {subprocess.py:117} INFO - Sending SIGTERM signal to process group
[2025-02-17T20:52:24.142+0000] {taskinstance.py:340} INFO - ::group::Post task execution logs
[2025-02-17T20:52:24.151+0000] {process_utils.py:80} INFO - Process psutil.Process(pid=3071, status='terminated', started='20:51:33') (3071) terminated with exit code None
[2025-02-17T20:52:24.525+0000] {process_utils.py:80} INFO - Process psutil.Process(pid=3087, status='terminated', started='20:51:34') (3087) terminated with exit code None
[2025-02-17T20:52:24.525+0000] {process_utils.py:80} INFO - Process psutil.Process(pid=3069, status='terminated', exitcode=0, started='20:51:32') (3069) terminated with exit code 0
