[2025-02-17T19:54:40.064+0000] {local_task_job_runner.py:123} INFO - ::group::Pre task execution logs
[2025-02-17T19:54:40.076+0000] {taskinstance.py:2613} INFO - Dependencies all met for dep_context=non-requeueable deps ti=<TaskInstance: kafka_streaming_process_pipeline.example_consumer manual__2025-02-17T19:54:04.899536+00:00 [queued]>
[2025-02-17T19:54:40.083+0000] {taskinstance.py:2613} INFO - Dependencies all met for dep_context=requeueable deps ti=<TaskInstance: kafka_streaming_process_pipeline.example_consumer manual__2025-02-17T19:54:04.899536+00:00 [queued]>
[2025-02-17T19:54:40.083+0000] {taskinstance.py:2866} INFO - Starting attempt 1 of 1
[2025-02-17T19:54:40.097+0000] {taskinstance.py:2889} INFO - Executing <Task(SparkSubmitOperator): example_consumer> on 2025-02-17 19:54:04.899536+00:00
[2025-02-17T19:54:40.103+0000] {standard_task_runner.py:104} INFO - Running: ['***', 'tasks', 'run', 'kafka_streaming_process_pipeline', 'example_consumer', 'manual__2025-02-17T19:54:04.899536+00:00', '--job-id', '73', '--raw', '--subdir', 'DAGS_FOLDER/kafka_streaming_process.py', '--cfg-path', '/tmp/tmphcoocu95']
[2025-02-17T19:54:40.105+0000] {standard_task_runner.py:105} INFO - Job 73: Subtask example_consumer
[2025-02-17T19:54:40.106+0000] {logging_mixin.py:190} WARNING - /home/***/.local/lib/python3.12/site-packages/***/task/task_runner/standard_task_runner.py:70 DeprecationWarning: This process (pid=1501) is multi-threaded, use of fork() may lead to deadlocks in the child.
[2025-02-17T19:54:40.106+0000] {standard_task_runner.py:72} INFO - Started process 1502 to run task
[2025-02-17T19:54:40.141+0000] {task_command.py:467} INFO - Running <TaskInstance: kafka_streaming_process_pipeline.example_consumer manual__2025-02-17T19:54:04.899536+00:00 [running]> on host c20563c2c1e7
[2025-02-17T19:54:40.205+0000] {taskinstance.py:3132} INFO - Exporting env vars: AIRFLOW_CTX_DAG_OWNER='***' AIRFLOW_CTX_DAG_ID='kafka_streaming_process_pipeline' AIRFLOW_CTX_TASK_ID='example_consumer' AIRFLOW_CTX_EXECUTION_DATE='2025-02-17T19:54:04.899536+00:00' AIRFLOW_CTX_TRY_NUMBER='1' AIRFLOW_CTX_DAG_RUN_ID='manual__2025-02-17T19:54:04.899536+00:00'
[2025-02-17T19:54:40.206+0000] {taskinstance.py:731} INFO - ::endgroup::
[2025-02-17T19:54:40.226+0000] {base.py:84} INFO - Retrieving connection 'spark_default'
[2025-02-17T19:54:40.227+0000] {spark_submit.py:474} INFO - Spark-Submit cmd: spark-submit --master spark://spark:7077:7077 --conf spark.executor.memory=2g --conf spark.sql.streaming.checkpointLocation=/usr/local/app/checkpoints --packages org.apache.spark:spark-sql-kafka-0-10_2.12:3.5.1 --executor-cores 1 --executor-memory 2g --driver-memory 1g --name arrow-spark --deploy-mode client /usr/local/app/spark_applications/user_activity_consuming.py
[2025-02-17T19:54:40.265+0000] {spark_submit.py:641} INFO - /home/***/.local/lib/python3.12/site-packages/pyspark/bin/load-spark-env.sh: line 68: ps: command not found
[2025-02-17T19:54:41.441+0000] {spark_submit.py:641} INFO - :: loading settings :: url = jar:file:/home/***/.local/lib/python3.12/site-packages/pyspark/jars/ivy-2.5.1.jar!/org/apache/ivy/core/settings/ivysettings.xml
[2025-02-17T19:54:41.497+0000] {spark_submit.py:641} INFO - Ivy Default Cache set to: /home/***/.ivy2/cache
[2025-02-17T19:54:41.498+0000] {spark_submit.py:641} INFO - The jars for the packages stored in: /home/***/.ivy2/jars
[2025-02-17T19:54:41.501+0000] {spark_submit.py:641} INFO - org.apache.spark#spark-sql-kafka-0-10_2.12 added as a dependency
[2025-02-17T19:54:41.502+0000] {spark_submit.py:641} INFO - :: resolving dependencies :: org.apache.spark#spark-submit-parent-b5ee452b-7c8c-4fce-b8bc-5bf8d053a88f;1.0
[2025-02-17T19:54:41.502+0000] {spark_submit.py:641} INFO - confs: [default]
[2025-02-17T19:54:43.895+0000] {spark_submit.py:641} INFO - found org.apache.spark#spark-sql-kafka-0-10_2.12;3.5.1 in central
[2025-02-17T19:54:44.132+0000] {spark_submit.py:641} INFO - found org.apache.spark#spark-token-provider-kafka-0-10_2.12;3.5.1 in central
[2025-02-17T19:54:44.257+0000] {spark_submit.py:641} INFO - found org.apache.kafka#kafka-clients;3.4.1 in central
[2025-02-17T19:54:44.379+0000] {spark_submit.py:641} INFO - found org.lz4#lz4-java;1.8.0 in central
[2025-02-17T19:54:44.512+0000] {spark_submit.py:641} INFO - found org.xerial.snappy#snappy-java;1.1.10.3 in central
[2025-02-17T19:54:45.457+0000] {spark_submit.py:641} INFO - found org.slf4j#slf4j-api;2.0.7 in central
[2025-02-17T19:54:47.274+0000] {spark_submit.py:641} INFO - found org.apache.hadoop#hadoop-client-runtime;3.3.4 in central
[2025-02-17T19:54:47.424+0000] {spark_submit.py:641} INFO - found org.apache.hadoop#hadoop-client-api;3.3.4 in central
[2025-02-17T19:54:48.287+0000] {spark_submit.py:641} INFO - found commons-logging#commons-logging;1.1.3 in central
[2025-02-17T19:54:48.401+0000] {spark_submit.py:641} INFO - found com.google.code.findbugs#jsr305;3.0.0 in central
[2025-02-17T19:54:50.377+0000] {spark_submit.py:641} INFO - found org.apache.commons#commons-pool2;2.11.1 in central
[2025-02-17T19:54:50.435+0000] {spark_submit.py:641} INFO - downloading https://repo1.maven.org/maven2/org/apache/spark/spark-sql-kafka-0-10_2.12/3.5.1/spark-sql-kafka-0-10_2.12-3.5.1.jar ...
[2025-02-17T19:54:50.566+0000] {spark_submit.py:641} INFO - [SUCCESSFUL ] org.apache.spark#spark-sql-kafka-0-10_2.12;3.5.1!spark-sql-kafka-0-10_2.12.jar (183ms)
[2025-02-17T19:54:50.622+0000] {spark_submit.py:641} INFO - downloading https://repo1.maven.org/maven2/org/apache/spark/spark-token-provider-kafka-0-10_2.12/3.5.1/spark-token-provider-kafka-0-10_2.12-3.5.1.jar ...
[2025-02-17T19:54:50.678+0000] {spark_submit.py:641} INFO - [SUCCESSFUL ] org.apache.spark#spark-token-provider-kafka-0-10_2.12;3.5.1!spark-token-provider-kafka-0-10_2.12.jar (112ms)
[2025-02-17T19:54:50.734+0000] {spark_submit.py:641} INFO - downloading https://repo1.maven.org/maven2/org/apache/kafka/kafka-clients/3.4.1/kafka-clients-3.4.1.jar ...
[2025-02-17T19:54:51.671+0000] {spark_submit.py:641} INFO - [SUCCESSFUL ] org.apache.kafka#kafka-clients;3.4.1!kafka-clients.jar (993ms)
[2025-02-17T19:54:51.724+0000] {spark_submit.py:641} INFO - downloading https://repo1.maven.org/maven2/com/google/code/findbugs/jsr305/3.0.0/jsr305-3.0.0.jar ...
[2025-02-17T19:54:51.781+0000] {spark_submit.py:641} INFO - [SUCCESSFUL ] com.google.code.findbugs#jsr305;3.0.0!jsr305.jar (109ms)
[2025-02-17T19:54:51.834+0000] {spark_submit.py:641} INFO - downloading https://repo1.maven.org/maven2/org/apache/commons/commons-pool2/2.11.1/commons-pool2-2.11.1.jar ...
[2025-02-17T19:54:51.902+0000] {spark_submit.py:641} INFO - [SUCCESSFUL ] org.apache.commons#commons-pool2;2.11.1!commons-pool2.jar (121ms)
[2025-02-17T19:54:51.956+0000] {spark_submit.py:641} INFO - downloading https://repo1.maven.org/maven2/org/apache/hadoop/hadoop-client-runtime/3.3.4/hadoop-client-runtime-3.3.4.jar ...
[2025-02-17T19:54:57.465+0000] {spark_submit.py:641} INFO - [SUCCESSFUL ] org.apache.hadoop#hadoop-client-runtime;3.3.4!hadoop-client-runtime.jar (5563ms)
[2025-02-17T19:54:57.518+0000] {spark_submit.py:641} INFO - downloading https://repo1.maven.org/maven2/org/lz4/lz4-java/1.8.0/lz4-java-1.8.0.jar ...
[2025-02-17T19:54:57.665+0000] {spark_submit.py:641} INFO - [SUCCESSFUL ] org.lz4#lz4-java;1.8.0!lz4-java.jar (200ms)
[2025-02-17T19:54:57.720+0000] {spark_submit.py:641} INFO - downloading https://repo1.maven.org/maven2/org/xerial/snappy/snappy-java/1.1.10.3/snappy-java-1.1.10.3.jar ...
[2025-02-17T19:54:58.139+0000] {spark_submit.py:641} INFO - [SUCCESSFUL ] org.xerial.snappy#snappy-java;1.1.10.3!snappy-java.jar(bundle) (473ms)
[2025-02-17T19:54:58.194+0000] {spark_submit.py:641} INFO - downloading https://repo1.maven.org/maven2/org/slf4j/slf4j-api/2.0.7/slf4j-api-2.0.7.jar ...
[2025-02-17T19:54:58.257+0000] {spark_submit.py:641} INFO - [SUCCESSFUL ] org.slf4j#slf4j-api;2.0.7!slf4j-api.jar (117ms)
[2025-02-17T19:54:58.312+0000] {spark_submit.py:641} INFO - downloading https://repo1.maven.org/maven2/org/apache/hadoop/hadoop-client-api/3.3.4/hadoop-client-api-3.3.4.jar ...
[2025-02-17T19:55:02.029+0000] {spark_submit.py:641} INFO - [SUCCESSFUL ] org.apache.hadoop#hadoop-client-api;3.3.4!hadoop-client-api.jar (3770ms)
[2025-02-17T19:55:02.089+0000] {spark_submit.py:641} INFO - downloading https://repo1.maven.org/maven2/commons-logging/commons-logging/1.1.3/commons-logging-1.1.3.jar ...
[2025-02-17T19:55:02.156+0000] {spark_submit.py:641} INFO - [SUCCESSFUL ] commons-logging#commons-logging;1.1.3!commons-logging.jar (127ms)
[2025-02-17T19:55:02.157+0000] {spark_submit.py:641} INFO - :: resolution report :: resolve 8880ms :: artifacts dl 11775ms
[2025-02-17T19:55:02.157+0000] {spark_submit.py:641} INFO - :: modules in use:
[2025-02-17T19:55:02.157+0000] {spark_submit.py:641} INFO - com.google.code.findbugs#jsr305;3.0.0 from central in [default]
[2025-02-17T19:55:02.158+0000] {spark_submit.py:641} INFO - commons-logging#commons-logging;1.1.3 from central in [default]
[2025-02-17T19:55:02.158+0000] {spark_submit.py:641} INFO - org.apache.commons#commons-pool2;2.11.1 from central in [default]
[2025-02-17T19:55:02.158+0000] {spark_submit.py:641} INFO - org.apache.hadoop#hadoop-client-api;3.3.4 from central in [default]
[2025-02-17T19:55:02.159+0000] {spark_submit.py:641} INFO - org.apache.hadoop#hadoop-client-runtime;3.3.4 from central in [default]
[2025-02-17T19:55:02.159+0000] {spark_submit.py:641} INFO - org.apache.kafka#kafka-clients;3.4.1 from central in [default]
[2025-02-17T19:55:02.159+0000] {spark_submit.py:641} INFO - org.apache.spark#spark-sql-kafka-0-10_2.12;3.5.1 from central in [default]
[2025-02-17T19:55:02.159+0000] {spark_submit.py:641} INFO - org.apache.spark#spark-token-provider-kafka-0-10_2.12;3.5.1 from central in [default]
[2025-02-17T19:55:02.160+0000] {spark_submit.py:641} INFO - org.lz4#lz4-java;1.8.0 from central in [default]
[2025-02-17T19:55:02.160+0000] {spark_submit.py:641} INFO - org.slf4j#slf4j-api;2.0.7 from central in [default]
[2025-02-17T19:55:02.160+0000] {spark_submit.py:641} INFO - org.xerial.snappy#snappy-java;1.1.10.3 from central in [default]
[2025-02-17T19:55:02.161+0000] {spark_submit.py:641} INFO - ---------------------------------------------------------------------
[2025-02-17T19:55:02.161+0000] {spark_submit.py:641} INFO - |                  |            modules            ||   artifacts   |
[2025-02-17T19:55:02.161+0000] {spark_submit.py:641} INFO - |       conf       | number| search|dwnlded|evicted|| number|dwnlded|
[2025-02-17T19:55:02.162+0000] {spark_submit.py:641} INFO - ---------------------------------------------------------------------
[2025-02-17T19:55:02.163+0000] {spark_submit.py:641} INFO - |      default     |   11  |   11  |   11  |   0   ||   11  |   11  |
[2025-02-17T19:55:02.163+0000] {spark_submit.py:641} INFO - ---------------------------------------------------------------------
[2025-02-17T19:55:02.164+0000] {spark_submit.py:641} INFO - :: retrieving :: org.apache.spark#spark-submit-parent-b5ee452b-7c8c-4fce-b8bc-5bf8d053a88f
[2025-02-17T19:55:02.165+0000] {spark_submit.py:641} INFO - confs: [default]
[2025-02-17T19:55:02.214+0000] {spark_submit.py:641} INFO - 11 artifacts copied, 0 already retrieved (56767kB/53ms)
[2025-02-17T19:55:02.338+0000] {spark_submit.py:641} INFO - 25/02/17 19:55:02 WARN NativeCodeLoader: Unable to load native-hadoop library for your platform... using builtin-java classes where applicable
[2025-02-17T19:55:03.571+0000] {spark_submit.py:641} INFO - 25/02/17 19:55:03 INFO SparkContext: Running Spark version 3.5.4
[2025-02-17T19:55:03.571+0000] {spark_submit.py:641} INFO - 25/02/17 19:55:03 INFO SparkContext: OS info Linux, 5.15.167.4-microsoft-standard-WSL2, amd64
[2025-02-17T19:55:03.572+0000] {spark_submit.py:641} INFO - 25/02/17 19:55:03 INFO SparkContext: Java version 17.0.14
[2025-02-17T19:55:03.586+0000] {spark_submit.py:641} INFO - 25/02/17 19:55:03 INFO ResourceUtils: ==============================================================
[2025-02-17T19:55:03.587+0000] {spark_submit.py:641} INFO - 25/02/17 19:55:03 INFO ResourceUtils: No custom resources configured for spark.driver.
[2025-02-17T19:55:03.587+0000] {spark_submit.py:641} INFO - 25/02/17 19:55:03 INFO ResourceUtils: ==============================================================
[2025-02-17T19:55:03.587+0000] {spark_submit.py:641} INFO - 25/02/17 19:55:03 INFO SparkContext: Submitted application: consumeUserActivity
[2025-02-17T19:55:03.602+0000] {spark_submit.py:641} INFO - 25/02/17 19:55:03 INFO ResourceProfile: Default ResourceProfile created, executor resources: Map(cores -> name: cores, amount: 1, script: , vendor: , memory -> name: memory, amount: 2048, script: , vendor: , offHeap -> name: offHeap, amount: 0, script: , vendor: ), task resources: Map(cpus -> name: cpus, amount: 1.0)
[2025-02-17T19:55:03.609+0000] {spark_submit.py:641} INFO - 25/02/17 19:55:03 INFO ResourceProfile: Limiting resource is cpus at 1 tasks per executor
[2025-02-17T19:55:03.610+0000] {spark_submit.py:641} INFO - 25/02/17 19:55:03 INFO ResourceProfileManager: Added ResourceProfile id: 0
[2025-02-17T19:55:03.644+0000] {spark_submit.py:641} INFO - 25/02/17 19:55:03 INFO SecurityManager: Changing view acls to: default
[2025-02-17T19:55:03.644+0000] {spark_submit.py:641} INFO - 25/02/17 19:55:03 INFO SecurityManager: Changing modify acls to: default
[2025-02-17T19:55:03.645+0000] {spark_submit.py:641} INFO - 25/02/17 19:55:03 INFO SecurityManager: Changing view acls groups to:
[2025-02-17T19:55:03.645+0000] {spark_submit.py:641} INFO - 25/02/17 19:55:03 INFO SecurityManager: Changing modify acls groups to:
[2025-02-17T19:55:03.645+0000] {spark_submit.py:641} INFO - 25/02/17 19:55:03 INFO SecurityManager: SecurityManager: authentication disabled; ui acls disabled; users with view permissions: default; groups with view permissions: EMPTY; users with modify permissions: default; groups with modify permissions: EMPTY
[2025-02-17T19:55:03.790+0000] {spark_submit.py:641} INFO - 25/02/17 19:55:03 INFO Utils: Successfully started service 'sparkDriver' on port 44881.
[2025-02-17T19:55:03.806+0000] {spark_submit.py:641} INFO - 25/02/17 19:55:03 INFO SparkEnv: Registering MapOutputTracker
[2025-02-17T19:55:03.828+0000] {spark_submit.py:641} INFO - 25/02/17 19:55:03 INFO SparkEnv: Registering BlockManagerMaster
[2025-02-17T19:55:03.839+0000] {spark_submit.py:641} INFO - 25/02/17 19:55:03 INFO BlockManagerMasterEndpoint: Using org.apache.spark.storage.DefaultTopologyMapper for getting topology information
[2025-02-17T19:55:03.840+0000] {spark_submit.py:641} INFO - 25/02/17 19:55:03 INFO BlockManagerMasterEndpoint: BlockManagerMasterEndpoint up
[2025-02-17T19:55:03.842+0000] {spark_submit.py:641} INFO - 25/02/17 19:55:03 INFO SparkEnv: Registering BlockManagerMasterHeartbeat
[2025-02-17T19:55:03.854+0000] {spark_submit.py:641} INFO - 25/02/17 19:55:03 INFO DiskBlockManager: Created local directory at /tmp/blockmgr-cc67fa07-f6cd-464b-9a83-73d2cfef90fb
[2025-02-17T19:55:03.867+0000] {spark_submit.py:641} INFO - 25/02/17 19:55:03 INFO MemoryStore: MemoryStore started with capacity 434.4 MiB
[2025-02-17T19:55:03.877+0000] {spark_submit.py:641} INFO - 25/02/17 19:55:03 INFO SparkEnv: Registering OutputCommitCoordinator
[2025-02-17T19:55:03.965+0000] {spark_submit.py:641} INFO - 25/02/17 19:55:03 INFO JettyUtils: Start Jetty 0.0.0.0:4040 for SparkUI
[2025-02-17T19:55:04.007+0000] {spark_submit.py:641} INFO - 25/02/17 19:55:04 WARN Utils: Service 'SparkUI' could not bind on port 4040. Attempting port 4041.
[2025-02-17T19:55:04.014+0000] {spark_submit.py:641} INFO - 25/02/17 19:55:04 INFO Utils: Successfully started service 'SparkUI' on port 4041.
[2025-02-17T19:55:04.046+0000] {spark_submit.py:641} INFO - 25/02/17 19:55:04 INFO SparkContext: Added JAR file:///home/***/.ivy2/jars/org.apache.spark_spark-sql-kafka-0-10_2.12-3.5.1.jar at spark://c20563c2c1e7:44881/jars/org.apache.spark_spark-sql-kafka-0-10_2.12-3.5.1.jar with timestamp 1739822103566
[2025-02-17T19:55:04.047+0000] {spark_submit.py:641} INFO - 25/02/17 19:55:04 INFO SparkContext: Added JAR file:///home/***/.ivy2/jars/org.apache.spark_spark-token-provider-kafka-0-10_2.12-3.5.1.jar at spark://c20563c2c1e7:44881/jars/org.apache.spark_spark-token-provider-kafka-0-10_2.12-3.5.1.jar with timestamp 1739822103566
[2025-02-17T19:55:04.048+0000] {spark_submit.py:641} INFO - 25/02/17 19:55:04 INFO SparkContext: Added JAR file:///home/***/.ivy2/jars/org.apache.kafka_kafka-clients-3.4.1.jar at spark://c20563c2c1e7:44881/jars/org.apache.kafka_kafka-clients-3.4.1.jar with timestamp 1739822103566
[2025-02-17T19:55:04.048+0000] {spark_submit.py:641} INFO - 25/02/17 19:55:04 INFO SparkContext: Added JAR file:///home/***/.ivy2/jars/com.google.code.findbugs_jsr305-3.0.0.jar at spark://c20563c2c1e7:44881/jars/com.google.code.findbugs_jsr305-3.0.0.jar with timestamp 1739822103566
[2025-02-17T19:55:04.049+0000] {spark_submit.py:641} INFO - 25/02/17 19:55:04 INFO SparkContext: Added JAR file:///home/***/.ivy2/jars/org.apache.commons_commons-pool2-2.11.1.jar at spark://c20563c2c1e7:44881/jars/org.apache.commons_commons-pool2-2.11.1.jar with timestamp 1739822103566
[2025-02-17T19:55:04.049+0000] {spark_submit.py:641} INFO - 25/02/17 19:55:04 INFO SparkContext: Added JAR file:///home/***/.ivy2/jars/org.apache.hadoop_hadoop-client-runtime-3.3.4.jar at spark://c20563c2c1e7:44881/jars/org.apache.hadoop_hadoop-client-runtime-3.3.4.jar with timestamp 1739822103566
[2025-02-17T19:55:04.050+0000] {spark_submit.py:641} INFO - 25/02/17 19:55:04 INFO SparkContext: Added JAR file:///home/***/.ivy2/jars/org.lz4_lz4-java-1.8.0.jar at spark://c20563c2c1e7:44881/jars/org.lz4_lz4-java-1.8.0.jar with timestamp 1739822103566
[2025-02-17T19:55:04.050+0000] {spark_submit.py:641} INFO - 25/02/17 19:55:04 INFO SparkContext: Added JAR file:///home/***/.ivy2/jars/org.xerial.snappy_snappy-java-1.1.10.3.jar at spark://c20563c2c1e7:44881/jars/org.xerial.snappy_snappy-java-1.1.10.3.jar with timestamp 1739822103566
[2025-02-17T19:55:04.051+0000] {spark_submit.py:641} INFO - 25/02/17 19:55:04 INFO SparkContext: Added JAR file:///home/***/.ivy2/jars/org.slf4j_slf4j-api-2.0.7.jar at spark://c20563c2c1e7:44881/jars/org.slf4j_slf4j-api-2.0.7.jar with timestamp 1739822103566
[2025-02-17T19:55:04.051+0000] {spark_submit.py:641} INFO - 25/02/17 19:55:04 INFO SparkContext: Added JAR file:///home/***/.ivy2/jars/org.apache.hadoop_hadoop-client-api-3.3.4.jar at spark://c20563c2c1e7:44881/jars/org.apache.hadoop_hadoop-client-api-3.3.4.jar with timestamp 1739822103566
[2025-02-17T19:55:04.052+0000] {spark_submit.py:641} INFO - 25/02/17 19:55:04 INFO SparkContext: Added JAR file:///home/***/.ivy2/jars/commons-logging_commons-logging-1.1.3.jar at spark://c20563c2c1e7:44881/jars/commons-logging_commons-logging-1.1.3.jar with timestamp 1739822103566
[2025-02-17T19:55:04.052+0000] {spark_submit.py:641} INFO - 25/02/17 19:55:04 INFO SparkContext: Added file file:///home/***/.ivy2/jars/org.apache.spark_spark-sql-kafka-0-10_2.12-3.5.1.jar at spark://c20563c2c1e7:44881/files/org.apache.spark_spark-sql-kafka-0-10_2.12-3.5.1.jar with timestamp 1739822103566
[2025-02-17T19:55:04.053+0000] {spark_submit.py:641} INFO - 25/02/17 19:55:04 INFO Utils: Copying /home/***/.ivy2/jars/org.apache.spark_spark-sql-kafka-0-10_2.12-3.5.1.jar to /tmp/spark-19a3d69c-8f38-4948-b52c-1d1a4230699a/userFiles-20ac46f4-2a07-4f07-917e-4e359fff5613/org.apache.spark_spark-sql-kafka-0-10_2.12-3.5.1.jar
[2025-02-17T19:55:04.061+0000] {spark_submit.py:641} INFO - 25/02/17 19:55:04 INFO SparkContext: Added file file:///home/***/.ivy2/jars/org.apache.spark_spark-token-provider-kafka-0-10_2.12-3.5.1.jar at spark://c20563c2c1e7:44881/files/org.apache.spark_spark-token-provider-kafka-0-10_2.12-3.5.1.jar with timestamp 1739822103566
[2025-02-17T19:55:04.062+0000] {spark_submit.py:641} INFO - 25/02/17 19:55:04 INFO Utils: Copying /home/***/.ivy2/jars/org.apache.spark_spark-token-provider-kafka-0-10_2.12-3.5.1.jar to /tmp/spark-19a3d69c-8f38-4948-b52c-1d1a4230699a/userFiles-20ac46f4-2a07-4f07-917e-4e359fff5613/org.apache.spark_spark-token-provider-kafka-0-10_2.12-3.5.1.jar
[2025-02-17T19:55:04.065+0000] {spark_submit.py:641} INFO - 25/02/17 19:55:04 INFO SparkContext: Added file file:///home/***/.ivy2/jars/org.apache.kafka_kafka-clients-3.4.1.jar at spark://c20563c2c1e7:44881/files/org.apache.kafka_kafka-clients-3.4.1.jar with timestamp 1739822103566
[2025-02-17T19:55:04.065+0000] {spark_submit.py:641} INFO - 25/02/17 19:55:04 INFO Utils: Copying /home/***/.ivy2/jars/org.apache.kafka_kafka-clients-3.4.1.jar to /tmp/spark-19a3d69c-8f38-4948-b52c-1d1a4230699a/userFiles-20ac46f4-2a07-4f07-917e-4e359fff5613/org.apache.kafka_kafka-clients-3.4.1.jar
[2025-02-17T19:55:04.073+0000] {spark_submit.py:641} INFO - 25/02/17 19:55:04 INFO SparkContext: Added file file:///home/***/.ivy2/jars/com.google.code.findbugs_jsr305-3.0.0.jar at spark://c20563c2c1e7:44881/files/com.google.code.findbugs_jsr305-3.0.0.jar with timestamp 1739822103566
[2025-02-17T19:55:04.073+0000] {spark_submit.py:641} INFO - 25/02/17 19:55:04 INFO Utils: Copying /home/***/.ivy2/jars/com.google.code.findbugs_jsr305-3.0.0.jar to /tmp/spark-19a3d69c-8f38-4948-b52c-1d1a4230699a/userFiles-20ac46f4-2a07-4f07-917e-4e359fff5613/com.google.code.findbugs_jsr305-3.0.0.jar
[2025-02-17T19:55:04.076+0000] {spark_submit.py:641} INFO - 25/02/17 19:55:04 INFO SparkContext: Added file file:///home/***/.ivy2/jars/org.apache.commons_commons-pool2-2.11.1.jar at spark://c20563c2c1e7:44881/files/org.apache.commons_commons-pool2-2.11.1.jar with timestamp 1739822103566
[2025-02-17T19:55:04.077+0000] {spark_submit.py:641} INFO - 25/02/17 19:55:04 INFO Utils: Copying /home/***/.ivy2/jars/org.apache.commons_commons-pool2-2.11.1.jar to /tmp/spark-19a3d69c-8f38-4948-b52c-1d1a4230699a/userFiles-20ac46f4-2a07-4f07-917e-4e359fff5613/org.apache.commons_commons-pool2-2.11.1.jar
[2025-02-17T19:55:04.080+0000] {spark_submit.py:641} INFO - 25/02/17 19:55:04 INFO SparkContext: Added file file:///home/***/.ivy2/jars/org.apache.hadoop_hadoop-client-runtime-3.3.4.jar at spark://c20563c2c1e7:44881/files/org.apache.hadoop_hadoop-client-runtime-3.3.4.jar with timestamp 1739822103566
[2025-02-17T19:55:04.081+0000] {spark_submit.py:641} INFO - 25/02/17 19:55:04 INFO Utils: Copying /home/***/.ivy2/jars/org.apache.hadoop_hadoop-client-runtime-3.3.4.jar to /tmp/spark-19a3d69c-8f38-4948-b52c-1d1a4230699a/userFiles-20ac46f4-2a07-4f07-917e-4e359fff5613/org.apache.hadoop_hadoop-client-runtime-3.3.4.jar
[2025-02-17T19:55:04.105+0000] {spark_submit.py:641} INFO - 25/02/17 19:55:04 INFO SparkContext: Added file file:///home/***/.ivy2/jars/org.lz4_lz4-java-1.8.0.jar at spark://c20563c2c1e7:44881/files/org.lz4_lz4-java-1.8.0.jar with timestamp 1739822103566
[2025-02-17T19:55:04.106+0000] {spark_submit.py:641} INFO - 25/02/17 19:55:04 INFO Utils: Copying /home/***/.ivy2/jars/org.lz4_lz4-java-1.8.0.jar to /tmp/spark-19a3d69c-8f38-4948-b52c-1d1a4230699a/userFiles-20ac46f4-2a07-4f07-917e-4e359fff5613/org.lz4_lz4-java-1.8.0.jar
[2025-02-17T19:55:04.109+0000] {spark_submit.py:641} INFO - 25/02/17 19:55:04 INFO SparkContext: Added file file:///home/***/.ivy2/jars/org.xerial.snappy_snappy-java-1.1.10.3.jar at spark://c20563c2c1e7:44881/files/org.xerial.snappy_snappy-java-1.1.10.3.jar with timestamp 1739822103566
[2025-02-17T19:55:04.109+0000] {spark_submit.py:641} INFO - 25/02/17 19:55:04 INFO Utils: Copying /home/***/.ivy2/jars/org.xerial.snappy_snappy-java-1.1.10.3.jar to /tmp/spark-19a3d69c-8f38-4948-b52c-1d1a4230699a/userFiles-20ac46f4-2a07-4f07-917e-4e359fff5613/org.xerial.snappy_snappy-java-1.1.10.3.jar
[2025-02-17T19:55:04.114+0000] {spark_submit.py:641} INFO - 25/02/17 19:55:04 INFO SparkContext: Added file file:///home/***/.ivy2/jars/org.slf4j_slf4j-api-2.0.7.jar at spark://c20563c2c1e7:44881/files/org.slf4j_slf4j-api-2.0.7.jar with timestamp 1739822103566
[2025-02-17T19:55:04.114+0000] {spark_submit.py:641} INFO - 25/02/17 19:55:04 INFO Utils: Copying /home/***/.ivy2/jars/org.slf4j_slf4j-api-2.0.7.jar to /tmp/spark-19a3d69c-8f38-4948-b52c-1d1a4230699a/userFiles-20ac46f4-2a07-4f07-917e-4e359fff5613/org.slf4j_slf4j-api-2.0.7.jar
[2025-02-17T19:55:04.117+0000] {spark_submit.py:641} INFO - 25/02/17 19:55:04 INFO SparkContext: Added file file:///home/***/.ivy2/jars/org.apache.hadoop_hadoop-client-api-3.3.4.jar at spark://c20563c2c1e7:44881/files/org.apache.hadoop_hadoop-client-api-3.3.4.jar with timestamp 1739822103566
[2025-02-17T19:55:04.118+0000] {spark_submit.py:641} INFO - 25/02/17 19:55:04 INFO Utils: Copying /home/***/.ivy2/jars/org.apache.hadoop_hadoop-client-api-3.3.4.jar to /tmp/spark-19a3d69c-8f38-4948-b52c-1d1a4230699a/userFiles-20ac46f4-2a07-4f07-917e-4e359fff5613/org.apache.hadoop_hadoop-client-api-3.3.4.jar
[2025-02-17T19:55:04.134+0000] {spark_submit.py:641} INFO - 25/02/17 19:55:04 INFO SparkContext: Added file file:///home/***/.ivy2/jars/commons-logging_commons-logging-1.1.3.jar at spark://c20563c2c1e7:44881/files/commons-logging_commons-logging-1.1.3.jar with timestamp 1739822103566
[2025-02-17T19:55:04.135+0000] {spark_submit.py:641} INFO - 25/02/17 19:55:04 INFO Utils: Copying /home/***/.ivy2/jars/commons-logging_commons-logging-1.1.3.jar to /tmp/spark-19a3d69c-8f38-4948-b52c-1d1a4230699a/userFiles-20ac46f4-2a07-4f07-917e-4e359fff5613/commons-logging_commons-logging-1.1.3.jar
[2025-02-17T19:55:04.189+0000] {spark_submit.py:641} INFO - 25/02/17 19:55:04 INFO StandaloneAppClient$ClientEndpoint: Connecting to master spark://spark:7077...
[2025-02-17T19:55:04.220+0000] {spark_submit.py:641} INFO - 25/02/17 19:55:04 INFO TransportClientFactory: Successfully created connection to spark/172.18.0.4:7077 after 18 ms (0 ms spent in bootstraps)
[2025-02-17T19:55:04.280+0000] {spark_submit.py:641} INFO - 25/02/17 19:55:04 INFO StandaloneSchedulerBackend: Connected to Spark cluster with app ID app-20250217195504-0005
[2025-02-17T19:55:04.282+0000] {spark_submit.py:641} INFO - 25/02/17 19:55:04 INFO StandaloneAppClient$ClientEndpoint: Executor added: app-20250217195504-0005/0 on worker-20250217194246-172.18.0.2-43155 (172.18.0.2:43155) with 1 core(s)
[2025-02-17T19:55:04.284+0000] {spark_submit.py:641} INFO - 25/02/17 19:55:04 INFO StandaloneSchedulerBackend: Granted executor ID app-20250217195504-0005/0 on hostPort 172.18.0.2:43155 with 1 core(s), 2.0 GiB RAM
[2025-02-17T19:55:04.285+0000] {spark_submit.py:641} INFO - 25/02/17 19:55:04 INFO StandaloneAppClient$ClientEndpoint: Executor added: app-20250217195504-0005/1 on worker-20250217194246-172.18.0.2-43155 (172.18.0.2:43155) with 1 core(s)
[2025-02-17T19:55:04.285+0000] {spark_submit.py:641} INFO - 25/02/17 19:55:04 INFO StandaloneSchedulerBackend: Granted executor ID app-20250217195504-0005/1 on hostPort 172.18.0.2:43155 with 1 core(s), 2.0 GiB RAM
[2025-02-17T19:55:04.288+0000] {spark_submit.py:641} INFO - 25/02/17 19:55:04 INFO Utils: Successfully started service 'org.apache.spark.network.netty.NettyBlockTransferService' on port 37813.
[2025-02-17T19:55:04.289+0000] {spark_submit.py:641} INFO - 25/02/17 19:55:04 INFO NettyBlockTransferService: Server created on c20563c2c1e7:37813
[2025-02-17T19:55:04.290+0000] {spark_submit.py:641} INFO - 25/02/17 19:55:04 INFO BlockManager: Using org.apache.spark.storage.RandomBlockReplicationPolicy for block replication policy
[2025-02-17T19:55:04.295+0000] {spark_submit.py:641} INFO - 25/02/17 19:55:04 INFO BlockManagerMaster: Registering BlockManager BlockManagerId(driver, c20563c2c1e7, 37813, None)
[2025-02-17T19:55:04.298+0000] {spark_submit.py:641} INFO - 25/02/17 19:55:04 INFO BlockManagerMasterEndpoint: Registering block manager c20563c2c1e7:37813 with 434.4 MiB RAM, BlockManagerId(driver, c20563c2c1e7, 37813, None)
[2025-02-17T19:55:04.300+0000] {spark_submit.py:641} INFO - 25/02/17 19:55:04 INFO BlockManagerMaster: Registered BlockManager BlockManagerId(driver, c20563c2c1e7, 37813, None)
[2025-02-17T19:55:04.302+0000] {spark_submit.py:641} INFO - 25/02/17 19:55:04 INFO BlockManager: Initialized BlockManager: BlockManagerId(driver, c20563c2c1e7, 37813, None)
[2025-02-17T19:55:04.312+0000] {spark_submit.py:641} INFO - 25/02/17 19:55:04 INFO StandaloneAppClient$ClientEndpoint: Executor updated: app-20250217195504-0005/1 is now RUNNING
[2025-02-17T19:55:04.314+0000] {spark_submit.py:641} INFO - 25/02/17 19:55:04 INFO StandaloneAppClient$ClientEndpoint: Executor updated: app-20250217195504-0005/0 is now RUNNING
[2025-02-17T19:55:04.501+0000] {spark_submit.py:641} INFO - 25/02/17 19:55:04 INFO StandaloneSchedulerBackend: SchedulerBackend is ready for scheduling beginning after reached minRegisteredResourcesRatio: 0.0
[2025-02-17T19:55:04.719+0000] {spark_submit.py:641} INFO - 25/02/17 19:55:04 INFO SharedState: Setting hive.metastore.warehouse.dir ('null') to the value of spark.sql.warehouse.dir.
[2025-02-17T19:55:04.725+0000] {spark_submit.py:641} INFO - 25/02/17 19:55:04 INFO SharedState: Warehouse path is 'file:/usr/local/app/spark-warehouse'.
[2025-02-17T19:55:06.335+0000] {spark_submit.py:641} INFO - 25/02/17 19:55:06 INFO StateStoreCoordinatorRef: Registered StateStoreCoordinator endpoint
[2025-02-17T19:55:06.411+0000] {spark_submit.py:641} INFO - 25/02/17 19:55:06 INFO ResolveWriteToStream: Checkpoint root /usr/local/app/checkpoints/e4d0bae6-84bb-40d4-9596-af3f789bfab2 resolved to file:/usr/local/app/checkpoints/e4d0bae6-84bb-40d4-9596-af3f789bfab2.
[2025-02-17T19:55:06.412+0000] {spark_submit.py:641} INFO - 25/02/17 19:55:06 WARN ResolveWriteToStream: spark.sql.adaptive.enabled is not supported in streaming DataFrames/Datasets and will be disabled.
[2025-02-17T19:55:06.495+0000] {spark_submit.py:641} INFO - 25/02/17 19:55:06 INFO CheckpointFileManager: Writing atomically to file:/usr/local/app/checkpoints/e4d0bae6-84bb-40d4-9596-af3f789bfab2/metadata using temp file file:/usr/local/app/checkpoints/e4d0bae6-84bb-40d4-9596-af3f789bfab2/.metadata.89448780-8fa3-4dc9-b650-0c56cefa7314.tmp
[2025-02-17T19:55:06.561+0000] {spark_submit.py:641} INFO - 25/02/17 19:55:06 INFO StandaloneSchedulerBackend$StandaloneDriverEndpoint: Registered executor NettyRpcEndpointRef(spark-client://Executor) (172.18.0.2:36878) with ID 1,  ResourceProfileId 0
[2025-02-17T19:55:06.562+0000] {spark_submit.py:641} INFO - 25/02/17 19:55:06 INFO StandaloneSchedulerBackend$StandaloneDriverEndpoint: Registered executor NettyRpcEndpointRef(spark-client://Executor) (172.18.0.2:36890) with ID 0,  ResourceProfileId 0
[2025-02-17T19:55:06.612+0000] {spark_submit.py:641} INFO - 25/02/17 19:55:06 INFO BlockManagerMasterEndpoint: Registering block manager 172.18.0.2:34483 with 1048.8 MiB RAM, BlockManagerId(0, 172.18.0.2, 34483, None)
[2025-02-17T19:55:06.614+0000] {spark_submit.py:641} INFO - 25/02/17 19:55:06 INFO BlockManagerMasterEndpoint: Registering block manager 172.18.0.2:39449 with 1048.8 MiB RAM, BlockManagerId(1, 172.18.0.2, 39449, None)
[2025-02-17T19:55:06.671+0000] {spark_submit.py:641} INFO - 25/02/17 19:55:06 INFO CheckpointFileManager: Renamed temp file file:/usr/local/app/checkpoints/e4d0bae6-84bb-40d4-9596-af3f789bfab2/.metadata.89448780-8fa3-4dc9-b650-0c56cefa7314.tmp to file:/usr/local/app/checkpoints/e4d0bae6-84bb-40d4-9596-af3f789bfab2/metadata
[2025-02-17T19:55:06.729+0000] {spark_submit.py:641} INFO - 25/02/17 19:55:06 INFO MicroBatchExecution: Starting [id = 785430ab-c13d-4580-ae03-730b65ffc53d, runId = 55481c4e-c224-4faa-899f-0524b5af313e]. Use file:/usr/local/app/checkpoints/e4d0bae6-84bb-40d4-9596-af3f789bfab2 to store the query checkpoint.
[2025-02-17T19:55:06.739+0000] {spark_submit.py:641} INFO - 25/02/17 19:55:06 INFO MicroBatchExecution: Reading table [org.apache.spark.sql.kafka010.KafkaSourceProvider$KafkaTable@15b15348] from DataSourceV2 named 'kafka' [org.apache.spark.sql.kafka010.KafkaSourceProvider@574311a9]
[2025-02-17T19:55:06.782+0000] {spark_submit.py:641} INFO - 25/02/17 19:55:06 INFO OffsetSeqLog: BatchIds found from listing:
[2025-02-17T19:55:06.790+0000] {spark_submit.py:641} INFO - 25/02/17 19:55:06 INFO OffsetSeqLog: BatchIds found from listing:
[2025-02-17T19:55:06.791+0000] {spark_submit.py:641} INFO - 25/02/17 19:55:06 INFO MicroBatchExecution: Starting new streaming query.
[2025-02-17T19:55:06.795+0000] {spark_submit.py:641} INFO - 25/02/17 19:55:06 INFO MicroBatchExecution: Stream started from {}
[2025-02-17T19:55:07.126+0000] {spark_submit.py:641} INFO - 25/02/17 19:55:07 INFO AdminClientConfig: AdminClientConfig values:
[2025-02-17T19:55:07.126+0000] {spark_submit.py:641} INFO - auto.include.jmx.reporter = true
[2025-02-17T19:55:07.127+0000] {spark_submit.py:641} INFO - bootstrap.servers = [pkc-p11xm.us-east-1.aws.confluent.cloud:9092]
[2025-02-17T19:55:07.127+0000] {spark_submit.py:641} INFO - client.dns.lookup = use_all_dns_ips
[2025-02-17T19:55:07.128+0000] {spark_submit.py:641} INFO - client.id =
[2025-02-17T19:55:07.128+0000] {spark_submit.py:641} INFO - connections.max.idle.ms = 300000
[2025-02-17T19:55:07.129+0000] {spark_submit.py:641} INFO - default.api.timeout.ms = 60000
[2025-02-17T19:55:07.130+0000] {spark_submit.py:641} INFO - metadata.max.age.ms = 300000
[2025-02-17T19:55:07.131+0000] {spark_submit.py:641} INFO - metric.reporters = []
[2025-02-17T19:55:07.131+0000] {spark_submit.py:641} INFO - metrics.num.samples = 2
[2025-02-17T19:55:07.132+0000] {spark_submit.py:641} INFO - metrics.recording.level = INFO
[2025-02-17T19:55:07.132+0000] {spark_submit.py:641} INFO - metrics.sample.window.ms = 30000
[2025-02-17T19:55:07.133+0000] {spark_submit.py:641} INFO - receive.buffer.bytes = 65536
[2025-02-17T19:55:07.133+0000] {spark_submit.py:641} INFO - reconnect.backoff.max.ms = 1000
[2025-02-17T19:55:07.134+0000] {spark_submit.py:641} INFO - reconnect.backoff.ms = 50
[2025-02-17T19:55:07.134+0000] {spark_submit.py:641} INFO - request.timeout.ms = 30000
[2025-02-17T19:55:07.135+0000] {spark_submit.py:641} INFO - retries = 2147483647
[2025-02-17T19:55:07.135+0000] {spark_submit.py:641} INFO - retry.backoff.ms = 100
[2025-02-17T19:55:07.136+0000] {spark_submit.py:641} INFO - sasl.client.callback.handler.class = null
[2025-02-17T19:55:07.137+0000] {spark_submit.py:641} INFO - sasl.jaas.config = null
[2025-02-17T19:55:07.137+0000] {spark_submit.py:641} INFO - sasl.kerberos.kinit.cmd = /usr/bin/kinit
[2025-02-17T19:55:07.138+0000] {spark_submit.py:641} INFO - sasl.kerberos.min.time.before.relogin = 60000
[2025-02-17T19:55:07.138+0000] {spark_submit.py:641} INFO - sasl.kerberos.service.name = null
[2025-02-17T19:55:07.138+0000] {spark_submit.py:641} INFO - sasl.kerberos.ticket.renew.jitter = 0.05
[2025-02-17T19:55:07.139+0000] {spark_submit.py:641} INFO - sasl.kerberos.ticket.renew.window.factor = 0.8
[2025-02-17T19:55:07.140+0000] {spark_submit.py:641} INFO - sasl.login.callback.handler.class = null
[2025-02-17T19:55:07.140+0000] {spark_submit.py:641} INFO - sasl.login.class = null
[2025-02-17T19:55:07.141+0000] {spark_submit.py:641} INFO - sasl.login.connect.timeout.ms = null
[2025-02-17T19:55:07.142+0000] {spark_submit.py:641} INFO - sasl.login.read.timeout.ms = null
[2025-02-17T19:55:07.142+0000] {spark_submit.py:641} INFO - sasl.login.refresh.buffer.seconds = 300
[2025-02-17T19:55:07.143+0000] {spark_submit.py:641} INFO - sasl.login.refresh.min.period.seconds = 60
[2025-02-17T19:55:07.143+0000] {spark_submit.py:641} INFO - sasl.login.refresh.window.factor = 0.8
[2025-02-17T19:55:07.144+0000] {spark_submit.py:641} INFO - sasl.login.refresh.window.jitter = 0.05
[2025-02-17T19:55:07.144+0000] {spark_submit.py:641} INFO - sasl.login.retry.backoff.max.ms = 10000
[2025-02-17T19:55:07.145+0000] {spark_submit.py:641} INFO - sasl.login.retry.backoff.ms = 100
[2025-02-17T19:55:07.145+0000] {spark_submit.py:641} INFO - sasl.mechanism = GSSAPI
[2025-02-17T19:55:07.146+0000] {spark_submit.py:641} INFO - sasl.oauthbearer.clock.skew.seconds = 30
[2025-02-17T19:55:07.146+0000] {spark_submit.py:641} INFO - sasl.oauthbearer.expected.audience = null
[2025-02-17T19:55:07.147+0000] {spark_submit.py:641} INFO - sasl.oauthbearer.expected.issuer = null
[2025-02-17T19:55:07.148+0000] {spark_submit.py:641} INFO - sasl.oauthbearer.jwks.endpoint.refresh.ms = 3600000
[2025-02-17T19:55:07.148+0000] {spark_submit.py:641} INFO - sasl.oauthbearer.jwks.endpoint.retry.backoff.max.ms = 10000
[2025-02-17T19:55:07.149+0000] {spark_submit.py:641} INFO - sasl.oauthbearer.jwks.endpoint.retry.backoff.ms = 100
[2025-02-17T19:55:07.151+0000] {spark_submit.py:641} INFO - sasl.oauthbearer.jwks.endpoint.url = null
[2025-02-17T19:55:07.152+0000] {spark_submit.py:641} INFO - sasl.oauthbearer.scope.claim.name = scope
[2025-02-17T19:55:07.152+0000] {spark_submit.py:641} INFO - sasl.oauthbearer.sub.claim.name = sub
[2025-02-17T19:55:07.153+0000] {spark_submit.py:641} INFO - sasl.oauthbearer.token.endpoint.url = null
[2025-02-17T19:55:07.154+0000] {spark_submit.py:641} INFO - security.protocol = PLAINTEXT
[2025-02-17T19:55:07.154+0000] {spark_submit.py:641} INFO - security.providers = null
[2025-02-17T19:55:07.155+0000] {spark_submit.py:641} INFO - send.buffer.bytes = 131072
[2025-02-17T19:55:07.155+0000] {spark_submit.py:641} INFO - socket.connection.setup.timeout.max.ms = 30000
[2025-02-17T19:55:07.156+0000] {spark_submit.py:641} INFO - socket.connection.setup.timeout.ms = 10000
[2025-02-17T19:55:07.157+0000] {spark_submit.py:641} INFO - ssl.cipher.suites = null
[2025-02-17T19:55:07.157+0000] {spark_submit.py:641} INFO - ssl.enabled.protocols = [TLSv1.2, TLSv1.3]
[2025-02-17T19:55:07.158+0000] {spark_submit.py:641} INFO - ssl.endpoint.identification.algorithm = https
[2025-02-17T19:55:07.158+0000] {spark_submit.py:641} INFO - ssl.engine.factory.class = null
[2025-02-17T19:55:07.159+0000] {spark_submit.py:641} INFO - ssl.key.password = null
[2025-02-17T19:55:07.159+0000] {spark_submit.py:641} INFO - ssl.keymanager.algorithm = SunX509
[2025-02-17T19:55:07.160+0000] {spark_submit.py:641} INFO - ssl.keystore.certificate.chain = null
[2025-02-17T19:55:07.160+0000] {spark_submit.py:641} INFO - ssl.keystore.key = null
[2025-02-17T19:55:07.161+0000] {spark_submit.py:641} INFO - ssl.keystore.location = null
[2025-02-17T19:55:07.161+0000] {spark_submit.py:641} INFO - ssl.keystore.password = null
[2025-02-17T19:55:07.162+0000] {spark_submit.py:641} INFO - ssl.keystore.type = JKS
[2025-02-17T19:55:07.163+0000] {spark_submit.py:641} INFO - ssl.protocol = TLSv1.3
[2025-02-17T19:55:07.163+0000] {spark_submit.py:641} INFO - ssl.provider = null
[2025-02-17T19:55:07.164+0000] {spark_submit.py:641} INFO - ssl.secure.random.implementation = null
[2025-02-17T19:55:07.166+0000] {spark_submit.py:641} INFO - ssl.trustmanager.algorithm = PKIX
[2025-02-17T19:55:07.166+0000] {spark_submit.py:641} INFO - ssl.truststore.certificates = null
[2025-02-17T19:55:07.167+0000] {spark_submit.py:641} INFO - ssl.truststore.location = null
[2025-02-17T19:55:07.168+0000] {spark_submit.py:641} INFO - ssl.truststore.password = null
[2025-02-17T19:55:07.168+0000] {spark_submit.py:641} INFO - ssl.truststore.type = JKS
[2025-02-17T19:55:07.169+0000] {spark_submit.py:641} INFO - 
[2025-02-17T19:55:07.263+0000] {spark_submit.py:641} INFO - 25/02/17 19:55:07 WARN AdminClientConfig: These configurations '[key.deserializer, value.deserializer, enable.auto.commit, max.poll.records, auto.offset.reset]' were supplied but are not used yet.
[2025-02-17T19:55:07.264+0000] {spark_submit.py:641} INFO - 25/02/17 19:55:07 INFO AppInfoParser: Kafka version: 3.4.1
[2025-02-17T19:55:07.265+0000] {spark_submit.py:641} INFO - 25/02/17 19:55:07 INFO AppInfoParser: Kafka commitId: 8a516edc2755df89
[2025-02-17T19:55:07.265+0000] {spark_submit.py:641} INFO - 25/02/17 19:55:07 INFO AppInfoParser: Kafka startTimeMs: 1739822107263
[2025-02-17T19:55:12.731+0000] {spark_submit.py:641} INFO - 25/02/17 19:55:12 INFO NetworkClient: [AdminClient clientId=adminclient-1] Node -1 disconnected.
[2025-02-17T19:55:12.734+0000] {spark_submit.py:641} INFO - 25/02/17 19:55:12 INFO NetworkClient: [AdminClient clientId=adminclient-1] Cancelled in-flight API_VERSIONS request with correlation id 0 due to node -1 being disconnected (elapsed time since creation: 5309ms, elapsed time since send: 5309ms, request timeout: 3600000ms)
[2025-02-17T19:55:18.151+0000] {spark_submit.py:641} INFO - 25/02/17 19:55:18 INFO NetworkClient: [AdminClient clientId=adminclient-1] Node -1 disconnected.
[2025-02-17T19:55:18.152+0000] {spark_submit.py:641} INFO - 25/02/17 19:55:18 INFO NetworkClient: [AdminClient clientId=adminclient-1] Cancelled in-flight API_VERSIONS request with correlation id 1 due to node -1 being disconnected (elapsed time since creation: 5159ms, elapsed time since send: 5159ms, request timeout: 3600000ms)
[2025-02-17T19:55:23.662+0000] {spark_submit.py:641} INFO - 25/02/17 19:55:23 INFO NetworkClient: [AdminClient clientId=adminclient-1] Node -1 disconnected.
[2025-02-17T19:55:23.663+0000] {spark_submit.py:641} INFO - 25/02/17 19:55:23 INFO NetworkClient: [AdminClient clientId=adminclient-1] Cancelled in-flight API_VERSIONS request with correlation id 2 due to node -1 being disconnected (elapsed time since creation: 5155ms, elapsed time since send: 5155ms, request timeout: 3600000ms)
[2025-02-17T19:55:29.193+0000] {spark_submit.py:641} INFO - 25/02/17 19:55:29 INFO NetworkClient: [AdminClient clientId=adminclient-1] Node -1 disconnected.
[2025-02-17T19:55:29.193+0000] {spark_submit.py:641} INFO - 25/02/17 19:55:29 INFO NetworkClient: [AdminClient clientId=adminclient-1] Cancelled in-flight API_VERSIONS request with correlation id 3 due to node -1 being disconnected (elapsed time since creation: 5165ms, elapsed time since send: 5165ms, request timeout: 3600000ms)
[2025-02-17T19:55:34.910+0000] {spark_submit.py:641} INFO - 25/02/17 19:55:34 INFO NetworkClient: [AdminClient clientId=adminclient-1] Node -1 disconnected.
[2025-02-17T19:55:34.912+0000] {spark_submit.py:641} INFO - 25/02/17 19:55:34 INFO NetworkClient: [AdminClient clientId=adminclient-1] Cancelled in-flight API_VERSIONS request with correlation id 4 due to node -1 being disconnected (elapsed time since creation: 5156ms, elapsed time since send: 5156ms, request timeout: 3600000ms)
[2025-02-17T19:55:37.268+0000] {spark_submit.py:641} INFO - 25/02/17 19:55:37 INFO AdminMetadataManager: [AdminClient clientId=adminclient-1] Metadata update failed
[2025-02-17T19:55:37.268+0000] {spark_submit.py:641} INFO - org.apache.kafka.common.errors.TimeoutException: Timed out waiting to send the call. Call: fetchMetadata
[2025-02-17T19:55:40.925+0000] {spark_submit.py:641} INFO - 25/02/17 19:55:40 INFO NetworkClient: [AdminClient clientId=adminclient-1] Node -1 disconnected.
[2025-02-17T19:55:40.926+0000] {spark_submit.py:641} INFO - 25/02/17 19:55:40 INFO NetworkClient: [AdminClient clientId=adminclient-1] Cancelled in-flight API_VERSIONS request with correlation id 5 due to node -1 being disconnected (elapsed time since creation: 5157ms, elapsed time since send: 5157ms, request timeout: 3600000ms)
[2025-02-17T19:55:47.514+0000] {spark_submit.py:641} INFO - 25/02/17 19:55:47 INFO NetworkClient: [AdminClient clientId=adminclient-1] Node -1 disconnected.
[2025-02-17T19:55:47.515+0000] {spark_submit.py:641} INFO - 25/02/17 19:55:47 INFO NetworkClient: [AdminClient clientId=adminclient-1] Cancelled in-flight API_VERSIONS request with correlation id 6 due to node -1 being disconnected (elapsed time since creation: 5160ms, elapsed time since send: 5160ms, request timeout: 3600000ms)
[2025-02-17T19:55:53.725+0000] {spark_submit.py:641} INFO - 25/02/17 19:55:53 INFO NetworkClient: [AdminClient clientId=adminclient-1] Node -1 disconnected.
[2025-02-17T19:55:53.726+0000] {spark_submit.py:641} INFO - 25/02/17 19:55:53 INFO NetworkClient: [AdminClient clientId=adminclient-1] Cancelled in-flight API_VERSIONS request with correlation id 7 due to node -1 being disconnected (elapsed time since creation: 5155ms, elapsed time since send: 5155ms, request timeout: 3600000ms)
[2025-02-17T19:56:00.145+0000] {spark_submit.py:641} INFO - 25/02/17 19:56:00 INFO NetworkClient: [AdminClient clientId=adminclient-1] Node -1 disconnected.
[2025-02-17T19:56:00.146+0000] {spark_submit.py:641} INFO - 25/02/17 19:56:00 INFO NetworkClient: [AdminClient clientId=adminclient-1] Cancelled in-flight API_VERSIONS request with correlation id 8 due to node -1 being disconnected (elapsed time since creation: 5160ms, elapsed time since send: 5160ms, request timeout: 3600000ms)
[2025-02-17T19:56:00.834+0000] {local_task_job_runner.py:346} WARNING - State of this instance has been externally set to failed. Terminating instance.
[2025-02-17T19:56:00.835+0000] {local_task_job_runner.py:245} INFO - ::endgroup::
[2025-02-17T19:56:00.836+0000] {process_utils.py:132} INFO - Sending 15 to group 1502. PIDs of all processes in the group: [1504, 1622, 1502]
[2025-02-17T19:56:00.837+0000] {process_utils.py:87} INFO - Sending the signal 15 to group 1502
[2025-02-17T19:56:00.837+0000] {taskinstance.py:3093} ERROR - Received SIGTERM. Terminating subprocesses.
[2025-02-17T19:56:00.838+0000] {spark_submit.py:767} INFO - Sending kill signal to spark-submit
[2025-02-17T19:56:00.853+0000] {taskinstance.py:340} INFO - ::group::Post task execution logs
[2025-02-17T19:56:00.864+0000] {process_utils.py:80} INFO - Process psutil.Process(pid=1502, status='terminated', exitcode=0, started='19:54:39') (1502) terminated with exit code 0
[2025-02-17T19:56:00.865+0000] {process_utils.py:80} INFO - Process psutil.Process(pid=1504, status='terminated', started='19:54:39') (1504) terminated with exit code None
[2025-02-17T19:56:00.865+0000] {process_utils.py:80} INFO - Process psutil.Process(pid=1622, status='terminated', started='19:55:01') (1622) terminated with exit code None
