[2025-02-17T19:54:05.347+0000] {local_task_job_runner.py:123} INFO - ::group::Pre task execution logs
[2025-02-17T19:54:05.361+0000] {taskinstance.py:2613} INFO - Dependencies all met for dep_context=non-requeueable deps ti=<TaskInstance: kafka_streaming_process_pipeline.start_user_activity_kafka_producers manual__2025-02-17T19:54:04.899536+00:00 [queued]>
[2025-02-17T19:54:05.372+0000] {taskinstance.py:2613} INFO - Dependencies all met for dep_context=requeueable deps ti=<TaskInstance: kafka_streaming_process_pipeline.start_user_activity_kafka_producers manual__2025-02-17T19:54:04.899536+00:00 [queued]>
[2025-02-17T19:54:05.375+0000] {taskinstance.py:2866} INFO - Starting attempt 1 of 1
[2025-02-17T19:54:05.389+0000] {taskinstance.py:2889} INFO - Executing <Task(BashOperator): start_user_activity_kafka_producers> on 2025-02-17 19:54:04.899536+00:00
[2025-02-17T19:54:05.395+0000] {standard_task_runner.py:104} INFO - Running: ['***', 'tasks', 'run', 'kafka_streaming_process_pipeline', 'start_user_activity_kafka_producers', 'manual__2025-02-17T19:54:04.899536+00:00', '--job-id', '72', '--raw', '--subdir', 'DAGS_FOLDER/kafka_streaming_process.py', '--cfg-path', '/tmp/tmpijfwq06t']
[2025-02-17T19:54:05.397+0000] {standard_task_runner.py:105} INFO - Job 72: Subtask start_user_activity_kafka_producers
[2025-02-17T19:54:05.397+0000] {logging_mixin.py:190} WARNING - /home/***/.local/lib/python3.12/site-packages/***/task/task_runner/standard_task_runner.py:70 DeprecationWarning: This process (pid=1317) is multi-threaded, use of fork() may lead to deadlocks in the child.
[2025-02-17T19:54:05.398+0000] {standard_task_runner.py:72} INFO - Started process 1318 to run task
[2025-02-17T19:54:05.430+0000] {task_command.py:467} INFO - Running <TaskInstance: kafka_streaming_process_pipeline.start_user_activity_kafka_producers manual__2025-02-17T19:54:04.899536+00:00 [running]> on host c20563c2c1e7
[2025-02-17T19:54:05.504+0000] {taskinstance.py:3132} INFO - Exporting env vars: AIRFLOW_CTX_DAG_OWNER='***' AIRFLOW_CTX_DAG_ID='kafka_streaming_process_pipeline' AIRFLOW_CTX_TASK_ID='start_user_activity_kafka_producers' AIRFLOW_CTX_EXECUTION_DATE='2025-02-17T19:54:04.899536+00:00' AIRFLOW_CTX_TRY_NUMBER='1' AIRFLOW_CTX_DAG_RUN_ID='manual__2025-02-17T19:54:04.899536+00:00'
[2025-02-17T19:54:05.505+0000] {taskinstance.py:731} INFO - ::endgroup::
[2025-02-17T19:54:05.519+0000] {subprocess.py:78} INFO - Tmp dir root location: /tmp
[2025-02-17T19:54:05.520+0000] {subprocess.py:88} INFO - Running command: ['/usr/bin/bash', '-c', 'python3 /usr/local/app/kafka/UserActivitySimulator.py']
[2025-02-17T19:54:05.527+0000] {subprocess.py:99} INFO - Output:
[2025-02-17T19:54:06.392+0000] {subprocess.py:106} INFO - /home/***/.local/lib/python3.12/site-packages/pyspark/bin/load-spark-env.sh: line 68: ps: command not found
[2025-02-17T19:54:07.608+0000] {subprocess.py:106} INFO - Setting default log level to "WARN".
[2025-02-17T19:54:07.609+0000] {subprocess.py:106} INFO - To adjust logging level use sc.setLogLevel(newLevel). For SparkR, use setLogLevel(newLevel).
[2025-02-17T19:54:07.778+0000] {subprocess.py:106} INFO - 25/02/17 19:54:07 WARN NativeCodeLoader: Unable to load native-hadoop library for your platform... using builtin-java classes where applicable
[2025-02-17T19:54:10.026+0000] {subprocess.py:106} INFO - %6|1739822050.026|GETSUBSCRIPTIONS|ccloud-python-client-d5d51593-8a8e-4679-b89e-7349479019ff#producer-1| [thrd:main]: Telemetry client instance id changed from AAAAAAAAAAAAAAAAAAAAAA to rxq37OdpRbWfglrB09DWlQ
[2025-02-17T19:54:10.808+0000] {subprocess.py:106} INFO - ERROR:root:Sent Avro message to topic sign_out_topic: b'\x00\x00\x01\x86\xa442025-02-17T19:54:08.702275\x10sign_out\x0c159370'
[2025-02-17T19:54:11.883+0000] {subprocess.py:106} INFO - ERROR:root:Sent Avro message to topic sign_out_topic: b'\x00\x00\x01\x86\xa442025-02-17T19:54:10.908906\x10sign_out\x0c159370'
[2025-02-17T19:54:12.941+0000] {subprocess.py:106} INFO - ERROR:root:Sent Avro message to topic sign_out_topic: b'\x00\x00\x01\x86\xa442025-02-17T19:54:11.983519\x10sign_out\x0c159370'
[2025-02-17T19:54:13.998+0000] {subprocess.py:106} INFO - ERROR:root:Sent Avro message to topic consumer_registration_topic: b'\x00\x00\x01\x86\xa242025-02-17T19:54:13.041926*consumer_registration\x0c248551|,user248551@outlook.com\x06eng'
[2025-02-17T19:54:16.003+0000] {subprocess.py:106} INFO - ERROR:root:Sent Avro message to topic sign_in_topic: b'\x00\x00\x01\x86\xa342025-02-17T19:54:14.098538\x0esign_in\x0c159370'
[2025-02-17T19:54:17.074+0000] {subprocess.py:106} INFO - ERROR:root:Sent Avro message to topic sign_out_topic: b'\x00\x00\x01\x86\xa442025-02-17T19:54:16.103746\x10sign_out\x0c248551'
[2025-02-17T19:54:18.134+0000] {subprocess.py:106} INFO - ERROR:root:Sent Avro message to topic sign_out_topic: b'\x00\x00\x01\x86\xa442025-02-17T19:54:17.174951\x10sign_out\x0c248551'
[2025-02-17T19:54:19.222+0000] {subprocess.py:106} INFO - ERROR:root:Sent Avro message to topic sign_in_topic: b'\x00\x00\x01\x86\xa342025-02-17T19:54:18.235057\x0esign_in\x0c159370'
[2025-02-17T19:54:20.279+0000] {subprocess.py:106} INFO - ERROR:root:Sent Avro message to topic checkout_to_cart_topic: b'\x00\x00\x01\x86\xa742025-02-17T19:54:19.322610 checkout_to_cart\x0c159370H4e9e2b7a-946c-4287-914e-cc969964e86d\x08Cash'
[2025-02-17T19:54:21.342+0000] {subprocess.py:106} INFO - ERROR:root:Sent Avro message to topic sign_out_topic: b'\x00\x00\x01\x86\xa442025-02-17T19:54:20.379180\x10sign_out\x0c248551'
[2025-02-17T19:54:22.409+0000] {subprocess.py:106} INFO - ERROR:root:Sent Avro message to topic checkout_to_cart_topic: b'\x00\x00\x01\x86\xa742025-02-17T19:54:21.442767 checkout_to_cart\x0c248551H2d36111e-2213-4834-8028-502f3d95280b\x08Cash'
[2025-02-17T19:54:23.456+0000] {subprocess.py:106} INFO - ERROR:root:Sent Avro message to topic sign_in_topic: b'\x00\x00\x01\x86\xa342025-02-17T19:54:22.509475\x0esign_in\x0c159370'
[2025-02-17T19:54:24.521+0000] {subprocess.py:106} INFO - ERROR:root:Sent Avro message to topic consumer_registration_topic: b'\x00\x00\x01\x86\xa242025-02-17T19:54:23.556376*consumer_registration\x0c476394V(user476394@yahoo.com\x06geo'
[2025-02-17T19:54:25.737+0000] {subprocess.py:106} INFO - ERROR:root:Sent Avro message to topic checkout_to_cart_topic: b'\x00\x00\x01\x86\xa742025-02-17T19:54:24.621807 checkout_to_cart\x0c159370H35113486-5bb3-4f02-9ddd-4f4ef26680a8\x08Cash'
[2025-02-17T19:54:26.802+0000] {subprocess.py:106} INFO - ERROR:root:Sent Avro message to topic checkout_to_cart_topic: b'\x00\x00\x01\x86\xa742025-02-17T19:54:25.837366 checkout_to_cart\x0c159370Heb905b14-bc40-41c1-a3c4-72433e6ef3c9\x08Cash'
[2025-02-17T19:54:27.874+0000] {subprocess.py:106} INFO - ERROR:root:Sent Avro message to topic consumer_registration_topic: b'\x00\x00\x01\x86\xa242025-02-17T19:54:26.902945*consumer_registration\x0c118965&,user118965@outlook.com\x00'
[2025-02-17T19:54:28.933+0000] {subprocess.py:106} INFO - ERROR:root:Sent Avro message to topic sign_in_topic: b'\x00\x00\x01\x86\xa342025-02-17T19:54:27.974689\x0esign_in\x0c248551'
[2025-02-17T19:54:30.006+0000] {subprocess.py:106} INFO - ERROR:root:Sent Avro message to topic checkout_to_cart_topic: b'\x00\x00\x01\x86\xa742025-02-17T19:54:29.033840 checkout_to_cart\x0c248551H0b809a02-b79d-4017-8152-622ea4c28a62\x08Cash'
[2025-02-17T19:54:31.093+0000] {subprocess.py:106} INFO - ERROR:root:Sent Avro message to topic checkout_to_cart_topic: b'\x00\x00\x01\x86\xa742025-02-17T19:54:30.106143 checkout_to_cart\x0c476394H3b2a6759-878e-4522-b9db-0b63dfa89a4e\x08Card'
[2025-02-17T19:54:32.163+0000] {subprocess.py:106} INFO - ERROR:root:Sent Avro message to topic consumer_registration_topic: b'\x00\x00\x01\x86\xa242025-02-17T19:54:31.193465*consumer_registration\x0c4930518(user493051@gmail.com\x06eng'
[2025-02-17T19:54:33.204+0000] {subprocess.py:106} INFO - ERROR:root:Sent Avro message to topic consumer_registration_topic: b'\x00\x00\x01\x86\xa242025-02-17T19:54:32.263639*consumer_registration\x0c303265.(user303265@gmail.com\x06eng'
[2025-02-17T19:54:34.273+0000] {subprocess.py:106} INFO - ERROR:root:Sent Avro message to topic sign_in_topic: b'\x00\x00\x01\x86\xa342025-02-17T19:54:33.304988\x0esign_in\x0c476394'
[2025-02-17T19:54:35.353+0000] {subprocess.py:106} INFO - ERROR:root:Sent Avro message to topic consumer_registration_topic: b'\x00\x00\x01\x86\xa242025-02-17T19:54:34.374038*consumer_registration\x0c903688\x94\x01(user903688@yahoo.com\x06eng'
[2025-02-17T19:54:36.414+0000] {subprocess.py:106} INFO - ERROR:root:Sent Avro message to topic checkout_to_cart_topic: b'\x00\x00\x01\x86\xa742025-02-17T19:54:35.453347 checkout_to_cart\x0c248551Hc7aae12c-0f0e-4dc3-a090-6165f89db95d\x08Card'
[2025-02-17T19:54:37.483+0000] {subprocess.py:106} INFO - ERROR:root:Sent Avro message to topic consumer_registration_topic: b'\x00\x00\x01\x86\xa242025-02-17T19:54:36.514541*consumer_registration\x0c215541\xa4\x01(user215541@gmail.com\x00'
[2025-02-17T19:54:38.721+0000] {subprocess.py:106} INFO - ERROR:root:Sent Avro message to topic checkout_to_cart_topic: b'\x00\x00\x01\x86\xa742025-02-17T19:54:37.584047 checkout_to_cart\x0c248551H5241873c-948f-4f74-b69b-ea2761ea0ca6\x08Card'
[2025-02-17T19:54:39.800+0000] {subprocess.py:106} INFO - ERROR:root:Sent Avro message to topic checkout_to_cart_topic: b'\x00\x00\x01\x86\xa742025-02-17T19:54:38.821617 checkout_to_cart\x0c493051H9258ba7f-b9cd-4916-93ef-31cde08f4339\x08Card'
[2025-02-17T19:54:40.871+0000] {subprocess.py:106} INFO - ERROR:root:Sent Avro message to topic checkout_to_cart_topic: b'\x00\x00\x01\x86\xa742025-02-17T19:54:39.900964 checkout_to_cart\x0c903688Hdc2df3fa-b931-42f6-98c9-5d9ee8ef6ff3\x08Cash'
[2025-02-17T19:54:41.951+0000] {subprocess.py:106} INFO - ERROR:root:Sent Avro message to topic sign_in_topic: b'\x00\x00\x01\x86\xa342025-02-17T19:54:40.971242\x0esign_in\x0c303265'
[2025-02-17T19:54:43.013+0000] {subprocess.py:106} INFO - ERROR:root:Sent Avro message to topic checkout_to_cart_topic: b'\x00\x00\x01\x86\xa742025-02-17T19:54:42.051439 checkout_to_cart\x0c118965H34d47c1d-ec55-4136-a595-d5fbcbe0400d\x08Card'
[2025-02-17T19:54:44.129+0000] {subprocess.py:106} INFO - ERROR:root:Sent Avro message to topic sign_in_topic: b'\x00\x00\x01\x86\xa342025-02-17T19:54:43.114080\x0esign_in\x0c248551'
[2025-02-17T19:54:45.201+0000] {subprocess.py:106} INFO - ERROR:root:Sent Avro message to topic sign_in_topic: b'\x00\x00\x01\x86\xa342025-02-17T19:54:44.229730\x0esign_in\x0c493051'
[2025-02-17T19:54:46.253+0000] {subprocess.py:106} INFO - ERROR:root:Sent Avro message to topic sign_out_topic: b'\x00\x00\x01\x86\xa442025-02-17T19:54:45.301686\x10sign_out\x0c215541'
[2025-02-17T19:54:47.329+0000] {subprocess.py:106} INFO - ERROR:root:Sent Avro message to topic consumer_registration_topic: b'\x00\x00\x01\x86\xa242025-02-17T19:54:46.353722*consumer_registration\x0c330809\x9a\x01(user330809@gmail.com\x06geo'
[2025-02-17T19:54:48.403+0000] {subprocess.py:106} INFO - ERROR:root:Sent Avro message to topic sign_in_topic: b'\x00\x00\x01\x86\xa342025-02-17T19:54:47.429893\x0esign_in\x0c159370'
[2025-02-17T19:54:49.469+0000] {subprocess.py:106} INFO - ERROR:root:Sent Avro message to topic sign_in_topic: b'\x00\x00\x01\x86\xa342025-02-17T19:54:48.503558\x0esign_in\x0c159370'
[2025-02-17T19:54:50.536+0000] {subprocess.py:106} INFO - ERROR:root:Sent Avro message to topic sign_out_topic: b'\x00\x00\x01\x86\xa442025-02-17T19:54:49.570029\x10sign_out\x0c330809'
[2025-02-17T19:54:52.581+0000] {subprocess.py:106} INFO - ERROR:root:Sent Avro message to topic checkout_to_cart_topic: b'\x00\x00\x01\x86\xa742025-02-17T19:54:50.636732 checkout_to_cart\x0c303265H72230f1b-b6c1-4dac-a128-b67563bf6865\x08Card'
[2025-02-17T19:54:53.646+0000] {subprocess.py:106} INFO - ERROR:root:Sent Avro message to topic checkout_to_cart_topic: b'\x00\x00\x01\x86\xa742025-02-17T19:54:52.681732 checkout_to_cart\x0c215541Hdcabe218-3c01-40b5-a259-1ba5c2a652e7\x08Cash'
[2025-02-17T19:54:55.020+0000] {subprocess.py:106} INFO - ERROR:root:Sent Avro message to topic sign_out_topic: b'\x00\x00\x01\x86\xa442025-02-17T19:54:53.746766\x10sign_out\x0c493051'
[2025-02-17T19:54:56.332+0000] {subprocess.py:106} INFO - ERROR:root:Sent Avro message to topic sign_out_topic: b'\x00\x00\x01\x86\xa442025-02-17T19:54:55.120836\x10sign_out\x0c215541'
[2025-02-17T19:54:57.667+0000] {subprocess.py:106} INFO - ERROR:root:Sent Avro message to topic checkout_to_cart_topic: b'\x00\x00\x01\x86\xa742025-02-17T19:54:56.433006 checkout_to_cart\x0c330809H61c96f48-d7d2-456d-9584-4b8fd183b142\x08Cash'
[2025-02-17T19:54:58.806+0000] {subprocess.py:106} INFO - ERROR:root:Sent Avro message to topic sign_in_topic: b'\x00\x00\x01\x86\xa342025-02-17T19:54:57.767909\x0esign_in\x0c476394'
[2025-02-17T19:55:00.034+0000] {subprocess.py:106} INFO - ERROR:root:Sent Avro message to topic consumer_registration_topic: b'\x00\x00\x01\x86\xa242025-02-17T19:54:58.906283*consumer_registration\x0c692879`(user692879@yahoo.com\x06eng'
[2025-02-17T19:55:01.413+0000] {subprocess.py:106} INFO - ERROR:root:Sent Avro message to topic consumer_registration_topic: b'\x00\x00\x01\x86\xa242025-02-17T19:55:00.134310*consumer_registration\n41315b*user41315@outlook.com\x06geo'
[2025-02-17T19:55:02.675+0000] {subprocess.py:106} INFO - ERROR:root:Sent Avro message to topic sign_in_topic: b'\x00\x00\x01\x86\xa342025-02-17T19:55:01.513136\x0esign_in\x0c330809'
[2025-02-17T19:55:03.736+0000] {subprocess.py:106} INFO - ERROR:root:Sent Avro message to topic consumer_registration_topic: b'\x00\x00\x01\x86\xa242025-02-17T19:55:02.775154*consumer_registration\x0c589443.(user589443@gmail.com\x06geo'
[2025-02-17T19:55:04.795+0000] {subprocess.py:106} INFO - ERROR:root:Sent Avro message to topic sign_out_topic: b'\x00\x00\x01\x86\xa442025-02-17T19:55:03.837001\x10sign_out\x0c248551'
[2025-02-17T19:55:05.866+0000] {subprocess.py:106} INFO - ERROR:root:Sent Avro message to topic sign_out_topic: b'\x00\x00\x01\x86\xa442025-02-17T19:55:04.895172\x10sign_out\x0c476394'
[2025-02-17T19:55:05.919+0000] {local_task_job_runner.py:346} WARNING - State of this instance has been externally set to success. Terminating instance.
[2025-02-17T19:55:05.920+0000] {local_task_job_runner.py:245} INFO - ::endgroup::
[2025-02-17T19:55:05.921+0000] {process_utils.py:132} INFO - Sending 15 to group 1318. PIDs of all processes in the group: [1320, 1336, 1318]
[2025-02-17T19:55:05.922+0000] {process_utils.py:87} INFO - Sending the signal 15 to group 1318
[2025-02-17T19:55:05.923+0000] {taskinstance.py:3093} ERROR - Received SIGTERM. Terminating subprocesses.
[2025-02-17T19:55:05.923+0000] {subprocess.py:117} INFO - Sending SIGTERM signal to process group
[2025-02-17T19:55:05.944+0000] {taskinstance.py:340} INFO - ::group::Post task execution logs
[2025-02-17T19:55:05.975+0000] {process_utils.py:80} INFO - Process psutil.Process(pid=1320, status='terminated', started='19:54:04') (1320) terminated with exit code None
[2025-02-17T19:55:06.349+0000] {process_utils.py:80} INFO - Process psutil.Process(pid=1336, status='terminated', started='19:54:05') (1336) terminated with exit code None
[2025-02-17T19:55:06.350+0000] {process_utils.py:80} INFO - Process psutil.Process(pid=1318, status='terminated', exitcode=0, started='19:54:04') (1318) terminated with exit code 0
